=======================================
Kernel: igemm_kernel_8x4_zvl128b_lmul1_unroll8
Cluster: 0 (Cores 0-3) AI Cluster with 2.0 TOPS
Shape: Square (4096 x 4096 x 4096)
=======================================
Run 1
M=4096 N=4096 K=4096
Time: 15.768866 sec
GOPS: 8.7158
Run 2
M=4096 N=4096 K=4096
Time: 16.085794 sec
GOPS: 8.5441
Run 3
M=4096 N=4096 K=4096
Time: 15.745078 sec
GOPS: 8.7290
Run 4
M=4096 N=4096 K=4096
Time: 15.846236 sec
GOPS: 8.6733
Run 5
M=4096 N=4096 K=4096
Time: 15.846106 sec
GOPS: 8.6734
Run 6
M=4096 N=4096 K=4096
Time: 16.066939 sec
GOPS: 8.5541
