=======================================
Kernel: igemm_kernel_8x4_zvl128b_lmul1_unroll2
Cluster: 0 (Cores 0-3) AI Cluster with 2.0 TOPS
Shape: Square (4096 x 4096 x 4096)
=======================================
Run 1
M=4096 N=4096 K=4096
Time: 15.692649 sec
GOPS: 8.7582
Run 2
M=4096 N=4096 K=4096
Time: 15.690897 sec
GOPS: 8.7592
Run 3
M=4096 N=4096 K=4096
Time: 15.696785 sec
GOPS: 8.7559
Run 4
M=4096 N=4096 K=4096
Time: 15.373830 sec
GOPS: 8.9398
Run 5
M=4096 N=4096 K=4096
Time: 15.692784 sec
GOPS: 8.7581
Run 6
M=4096 N=4096 K=4096
Time: 15.366544 sec
GOPS: 8.9440
