=======================================
Kernel: igemm_kernel_8x4_zvl128b_lmul4_unroll2
Cluster: 0 (Cores 0-3) AI Cluster with 2.0 TOPS
Shape: Square (4096 x 4096 x 4096)
=======================================
Run 1
M=4096 N=4096 K=4096
Time: 39.265768 sec
GOPS: 3.5002
Run 2
M=4096 N=4096 K=4096
Time: 39.239839 sec
GOPS: 3.5025
Run 3
M=4096 N=4096 K=4096
Time: 39.663788 sec
GOPS: 3.4651
Run 4
M=4096 N=4096 K=4096
Time: 39.242635 sec
GOPS: 3.5023
Run 5
M=4096 N=4096 K=4096
Time: 39.257909 sec
GOPS: 3.5009
Run 6
M=4096 N=4096 K=4096
Time: 39.652111 sec
GOPS: 3.4661
