=======================================
Kernel: igemm_kernel_8x4_zvl128b_lmul2_unroll8
Cluster: 0 (Cores 0-3) AI Cluster with 2.0 TOPS
Shape: Square (4096 x 4096 x 4096)
=======================================
Run 1
M=4096 N=4096 K=4096
Time: 23.867033 sec
GOPS: 5.7585
Run 2
M=4096 N=4096 K=4096
Time: 23.769188 sec
GOPS: 5.7822
Run 3
M=4096 N=4096 K=4096
Time: 23.731502 sec
GOPS: 5.7914
Run 4
M=4096 N=4096 K=4096
Time: 23.768524 sec
GOPS: 5.7824
Run 5
M=4096 N=4096 K=4096
Time: 23.777029 sec
GOPS: 5.7803
Run 6
M=4096 N=4096 K=4096
Time: 23.375791 sec
GOPS: 5.8795
