=======================================
Kernel: igemm_kernel_8x4_zvl128b_lmul8_unroll2
Cluster: 0 (Cores 0-3) AI Cluster with 2.0 TOPS
Shape: Square (4096 x 4096 x 4096)
=======================================
Run 1
M=4096 N=4096 K=4096
Time: 235.430250 sec
GOPS: 0.5838
Run 2
M=4096 N=4096 K=4096
Time: 233.805319 sec
GOPS: 0.5878
Run 3
M=4096 N=4096 K=4096
Time: 234.251153 sec
GOPS: 0.5867
Run 4
M=4096 N=4096 K=4096
Time: 233.792172 sec
GOPS: 0.5879
Run 5
M=4096 N=4096 K=4096
Time: 233.559289 sec
GOPS: 0.5885
Run 6
M=4096 N=4096 K=4096
Time: 234.741732 sec
GOPS: 0.5855
