=======================================
Kernel: igemm_kernel_8x4_zvl128b_lmul1_unroll1
Cluster: 0 (Cores 0-3) AI Cluster with 2.0 TOPS
Shape: Square (4096 x 4096 x 4096)
=======================================
Run 1
M=4096 N=4096 K=4096
Time: 16.518638 sec
GOPS: 8.3202
Run 2
M=4096 N=4096 K=4096
Time: 16.614833 sec
GOPS: 8.2721
Run 3
M=4096 N=4096 K=4096
Time: 16.221603 sec
GOPS: 8.4726
Run 4
M=4096 N=4096 K=4096
Time: 16.612675 sec
GOPS: 8.2731
Run 5
M=4096 N=4096 K=4096
Time: 16.512850 sec
GOPS: 8.3232
Run 6
M=4096 N=4096 K=4096
Time: 16.459247 sec
GOPS: 8.3503
