=======================================
Kernel: igemm_kernel_8x4_zvl128b_lmul4_unroll1
Cluster: 0 (Cores 0-3) AI Cluster with 2.0 TOPS
Shape: Square (4096 x 4096 x 4096)
=======================================
Run 1
M=4096 N=4096 K=4096
Time: 39.286741 sec
GOPS: 3.4984
Run 2
M=4096 N=4096 K=4096
Time: 39.037809 sec
GOPS: 3.5207
Run 3
M=4096 N=4096 K=4096
Time: 39.164014 sec
GOPS: 3.5093
Run 4
M=4096 N=4096 K=4096
Time: 39.041775 sec
GOPS: 3.5203
Run 5
M=4096 N=4096 K=4096
Time: 38.609972 sec
GOPS: 3.5597
Run 6
M=4096 N=4096 K=4096
Time: 38.617045 sec
GOPS: 3.5590
