=======================================
Kernel: igemm_kernel_8x4_zvl128b_lmul4_unroll4
Cluster: 0 (Cores 0-3) AI Cluster with 2.0 TOPS
Shape: Square (4096 x 4096 x 4096)
=======================================
Run 1
M=4096 N=4096 K=4096
Time: 40.114098 sec
GOPS: 3.4262
Run 2
M=4096 N=4096 K=4096
Time: 40.326588 sec
GOPS: 3.4081
Run 3
M=4096 N=4096 K=4096
Time: 40.314267 sec
GOPS: 3.4092
Run 4
M=4096 N=4096 K=4096
Time: 40.223190 sec
GOPS: 3.4169
Run 5
M=4096 N=4096 K=4096
Time: 39.914750 sec
GOPS: 3.4433
Run 6
M=4096 N=4096 K=4096
Time: 40.382320 sec
GOPS: 3.4034
