=======================================
Kernel: igemm_kernel_8x4_zvl128b_lmul4_unroll8
Cluster: 0 (Cores 0-3) AI Cluster with 2.0 TOPS
Shape: Square (4096 x 4096 x 4096)
=======================================
Run 1
M=4096 N=4096 K=4096
Time: 40.614789 sec
GOPS: 3.3840
Run 2
M=4096 N=4096 K=4096
Time: 40.312855 sec
GOPS: 3.4093
Run 3
M=4096 N=4096 K=4096
Time: 39.965995 sec
GOPS: 3.4389
Run 4
M=4096 N=4096 K=4096
Time: 39.916894 sec
GOPS: 3.4431
Run 5
M=4096 N=4096 K=4096
Time: 39.950871 sec
GOPS: 3.4402
Run 6
M=4096 N=4096 K=4096
Time: 40.318557 sec
GOPS: 3.4088
