=======================================
Kernel: igemm_kernel_8x4_zvl128b_lmul8_unroll1
Cluster: 0 (Cores 0-3) AI Cluster with 2.0 TOPS
Shape: Square (4096 x 4096 x 4096)
=======================================
Run 1
M=4096 N=4096 K=4096
Time: 200.199203 sec
GOPS: 0.6865
Run 2
M=4096 N=4096 K=4096
Time: 203.494336 sec
GOPS: 0.6754
Run 3
M=4096 N=4096 K=4096
Time: 200.403685 sec
GOPS: 0.6858
Run 4
M=4096 N=4096 K=4096
Time: 203.499161 sec
GOPS: 0.6754
Run 5
M=4096 N=4096 K=4096
Time: 200.342884 sec
GOPS: 0.6860
Run 6
M=4096 N=4096 K=4096
Time: 203.917308 sec
GOPS: 0.6740
