=======================================
Kernel: igemm_kernel_8x4_zvl128b_lmul8_unroll4
Cluster: 0 (Cores 0-3) AI Cluster with 2.0 TOPS
Shape: Square (4096 x 4096 x 4096)
=======================================
Run 1
M=4096 N=4096 K=4096
Time: 215.259627 sec
GOPS: 0.6385
Run 2
M=4096 N=4096 K=4096
Time: 215.929155 sec
GOPS: 0.6365
Run 3
M=4096 N=4096 K=4096
Time: 215.496055 sec
GOPS: 0.6378
Run 4
M=4096 N=4096 K=4096
Time: 215.458622 sec
GOPS: 0.6379
Run 5
M=4096 N=4096 K=4096
Time: 215.444576 sec
GOPS: 0.6379
Run 6
M=4096 N=4096 K=4096
Time: 214.556992 sec
GOPS: 0.6406
