=======================================
Kernel: igemm_kernel_8x4_zvl128b_lmul2_unroll4
Cluster: 0 (Cores 0-3) AI Cluster with 2.0 TOPS
Shape: Square (4096 x 4096 x 4096)
=======================================
Run 1
M=4096 N=4096 K=4096
Time: 23.726955 sec
GOPS: 5.7925
Run 2
M=4096 N=4096 K=4096
Time: 23.362866 sec
GOPS: 5.8828
Run 3
M=4096 N=4096 K=4096
Time: 23.331190 sec
GOPS: 5.8908
Run 4
M=4096 N=4096 K=4096
Time: 23.353372 sec
GOPS: 5.8852
Run 5
M=4096 N=4096 K=4096
Time: 23.717873 sec
GOPS: 5.7947
Run 6
M=4096 N=4096 K=4096
Time: 23.750976 sec
GOPS: 5.7867
