=======================================
Kernel: dgemm_kernel_8x8_zvl128b_lmul1_unroll4
Core: 0 (AI Cluster - 512KB TCM)
Shape: Square (4096 x 4096 x 4096)
=======================================
Run 1
M=4096 N=4096 K=4096
Time: 27.953225 sec
GFLOPS: 4.9167
Run 2
M=4096 N=4096 K=4096
Time: 28.173296 sec
GFLOPS: 4.8783
Run 3
M=4096 N=4096 K=4096
Time: 27.939444 sec
GFLOPS: 4.9192
Run 4
M=4096 N=4096 K=4096
Time: 27.888363 sec
GFLOPS: 4.9282
Run 5
M=4096 N=4096 K=4096
Time: 27.985825 sec
GFLOPS: 4.9110
Run 6
M=4096 N=4096 K=4096
Time: 28.142192 sec
GFLOPS: 4.8837
