=======================================
Kernel: dgemm_kernel_8x8_zvl128b_lmul8_unroll2
Core: 0 (AI Cluster - 512KB TCM)
Shape: Square (4096 x 4096 x 4096)
=======================================
Run 1
M=4096 N=4096 K=4096
Time: 252.584923 sec
GFLOPS: 0.5441
Run 2
M=4096 N=4096 K=4096
Time: 253.004177 sec
GFLOPS: 0.5432
Run 3
M=4096 N=4096 K=4096
Time: 253.045169 sec
GFLOPS: 0.5431
Run 4
M=4096 N=4096 K=4096
Time: 252.640534 sec
GFLOPS: 0.5440
Run 5
M=4096 N=4096 K=4096
Time: 253.234278 sec
GFLOPS: 0.5427
Run 6
M=4096 N=4096 K=4096
Time: 252.753712 sec
GFLOPS: 0.5438
