=======================================
Kernel: dgemm_kernel_8x8_zvl128b_lmul2_unroll8
Core: 0 (AI Cluster - 512KB TCM)
Shape: Square (4096 x 4096 x 4096)
=======================================
Run 1
M=4096 N=4096 K=4096
Time: 28.293690 sec
GFLOPS: 4.8576
Run 2
M=4096 N=4096 K=4096
Time: 27.689701 sec
GFLOPS: 4.9635
Run 3
M=4096 N=4096 K=4096
Time: 27.634545 sec
GFLOPS: 4.9734
Run 4
M=4096 N=4096 K=4096
Time: 27.783655 sec
GFLOPS: 4.9468
Run 5
M=4096 N=4096 K=4096
Time: 27.983183 sec
GFLOPS: 4.9115
Run 6
M=4096 N=4096 K=4096
Time: 27.898156 sec
GFLOPS: 4.9265
