=======================================
Kernel: dgemm_kernel_8x8_zvl128b_lmul8_unroll4
Core: 0 (AI Cluster - 512KB TCM)
Shape: Square (4096 x 4096 x 4096)
=======================================
Run 1
M=4096 N=4096 K=4096
Time: 315.916450 sec
GFLOPS: 0.4350
Run 2
M=4096 N=4096 K=4096
Time: 315.697224 sec
GFLOPS: 0.4354
Run 3
M=4096 N=4096 K=4096
Time: 315.951402 sec
GFLOPS: 0.4350
Run 4
M=4096 N=4096 K=4096
Time: 315.899117 sec
GFLOPS: 0.4351
Run 5
M=4096 N=4096 K=4096
Time: 315.874240 sec
GFLOPS: 0.4351
Run 6
M=4096 N=4096 K=4096
Time: 315.872215 sec
GFLOPS: 0.4351
