=======================================
Kernel: dgemm_kernel_8x8_zvl128b_lmul1_unroll8
Core: 0 (AI Cluster - 512KB TCM)
Shape: Square (4096 x 4096 x 4096)
=======================================
Run 1
M=4096 N=4096 K=4096
Time: 27.991179 sec
GFLOPS: 4.9101
Run 2
M=4096 N=4096 K=4096
Time: 27.905379 sec
GFLOPS: 4.9252
Run 3
M=4096 N=4096 K=4096
Time: 28.211409 sec
GFLOPS: 4.8718
Run 4
M=4096 N=4096 K=4096
Time: 27.821029 sec
GFLOPS: 4.9401
Run 5
M=4096 N=4096 K=4096
Time: 27.827057 sec
GFLOPS: 4.9390
Run 6
M=4096 N=4096 K=4096
Time: 28.102300 sec
GFLOPS: 4.8907
