=======================================
Kernel: dgemm_kernel_8x8_zvl128b_lmul8_unroll8
Core: 0 (AI Cluster - 512KB TCM)
Shape: Square (4096 x 4096 x 4096)
=======================================
Run 1
M=4096 N=4096 K=4096
Time: 317.197187 sec
GFLOPS: 0.4333
Run 2
M=4096 N=4096 K=4096
Time: 317.326030 sec
GFLOPS: 0.4331
Run 3
M=4096 N=4096 K=4096
Time: 317.159115 sec
GFLOPS: 0.4333
Run 4
M=4096 N=4096 K=4096
Time: 317.348846 sec
GFLOPS: 0.4331
Run 5
M=4096 N=4096 K=4096
Time: 317.187804 sec
GFLOPS: 0.4333
Run 6
M=4096 N=4096 K=4096
Time: 317.360021 sec
GFLOPS: 0.4331
