=======================================
Kernel: dgemm_kernel_8x8_zvl128b_lmul2_unroll4
Core: 0 (AI Cluster - 512KB TCM)
Shape: Square (4096 x 4096 x 4096)
=======================================
Run 1
M=4096 N=4096 K=4096
Time: 27.882590 sec
GFLOPS: 4.9292
Run 2
M=4096 N=4096 K=4096
Time: 27.868676 sec
GFLOPS: 4.9317
Run 3
M=4096 N=4096 K=4096
Time: 27.970970 sec
GFLOPS: 4.9136
Run 4
M=4096 N=4096 K=4096
Time: 27.978556 sec
GFLOPS: 4.9123
Run 5
M=4096 N=4096 K=4096
Time: 28.013345 sec
GFLOPS: 4.9062
Run 6
M=4096 N=4096 K=4096
Time: 28.018690 sec
GFLOPS: 4.9053
