=======================================
Kernel: dgemm_kernel_8x8_zvl128b_lmul4_unroll8
Core: 0 (AI Cluster - 512KB TCM)
Shape: Square (4096 x 4096 x 4096)
=======================================
Run 1
M=4096 N=4096 K=4096
Time: 71.689582 sec
GFLOPS: 1.9171
Run 2
M=4096 N=4096 K=4096
Time: 71.686855 sec
GFLOPS: 1.9172
Run 3
M=4096 N=4096 K=4096
Time: 71.433405 sec
GFLOPS: 1.9240
Run 4
M=4096 N=4096 K=4096
Time: 71.673849 sec
GFLOPS: 1.9176
Run 5
M=4096 N=4096 K=4096
Time: 71.426902 sec
GFLOPS: 1.9242
Run 6
M=4096 N=4096 K=4096
Time: 71.654509 sec
GFLOPS: 1.9181
