=======================================
Kernel: dgemm_kernel_8x8_zvl128b_lmul2_unroll1
Core: 0 (AI Cluster - 512KB TCM)
Shape: Square (4096 x 4096 x 4096)
=======================================
Run 1
M=4096 N=4096 K=4096
Time: 28.037361 sec
GFLOPS: 4.9020
Run 2
M=4096 N=4096 K=4096
Time: 27.925678 sec
GFLOPS: 4.9216
Run 3
M=4096 N=4096 K=4096
Time: 27.712285 sec
GFLOPS: 4.9595
Run 4
M=4096 N=4096 K=4096
Time: 27.665460 sec
GFLOPS: 4.9679
Run 5
M=4096 N=4096 K=4096
Time: 27.904413 sec
GFLOPS: 4.9253
Run 6
M=4096 N=4096 K=4096
Time: 28.057351 sec
GFLOPS: 4.8985
