=======================================
Kernel: OpenBLAS_Baseline_Kernel_FP32_Fractional-unroll4
Cluster: 1 (Cores 4-7) General Purpose
Shape: Square (4096 x 4096 x 4096)
=======================================
Run 1
=======================================
RVV SGEMM FRACTIONAL LMUL mf2 UNROLL4 Benchmark
=======================================
M=4096 N=4096 K=4096
Time: 15.664736 sec
GFLOPS: 8.7738
Run 2
=======================================
RVV SGEMM FRACTIONAL LMUL mf2 UNROLL4 Benchmark
=======================================
M=4096 N=4096 K=4096
Time: 15.669912 sec
GFLOPS: 8.7709
Run 3
=======================================
RVV SGEMM FRACTIONAL LMUL mf2 UNROLL4 Benchmark
=======================================
M=4096 N=4096 K=4096
Time: 15.652060 sec
GFLOPS: 8.7809
Run 4
=======================================
RVV SGEMM FRACTIONAL LMUL mf2 UNROLL4 Benchmark
=======================================
M=4096 N=4096 K=4096
Time: 15.645009 sec
GFLOPS: 8.7848
Run 5
=======================================
RVV SGEMM FRACTIONAL LMUL mf2 UNROLL4 Benchmark
=======================================
M=4096 N=4096 K=4096
Time: 15.664469 sec
GFLOPS: 8.7739
Run 6
=======================================
RVV SGEMM FRACTIONAL LMUL mf2 UNROLL4 Benchmark
=======================================
M=4096 N=4096 K=4096
Time: 15.660398 sec
GFLOPS: 8.7762
