=======================================
Kernel: OpenBLAS_Baseline_Kernel_FP32
Cluster: 1 (Cores 4-7) General Purpose
Shape: Square (4096 x 4096 x 4096)
=======================================
Run 1
M=4096 N=4096 K=4096
Time: 26.532622 sec
GFLOPS: 5.1800
Run 2
M=4096 N=4096 K=4096
Time: 26.523018 sec
GFLOPS: 5.1819
Run 3
M=4096 N=4096 K=4096
Time: 26.517077 sec
GFLOPS: 5.1830
Run 4
M=4096 N=4096 K=4096
Time: 26.522739 sec
GFLOPS: 5.1819
Run 5
M=4096 N=4096 K=4096
Time: 26.622554 sec
GFLOPS: 5.1625
Run 6
M=4096 N=4096 K=4096
Time: 26.521704 sec
GFLOPS: 5.1821
