=======================================
Kernel: OpenBLAS_Baseline_Kernel_FP32_Fractional
Cluster: 1 (Cores 4-7) General Purpose
Shape: Square (4096 x 4096 x 4096)
=======================================
Run 1
=======================================
RVV SGEMM FRACTIONAL LMUL mf2 Benchmark
=======================================
M=4096 N=4096 K=4096
Time: 15.615537 sec
GFLOPS: 8.8014
Run 2
=======================================
RVV SGEMM FRACTIONAL LMUL mf2 Benchmark
=======================================
M=4096 N=4096 K=4096
Time: 15.612632 sec
GFLOPS: 8.8031
Run 3
=======================================
RVV SGEMM FRACTIONAL LMUL mf2 Benchmark
=======================================
M=4096 N=4096 K=4096
Time: 15.630523 sec
GFLOPS: 8.7930
Run 4
=======================================
RVV SGEMM FRACTIONAL LMUL mf2 Benchmark
=======================================
M=4096 N=4096 K=4096
Time: 15.619418 sec
GFLOPS: 8.7992
Run 5
=======================================
RVV SGEMM FRACTIONAL LMUL mf2 Benchmark
=======================================
M=4096 N=4096 K=4096
Time: 15.613368 sec
GFLOPS: 8.8026
Run 6
=======================================
RVV SGEMM FRACTIONAL LMUL mf2 Benchmark
=======================================
M=4096 N=4096 K=4096
Time: 15.632266 sec
GFLOPS: 8.7920
