=======================================
Kernel: sgemm_kernel_8x8_zvl128b_lmul8_unroll1
Cluster: 1 (Cores 4-7) General Purpose
Shape: Square (4096 x 4096 x 4096)
=======================================
Run 1
=======================================
RVV SGEMM LMUL m8 No Unroll Benchmark
=======================================
M=4096 N=4096 K=4096
Time: 252.063256 sec
GFLOPS: 0.5453
Run 2
=======================================
RVV SGEMM LMUL m8 No Unroll Benchmark
=======================================
M=4096 N=4096 K=4096
Time: 251.975026 sec
GFLOPS: 0.5454
Run 3
=======================================
RVV SGEMM LMUL m8 No Unroll Benchmark
=======================================
M=4096 N=4096 K=4096
Time: 252.055831 sec
GFLOPS: 0.5453
Run 4
=======================================
RVV SGEMM LMUL m8 No Unroll Benchmark
=======================================
M=4096 N=4096 K=4096
Time: 252.008682 sec
GFLOPS: 0.5454
Run 5
=======================================
RVV SGEMM LMUL m8 No Unroll Benchmark
=======================================
M=4096 N=4096 K=4096
Time: 251.946359 sec
GFLOPS: 0.5455
Run 6
=======================================
RVV SGEMM LMUL m8 No Unroll Benchmark
=======================================
M=4096 N=4096 K=4096
Time: 251.986932 sec
GFLOPS: 0.5454
