=======================================
Kernel: sgemm_kernel_8x8_zvl128b_lmul1_unroll2
Cluster: 1 (Cores 4-7) General Purpose
Shape: Square (4096 x 4096 x 4096)
=======================================
Run 1
=======================================
RVV SGEMM LMUL m1 Benchmark
=======================================
M=4096 N=4096 K=4096
Time: 17.647842 sec
GFLOPS: 7.7879
Run 2
=======================================
RVV SGEMM LMUL m1 Benchmark
=======================================
M=4096 N=4096 K=4096
Time: 17.636595 sec
GFLOPS: 7.7928
Run 3
=======================================
RVV SGEMM LMUL m1 Benchmark
=======================================
M=4096 N=4096 K=4096
Time: 17.639431 sec
GFLOPS: 7.7916
Run 4
=======================================
RVV SGEMM LMUL m1 Benchmark
=======================================
M=4096 N=4096 K=4096
Time: 17.637792 sec
GFLOPS: 7.7923
Run 5
=======================================
RVV SGEMM LMUL m1 Benchmark
=======================================
M=4096 N=4096 K=4096
Time: 17.632801 sec
GFLOPS: 7.7945
Run 6
=======================================
RVV SGEMM LMUL m1 Benchmark
=======================================
M=4096 N=4096 K=4096
Time: 17.641826 sec
GFLOPS: 7.7905
