=======================================
Kernel: sgemm_kernel_8x8_zvl128b_lmul4_unroll2
Cluster: 1 (Cores 4-7) General Purpose
Shape: Square (4096 x 4096 x 4096)
=======================================
Run 1
=======================================
RVV SGEMM LMUL m4 Benchmark
=======================================
M=4096 N=4096 K=4096
Time: 87.243543 sec
GFLOPS: 1.5753
Run 2
=======================================
RVV SGEMM LMUL m4 Benchmark
=======================================
M=4096 N=4096 K=4096
Time: 87.259751 sec
GFLOPS: 1.5751
Run 3
=======================================
RVV SGEMM LMUL m4 Benchmark
=======================================
M=4096 N=4096 K=4096
Time: 87.238430 sec
GFLOPS: 1.5754
Run 4
=======================================
RVV SGEMM LMUL m4 Benchmark
=======================================
M=4096 N=4096 K=4096
Time: 87.241699 sec
GFLOPS: 1.5754
Run 5
=======================================
RVV SGEMM LMUL m4 Benchmark
=======================================
M=4096 N=4096 K=4096
Time: 87.234700 sec
GFLOPS: 1.5755
Run 6
=======================================
RVV SGEMM LMUL m4 Benchmark
=======================================
M=4096 N=4096 K=4096
Time: 87.228799 sec
GFLOPS: 1.5756
