=======================================
Kernel: sgemm_kernel_8x8_zvl128b_lmul2_unroll2
Cluster: 1 (Cores 4-7) General Purpose
Shape: Square (4096 x 4096 x 4096)
=======================================
Run 1
=======================================
RVV SGEMM LMUL m2 Unroll 2 Benchmark
=======================================
M=4096 N=4096 K=4096
Time: 25.126038 sec
GFLOPS: 5.4700
Run 2
=======================================
RVV SGEMM LMUL m2 Unroll 2 Benchmark
=======================================
M=4096 N=4096 K=4096
Time: 25.138130 sec
GFLOPS: 5.4673
Run 3
=======================================
RVV SGEMM LMUL m2 Unroll 2 Benchmark
=======================================
M=4096 N=4096 K=4096
Time: 25.141010 sec
GFLOPS: 5.4667
Run 4
=======================================
RVV SGEMM LMUL m2 Unroll 2 Benchmark
=======================================
M=4096 N=4096 K=4096
Time: 25.125252 sec
GFLOPS: 5.4702
Run 5
=======================================
RVV SGEMM LMUL m2 Unroll 2 Benchmark
=======================================
M=4096 N=4096 K=4096
Time: 25.143563 sec
GFLOPS: 5.4662
Run 6
=======================================
RVV SGEMM LMUL m2 Unroll 2 Benchmark
=======================================
M=4096 N=4096 K=4096
Time: 25.131274 sec
GFLOPS: 5.4688
