=======================================
Kernel: sgemm_kernel_8x8_zvl128b_lmul1_unroll8
Cluster: 1 (Cores 4-7) General Purpose
Shape: Square (4096 x 4096 x 4096)
=======================================
Run 1
=======================================
RVV SGEMM LMUL m1 Unroll 8 Benchmark
=======================================
M=4096 N=4096 K=4096
Time: 16.774108 sec
GFLOPS: 8.1935
Run 2
=======================================
RVV SGEMM LMUL m1 Unroll 8 Benchmark
=======================================
M=4096 N=4096 K=4096
Time: 16.774655 sec
GFLOPS: 8.1933
Run 3
=======================================
RVV SGEMM LMUL m1 Unroll 8 Benchmark
=======================================
M=4096 N=4096 K=4096
Time: 16.773639 sec
GFLOPS: 8.1937
Run 4
=======================================
RVV SGEMM LMUL m1 Unroll 8 Benchmark
=======================================
M=4096 N=4096 K=4096
Time: 16.779498 sec
GFLOPS: 8.1909
Run 5
=======================================
RVV SGEMM LMUL m1 Unroll 8 Benchmark
=======================================
M=4096 N=4096 K=4096
Time: 16.775512 sec
GFLOPS: 8.1928
Run 6
=======================================
RVV SGEMM LMUL m1 Unroll 8 Benchmark
=======================================
M=4096 N=4096 K=4096
Time: 16.877574 sec
GFLOPS: 8.1433
