=======================================
Kernel: sgemm_kernel_8x8_zvl128b_lmul2_unroll4
Cluster: 1 (Cores 4-7) General Purpose
Shape: Square (4096 x 4096 x 4096)
=======================================
Run 1
=======================================
RVV SGEMM LMUL m2 Unroll 4 Benchmark
=======================================
M=4096 N=4096 K=4096
Time: 23.173393 sec
GFLOPS: 5.9309
Run 2
=======================================
RVV SGEMM LMUL m2 Unroll 4 Benchmark
=======================================
M=4096 N=4096 K=4096
Time: 23.174088 sec
GFLOPS: 5.9307
Run 3
=======================================
RVV SGEMM LMUL m2 Unroll 4 Benchmark
=======================================
M=4096 N=4096 K=4096
Time: 23.165633 sec
GFLOPS: 5.9329
Run 4
=======================================
RVV SGEMM LMUL m2 Unroll 4 Benchmark
=======================================
M=4096 N=4096 K=4096
Time: 23.176842 sec
GFLOPS: 5.9300
Run 5
=======================================
RVV SGEMM LMUL m2 Unroll 4 Benchmark
=======================================
M=4096 N=4096 K=4096
Time: 23.300659 sec
GFLOPS: 5.8985
Run 6
=======================================
RVV SGEMM LMUL m2 Unroll 4 Benchmark
=======================================
M=4096 N=4096 K=4096
Time: 23.170782 sec
GFLOPS: 5.9316
