=======================================
Kernel: sgemm_kernel_8x8_zvl128b_lmul1_unroll4
Cluster: 1 (Cores 4-7) General Purpose
Shape: Square (4096 x 4096 x 4096)
=======================================
Run 1
=======================================
RVV SGEMM LMUL m1 Unroll 4 Benchmark
=======================================
M=4096 N=4096 K=4096
Time: 16.642864 sec
GFLOPS: 8.2581
Run 2
=======================================
RVV SGEMM LMUL m1 Unroll 4 Benchmark
=======================================
M=4096 N=4096 K=4096
Time: 16.645349 sec
GFLOPS: 8.2569
Run 3
=======================================
RVV SGEMM LMUL m1 Unroll 4 Benchmark
=======================================
M=4096 N=4096 K=4096
Time: 16.628984 sec
GFLOPS: 8.2650
Run 4
=======================================
RVV SGEMM LMUL m1 Unroll 4 Benchmark
=======================================
M=4096 N=4096 K=4096
Time: 16.629760 sec
GFLOPS: 8.2646
Run 5
=======================================
RVV SGEMM LMUL m1 Unroll 4 Benchmark
=======================================
M=4096 N=4096 K=4096
Time: 16.639730 sec
GFLOPS: 8.2597
Run 6
=======================================
RVV SGEMM LMUL m1 Unroll 4 Benchmark
=======================================
M=4096 N=4096 K=4096
Time: 16.649258 sec
GFLOPS: 8.2550
