=======================================
Kernel: sgemm_kernel_8x8_zvl128b_lmul4_unroll4
Cluster: 1 (Cores 4-7) General Purpose
Shape: Square (4096 x 4096 x 4096)
=======================================
Run 1
=======================================
RVV SGEMM LMUL m4 Unroll 4 Benchmark
=======================================
M=4096 N=4096 K=4096
Time: 88.192097 sec
GFLOPS: 1.5584
Run 2
=======================================
RVV SGEMM LMUL m4 Unroll 4 Benchmark
=======================================
M=4096 N=4096 K=4096
Time: 88.166733 sec
GFLOPS: 1.5589
Run 3
=======================================
RVV SGEMM LMUL m4 Unroll 4 Benchmark
=======================================
M=4096 N=4096 K=4096
Time: 88.172453 sec
GFLOPS: 1.5588
Run 4
=======================================
RVV SGEMM LMUL m4 Unroll 4 Benchmark
=======================================
M=4096 N=4096 K=4096
Time: 88.178984 sec
GFLOPS: 1.5586
Run 5
=======================================
RVV SGEMM LMUL m4 Unroll 4 Benchmark
=======================================
M=4096 N=4096 K=4096
Time: 88.169999 sec
GFLOPS: 1.5588
Run 6
=======================================
RVV SGEMM LMUL m4 Unroll 4 Benchmark
=======================================
M=4096 N=4096 K=4096
Time: 88.202014 sec
GFLOPS: 1.5582
