=======================================
Kernel: sgemm_kernel_8x8_zvl128b_lmul8_unroll8
Cluster: 1 (Cores 4-7) General Purpose
Shape: Square (4096 x 4096 x 4096)
=======================================
Run 1
=======================================
RVV SGEMM LMUL m8 Unroll 8 Benchmark
=======================================
M=4096 N=4096 K=4096
Time: 310.900479 sec
GFLOPS: 0.4421
Run 2
=======================================
RVV SGEMM LMUL m8 Unroll 8 Benchmark
=======================================
M=4096 N=4096 K=4096
Time: 310.995697 sec
GFLOPS: 0.4419
Run 3
=======================================
RVV SGEMM LMUL m8 Unroll 8 Benchmark
=======================================
M=4096 N=4096 K=4096
Time: 310.992456 sec
GFLOPS: 0.4419
Run 4
=======================================
RVV SGEMM LMUL m8 Unroll 8 Benchmark
=======================================
M=4096 N=4096 K=4096
Time: 310.931860 sec
GFLOPS: 0.4420
Run 5
=======================================
RVV SGEMM LMUL m8 Unroll 8 Benchmark
=======================================
M=4096 N=4096 K=4096
Time: 310.960598 sec
GFLOPS: 0.4420
Run 6
=======================================
RVV SGEMM LMUL m8 Unroll 8 Benchmark
=======================================
M=4096 N=4096 K=4096
Time: 311.061836 sec
GFLOPS: 0.4418
