=======================================
Kernel: sgemm_kernel_8x8_zvl128b_lmul2_unroll8
Cluster: 1 (Cores 4-7) General Purpose
Shape: Square (4096 x 4096 x 4096)
=======================================
Run 1
=======================================
RVV SGEMM LMUL m2 Unroll 8 Benchmark
=======================================
M=4096 N=4096 K=4096
Time: 23.818495 sec
GFLOPS: 5.7703
Run 2
=======================================
RVV SGEMM LMUL m2 Unroll 8 Benchmark
=======================================
M=4096 N=4096 K=4096
Time: 23.809065 sec
GFLOPS: 5.7725
Run 3
=======================================
RVV SGEMM LMUL m2 Unroll 8 Benchmark
=======================================
M=4096 N=4096 K=4096
Time: 23.819519 sec
GFLOPS: 5.7700
Run 4
=======================================
RVV SGEMM LMUL m2 Unroll 8 Benchmark
=======================================
M=4096 N=4096 K=4096
Time: 23.811213 sec
GFLOPS: 5.7720
Run 5
=======================================
RVV SGEMM LMUL m2 Unroll 8 Benchmark
=======================================
M=4096 N=4096 K=4096
Time: 23.804208 sec
GFLOPS: 5.7737
Run 6
=======================================
RVV SGEMM LMUL m2 Unroll 8 Benchmark
=======================================
M=4096 N=4096 K=4096
Time: 23.804648 sec
GFLOPS: 5.7736
