=======================================
Kernel: sgemm_kernel_8x8_zvl128b_lmul8_unroll2
Cluster: 1 (Cores 4-7) General Purpose
Shape: Square (4096 x 4096 x 4096)
=======================================
Run 1
=======================================
RVV SGEMM LMUL m8 Benchmark
=======================================
M=4096 N=4096 K=4096
Time: 252.325560 sec
GFLOPS: 0.5447
Run 2
=======================================
RVV SGEMM LMUL m8 Benchmark
=======================================
M=4096 N=4096 K=4096
Time: 252.541535 sec
GFLOPS: 0.5442
Run 3
=======================================
RVV SGEMM LMUL m8 Benchmark
=======================================
M=4096 N=4096 K=4096
Time: 252.313793 sec
GFLOPS: 0.5447
Run 4
=======================================
RVV SGEMM LMUL m8 Benchmark
=======================================
M=4096 N=4096 K=4096
Time: 252.448809 sec
GFLOPS: 0.5444
Run 5
=======================================
RVV SGEMM LMUL m8 Benchmark
=======================================
M=4096 N=4096 K=4096
Time: 252.380817 sec
GFLOPS: 0.5446
Run 6
=======================================
RVV SGEMM LMUL m8 Benchmark
=======================================
M=4096 N=4096 K=4096
Time: 252.418740 sec
GFLOPS: 0.5445
