=======================================
Kernel: sgemm_kernel_16x8_zvl256b_lmulmf2_unroll4
Core: 4 (General Cluster)
Shape: Square (4096 x 4096 x 4096)
=======================================
Run 1
M=4096 N=4096 K=4096
Time: 11.864853 sec
GFLOPS: 11.5837
Run 2
M=4096 N=4096 K=4096
Time: 11.869849 sec
GFLOPS: 11.5788
Run 3
M=4096 N=4096 K=4096
Time: 11.878463 sec
GFLOPS: 11.5704
Run 4
M=4096 N=4096 K=4096
Time: 11.864098 sec
GFLOPS: 11.5844
Run 5
M=4096 N=4096 K=4096
Time: 11.867388 sec
GFLOPS: 11.5812
Run 6
M=4096 N=4096 K=4096
Time: 11.863216 sec
GFLOPS: 11.5853
