=======================================
Kernel: sgemm_kernel_16x8_zvl256b_lmul2_unroll2
Core: 4 (General Cluster)
Shape: Square (4096 x 4096 x 4096)
=======================================
Run 1
M=4096 N=4096 K=4096
Time: 40.167477 sec
GFLOPS: 3.4216
Run 2
M=4096 N=4096 K=4096
Time: 40.183438 sec
GFLOPS: 3.4203
Run 3
M=4096 N=4096 K=4096
Time: 40.184610 sec
GFLOPS: 3.4202
Run 4
M=4096 N=4096 K=4096
Time: 40.198842 sec
GFLOPS: 3.4190
Run 5
M=4096 N=4096 K=4096
Time: 40.176351 sec
GFLOPS: 3.4209
Run 6
M=4096 N=4096 K=4096
Time: 40.188148 sec
GFLOPS: 3.4199
