=======================================
Kernel: sgemm_kernel_16x8_zvl256b_lmul4_unroll8
Core: 4 (General Cluster)
Shape: Square (4096 x 4096 x 4096)
=======================================
Run 1
M=4096 N=4096 K=4096
Time: 202.960857 sec
GFLOPS: 0.6772
Run 2
M=4096 N=4096 K=4096
Time: 202.984269 sec
GFLOPS: 0.6771
Run 3
M=4096 N=4096 K=4096
Time: 202.957687 sec
GFLOPS: 0.6772
Run 4
M=4096 N=4096 K=4096
Time: 202.981779 sec
GFLOPS: 0.6771
Run 5
M=4096 N=4096 K=4096
Time: 202.970154 sec
GFLOPS: 0.6771
Run 6
M=4096 N=4096 K=4096
Time: 202.972723 sec
GFLOPS: 0.6771
