=======================================
Kernel: sgemm_kernel_16x8_zvl256b_lmul8_unroll8
Core: 4 (General Cluster)
Shape: Square (4096 x 4096 x 4096)
=======================================
Run 1
M=4096 N=4096 K=4096
Time: 381.678395 sec
GFLOPS: 0.3601
Run 2
M=4096 N=4096 K=4096
Time: 381.746229 sec
GFLOPS: 0.3600
Run 3
M=4096 N=4096 K=4096
Time: 381.720570 sec
GFLOPS: 0.3601
Run 4
M=4096 N=4096 K=4096
Time: 381.710901 sec
GFLOPS: 0.3601
Run 5
M=4096 N=4096 K=4096
Time: 381.720944 sec
GFLOPS: 0.3601
Run 6
M=4096 N=4096 K=4096
Time: 381.750418 sec
GFLOPS: 0.3600
