=======================================
Kernel: sgemm_kernel_16x8_zvl256b_lmulmf2_unroll1
Core: 4 (General Cluster)
Shape: Square (4096 x 4096 x 4096)
=======================================
Run 1
M=4096 N=4096 K=4096
Time: 11.846233 sec
GFLOPS: 11.6019
Run 2
M=4096 N=4096 K=4096
Time: 11.846042 sec
GFLOPS: 11.6021
Run 3
M=4096 N=4096 K=4096
Time: 11.852560 sec
GFLOPS: 11.5957
Run 4
M=4096 N=4096 K=4096
Time: 11.854254 sec
GFLOPS: 11.5941
Run 5
M=4096 N=4096 K=4096
Time: 11.843317 sec
GFLOPS: 11.6048
Run 6
M=4096 N=4096 K=4096
Time: 11.860123 sec
GFLOPS: 11.5883
