=======================================
Kernel: sgemm_kernel_16x8_zvl256b_lmul8_unroll1
Core: 4 (General Cluster)
Shape: Square (4096 x 4096 x 4096)
=======================================
Run 1
M=4096 N=4096 K=4096
Time: 381.725299 sec
GFLOPS: 0.3600
Run 2
M=4096 N=4096 K=4096
Time: 381.806768 sec
GFLOPS: 0.3600
Run 3
M=4096 N=4096 K=4096
Time: 381.816697 sec
GFLOPS: 0.3600
Run 4
M=4096 N=4096 K=4096
Time: 381.742582 sec
GFLOPS: 0.3600
Run 5
M=4096 N=4096 K=4096
Time: 381.749519 sec
GFLOPS: 0.3600
Run 6
M=4096 N=4096 K=4096
Time: 381.795661 sec
GFLOPS: 0.3600
