=======================================
Kernel: sgemm_kernel_16x8_zvl256b_lmul1_unroll2
Core: 4 (General Cluster)
Shape: Square (4096 x 4096 x 4096)
=======================================
Run 1
M=4096 N=4096 K=4096
Time: 12.516329 sec
GFLOPS: 10.9808
Run 2
M=4096 N=4096 K=4096
Time: 12.539333 sec
GFLOPS: 10.9606
Run 3
M=4096 N=4096 K=4096
Time: 12.516328 sec
GFLOPS: 10.9808
Run 4
M=4096 N=4096 K=4096
Time: 12.514726 sec
GFLOPS: 10.9822
Run 5
M=4096 N=4096 K=4096
Time: 12.506717 sec
GFLOPS: 10.9892
Run 6
M=4096 N=4096 K=4096
Time: 12.512485 sec
GFLOPS: 10.9841
