=======================================
Kernel: sgemm_kernel_16x8_zvl256b_lmul2_unroll8
Core: 4 (General Cluster)
Shape: Square (4096 x 4096 x 4096)
=======================================
Run 1
M=4096 N=4096 K=4096
Time: 40.159550 sec
GFLOPS: 3.4223
Run 2
M=4096 N=4096 K=4096
Time: 40.178353 sec
GFLOPS: 3.4207
Run 3
M=4096 N=4096 K=4096
Time: 40.158083 sec
GFLOPS: 3.4224
Run 4
M=4096 N=4096 K=4096
Time: 40.183151 sec
GFLOPS: 3.4203
Run 5
M=4096 N=4096 K=4096
Time: 40.173161 sec
GFLOPS: 3.4212
Run 6
M=4096 N=4096 K=4096
Time: 40.172684 sec
GFLOPS: 3.4212
