=======================================
Kernel: sgemm_kernel_16x8_zvl256b_lmul1_unroll4
Core: 4 (General Cluster)
Shape: Square (4096 x 4096 x 4096)
=======================================
Run 1
M=4096 N=4096 K=4096
Time: 12.504856 sec
GFLOPS: 10.9908
Run 2
M=4096 N=4096 K=4096
Time: 12.499781 sec
GFLOPS: 10.9953
Run 3
M=4096 N=4096 K=4096
Time: 12.507899 sec
GFLOPS: 10.9882
Run 4
M=4096 N=4096 K=4096
Time: 12.500098 sec
GFLOPS: 10.9950
Run 5
M=4096 N=4096 K=4096
Time: 12.494935 sec
GFLOPS: 10.9996
Run 6
M=4096 N=4096 K=4096
Time: 12.510090 sec
GFLOPS: 10.9862
