=======================================
Kernel: sgemm_kernel_16x8_zvl256b_lmul8_unroll2
Core: 4 (General Cluster)
Shape: Square (4096 x 4096 x 4096)
=======================================
Run 1
M=4096 N=4096 K=4096
Time: 381.734528 sec
GFLOPS: 0.3600
Run 2
M=4096 N=4096 K=4096
Time: 381.723254 sec
GFLOPS: 0.3600
Run 3
M=4096 N=4096 K=4096
Time: 381.640508 sec
GFLOPS: 0.3601
Run 4
M=4096 N=4096 K=4096
Time: 381.722932 sec
GFLOPS: 0.3600
Run 5
M=4096 N=4096 K=4096
Time: 381.752624 sec
GFLOPS: 0.3600
Run 6
M=4096 N=4096 K=4096
Time: 381.671306 sec
GFLOPS: 0.3601
