=======================================
Kernel: sgemm_kernel_16x8_zvl256b_lmul2_unroll4
Core: 4 (General Cluster)
Shape: Square (4096 x 4096 x 4096)
=======================================
Run 1
M=4096 N=4096 K=4096
Time: 40.176115 sec
GFLOPS: 3.4209
Run 2
M=4096 N=4096 K=4096
Time: 40.185046 sec
GFLOPS: 3.4202
Run 3
M=4096 N=4096 K=4096
Time: 40.176039 sec
GFLOPS: 3.4209
Run 4
M=4096 N=4096 K=4096
Time: 40.162717 sec
GFLOPS: 3.4221
Run 5
M=4096 N=4096 K=4096
Time: 40.160967 sec
GFLOPS: 3.4222
Run 6
M=4096 N=4096 K=4096
Time: 40.170973 sec
GFLOPS: 3.4213
