=======================================
Kernel: sgemm_kernel_16x8_zvl256b_lmulmf2_unroll8
Core: 4 (General Cluster)
Shape: Square (4096 x 4096 x 4096)
=======================================
Run 1
M=4096 N=4096 K=4096
Time: 11.849683 sec
GFLOPS: 11.5985
Run 2
M=4096 N=4096 K=4096
Time: 11.843403 sec
GFLOPS: 11.6047
Run 3
M=4096 N=4096 K=4096
Time: 11.850682 sec
GFLOPS: 11.5976
Run 4
M=4096 N=4096 K=4096
Time: 11.848537 sec
GFLOPS: 11.5997
Run 5
M=4096 N=4096 K=4096
Time: 11.848832 sec
GFLOPS: 11.5994
Run 6
M=4096 N=4096 K=4096
Time: 11.837168 sec
GFLOPS: 11.6108
