=======================================
Kernel: sgemm_kernel_16x8_zvl256b_lmul4_unroll1
Core: 4 (General Cluster)
Shape: Square (4096 x 4096 x 4096)
=======================================
Run 1
M=4096 N=4096 K=4096
Time: 202.963767 sec
GFLOPS: 0.6772
Run 2
M=4096 N=4096 K=4096
Time: 202.943939 sec
GFLOPS: 0.6772
Run 3
M=4096 N=4096 K=4096
Time: 202.946612 sec
GFLOPS: 0.6772
Run 4
M=4096 N=4096 K=4096
Time: 202.941104 sec
GFLOPS: 0.6772
Run 5
M=4096 N=4096 K=4096
Time: 202.900902 sec
GFLOPS: 0.6774
Run 6
M=4096 N=4096 K=4096
Time: 202.931503 sec
GFLOPS: 0.6773
