=======================================
Kernel: dgemm_kernel_8x8_zvl128b_lmul4_unroll8
Shape: Square (2048 x 2048 x 2048)
=======================================
Run 1
M=2048 N=2048 K=2048
Time: 8.959265 sec
GFLOPS: 1.9176
Run 2
M=2048 N=2048 K=2048
Time: 9.074299 sec
GFLOPS: 1.8932
Run 3
M=2048 N=2048 K=2048
Time: 8.950301 sec
GFLOPS: 1.9195
Run 4
M=2048 N=2048 K=2048
Time: 9.068992 sec
GFLOPS: 1.8944
Run 5
M=2048 N=2048 K=2048
Time: 8.954014 sec
GFLOPS: 1.9187
Run 6
M=2048 N=2048 K=2048
Time: 9.066724 sec
GFLOPS: 1.8948
