=======================================
Kernel: dgemm_kernel_8x8_zvl128b_lmul8_unroll4
Shape: Square (2048 x 2048 x 2048)
=======================================
Run 1
M=2048 N=2048 K=2048
Time: 39.585778 sec
GFLOPS: 0.4340
Run 2
M=2048 N=2048 K=2048
Time: 39.576069 sec
GFLOPS: 0.4341
Run 3
M=2048 N=2048 K=2048
Time: 39.538033 sec
GFLOPS: 0.4345
Run 4
M=2048 N=2048 K=2048
Time: 39.248792 sec
GFLOPS: 0.4377
Run 5
M=2048 N=2048 K=2048
Time: 39.304674 sec
GFLOPS: 0.4371
Run 6
M=2048 N=2048 K=2048
Time: 39.242100 sec
GFLOPS: 0.4378
