=======================================
Kernel: dgemm_kernel_8x8_zvl128b_lmul4_unroll4
Shape: Square (2048 x 2048 x 2048)
=======================================
Run 1
M=2048 N=2048 K=2048
Time: 10.280032 sec
GFLOPS: 1.6712
Run 2
M=2048 N=2048 K=2048
Time: 10.072650 sec
GFLOPS: 1.7056
Run 3
M=2048 N=2048 K=2048
Time: 10.093502 sec
GFLOPS: 1.7021
Run 4
M=2048 N=2048 K=2048
Time: 10.296310 sec
GFLOPS: 1.6685
Run 5
M=2048 N=2048 K=2048
Time: 10.111662 sec
GFLOPS: 1.6990
Run 6
M=2048 N=2048 K=2048
Time: 10.280463 sec
GFLOPS: 1.6711
