=======================================
Kernel: dgemm_kernel_8x8_zvl128b_lmul2_unroll2
Shape: Square (2048 x 2048 x 2048)
=======================================
Run 1
M=2048 N=2048 K=2048
Time: 3.679737 sec
GFLOPS: 4.6688
Run 2
M=2048 N=2048 K=2048
Time: 3.703530 sec
GFLOPS: 4.6388
Run 3
M=2048 N=2048 K=2048
Time: 3.701300 sec
GFLOPS: 4.6416
Run 4
M=2048 N=2048 K=2048
Time: 3.675839 sec
GFLOPS: 4.6737
Run 5
M=2048 N=2048 K=2048
Time: 3.715549 sec
GFLOPS: 4.6238
Run 6
M=2048 N=2048 K=2048
Time: 3.713523 sec
GFLOPS: 4.6263
