=======================================
Kernel: dgemm_kernel_8x8_zvl128b_lmul2_unroll4
Shape: Square (2048 x 2048 x 2048)
=======================================
Run 1
M=2048 N=2048 K=2048
Time: 3.696270 sec
GFLOPS: 4.6479
Run 2
M=2048 N=2048 K=2048
Time: 3.684384 sec
GFLOPS: 4.6629
Run 3
M=2048 N=2048 K=2048
Time: 3.698093 sec
GFLOPS: 4.6456
Run 4
M=2048 N=2048 K=2048
Time: 3.725220 sec
GFLOPS: 4.6118
Run 5
M=2048 N=2048 K=2048
Time: 3.649799 sec
GFLOPS: 4.7071
Run 6
M=2048 N=2048 K=2048
Time: 3.639916 sec
GFLOPS: 4.7199
