=======================================
Kernel: dgemm_kernel_8x8_zvl128b_lmul4_unroll1
Shape: Square (2048 x 2048 x 2048)
=======================================
Run 1
M=2048 N=2048 K=2048
Time: 9.430958 sec
GFLOPS: 1.8216
Run 2
M=2048 N=2048 K=2048
Time: 9.455960 sec
GFLOPS: 1.8168
Run 3
M=2048 N=2048 K=2048
Time: 9.435845 sec
GFLOPS: 1.8207
Run 4
M=2048 N=2048 K=2048
Time: 9.438396 sec
GFLOPS: 1.8202
Run 5
M=2048 N=2048 K=2048
Time: 9.467773 sec
GFLOPS: 1.8146
Run 6
M=2048 N=2048 K=2048
Time: 9.451584 sec
GFLOPS: 1.8177
