=======================================
Kernel: dgemm_kernel_8x8_zvl128b_lmul8_unroll1
Shape: Square (2048 x 2048 x 2048)
=======================================
Run 1
M=2048 N=2048 K=2048
Time: 32.404263 sec
GFLOPS: 0.5302
Run 2
M=2048 N=2048 K=2048
Time: 32.409607 sec
GFLOPS: 0.5301
Run 3
M=2048 N=2048 K=2048
Time: 32.438643 sec
GFLOPS: 0.5296
Run 4
M=2048 N=2048 K=2048
Time: 32.437343 sec
GFLOPS: 0.5296
Run 5
M=2048 N=2048 K=2048
Time: 32.994398 sec
GFLOPS: 0.5207
Run 6
M=2048 N=2048 K=2048
Time: 32.428325 sec
GFLOPS: 0.5298
