=======================================
Kernel: dgemm_kernel_8x8_zvl128b_lmul1_unroll8
Shape: Square (2048 x 2048 x 2048)
=======================================
Run 1
M=2048 N=2048 K=2048
Time: 3.737261 sec
GFLOPS: 4.5969
Run 2
M=2048 N=2048 K=2048
Time: 3.667185 sec
GFLOPS: 4.6848
Run 3
M=2048 N=2048 K=2048
Time: 3.667960 sec
GFLOPS: 4.6838
Run 4
M=2048 N=2048 K=2048
Time: 3.660307 sec
GFLOPS: 4.6936
Run 5
M=2048 N=2048 K=2048
Time: 3.721663 sec
GFLOPS: 4.6162
Run 6
M=2048 N=2048 K=2048
Time: 3.668852 sec
GFLOPS: 4.6826
