=======================================
Kernel: dgemm_kernel_8x8_zvl128b_lmul1_unroll4
Shape: Square (2048 x 2048 x 2048)
=======================================
Run 1
M=2048 N=2048 K=2048
Time: 3.789369 sec
GFLOPS: 4.5337
Run 2
M=2048 N=2048 K=2048
Time: 3.735977 sec
GFLOPS: 4.5985
Run 3
M=2048 N=2048 K=2048
Time: 3.736558 sec
GFLOPS: 4.5978
Run 4
M=2048 N=2048 K=2048
Time: 3.738990 sec
GFLOPS: 4.5948
Run 5
M=2048 N=2048 K=2048
Time: 3.746265 sec
GFLOPS: 4.5859
Run 6
M=2048 N=2048 K=2048
Time: 3.660126 sec
GFLOPS: 4.6938
