=======================================
Kernel: dgemm_kernel_8x8_zvl128b_lmul2_unroll1
Shape: Square (4096 x 4096 x 4096)
=======================================
Run 1
M=4096 N=4096 K=4096
Time: 26.011879 sec
GFLOPS: 5.2837
Run 2
M=4096 N=4096 K=4096
Time: 24.860711 sec
GFLOPS: 5.5284
Run 3
M=4096 N=4096 K=4096
Time: 24.512888 sec
GFLOPS: 5.6068
Run 4
M=4096 N=4096 K=4096
Time: 25.004384 sec
GFLOPS: 5.4966
Run 5
M=4096 N=4096 K=4096
Time: 24.483457 sec
GFLOPS: 5.6135
Run 6
M=4096 N=4096 K=4096
Time: 24.556167 sec
GFLOPS: 5.5969
