=======================================
Kernel: dgemm_kernel_8x8_zvl128b_lmul2_unroll8
Shape: Square (4096 x 4096 x 4096)
=======================================
Run 1
M=4096 N=4096 K=4096
Time: 25.190696 sec
GFLOPS: 5.4559
Run 2
M=4096 N=4096 K=4096
Time: 24.542611 sec
GFLOPS: 5.6000
Run 3
M=4096 N=4096 K=4096
Time: 24.562689 sec
GFLOPS: 5.5954
Run 4
M=4096 N=4096 K=4096
Time: 25.042890 sec
GFLOPS: 5.4881
Run 5
M=4096 N=4096 K=4096
Time: 24.870835 sec
GFLOPS: 5.5261
Run 6
M=4096 N=4096 K=4096
Time: 24.584906 sec
GFLOPS: 5.5904
