=======================================
Kernel: dgemm_kernel_8x8_zvl128b_lmul8_unroll2
Shape: Square (4096 x 4096 x 4096)
=======================================
Run 1
M=4096 N=4096 K=4096
Time: 261.854435 sec
GFLOPS: 0.5249
Run 2
M=4096 N=4096 K=4096
Time: 249.862409 sec
GFLOPS: 0.5501
Run 3
M=4096 N=4096 K=4096
Time: 258.718530 sec
GFLOPS: 0.5312
Run 4
M=4096 N=4096 K=4096
Time: 257.753525 sec
GFLOPS: 0.5332
Run 5
M=4096 N=4096 K=4096
Time: 249.812858 sec
GFLOPS: 0.5502
Run 6
M=4096 N=4096 K=4096
Time: 250.025550 sec
GFLOPS: 0.5497
