=======================================
Kernel: dgemm_kernel_8x8_zvl128b_lmul4_unroll2
Shape: Square (4096 x 4096 x 4096)
=======================================
Run 1
M=4096 N=4096 K=4096
Time: 89.098057 sec
GFLOPS: 1.5426
Run 2
M=4096 N=4096 K=4096
Time: 88.710282 sec
GFLOPS: 1.5493
Run 3
M=4096 N=4096 K=4096
Time: 89.147449 sec
GFLOPS: 1.5417
Run 4
M=4096 N=4096 K=4096
Time: 88.684939 sec
GFLOPS: 1.5497
Run 5
M=4096 N=4096 K=4096
Time: 88.580720 sec
GFLOPS: 1.5516
Run 6
M=4096 N=4096 K=4096
Time: 88.623568 sec
GFLOPS: 1.5508
