=======================================
RVV SGEMM LMUL m8 BENCHMARK
Each shape runs 6 times
=======================================
rm -f bench
gcc -O3 -march=rv64gcv_zvl128b -mabi=lp64d -std=c11 -Wall sgemm_kernel_8x8_zvl128b.c sgemm_bench.c -o bench

Shape: Square
Run 1
=======================================
RVV SGEMM LMUL m8 Benchmark
=======================================
M=4096 N=4096 K=4096
Time: 244.482758 sec
GFLOPS: 0.5622
Run 2
=======================================
RVV SGEMM LMUL m8 Benchmark
=======================================
M=4096 N=4096 K=4096
Time: 252.520491 sec
GFLOPS: 0.5443
Run 3
=======================================
RVV SGEMM LMUL m8 Benchmark
=======================================
M=4096 N=4096 K=4096
Time: 252.480183 sec
GFLOPS: 0.5444
Run 4
=======================================
RVV SGEMM LMUL m8 Benchmark
=======================================
M=4096 N=4096 K=4096
Time: 244.569570 sec
GFLOPS: 0.5620
Run 5
=======================================
RVV SGEMM LMUL m8 Benchmark
=======================================
M=4096 N=4096 K=4096
Time: 252.506076 sec
GFLOPS: 0.5443
Run 6
=======================================
RVV SGEMM LMUL m8 Benchmark
=======================================
M=4096 N=4096 K=4096
Time: 252.495339 sec
GFLOPS: 0.5443

Shape: Rectangular
Run 1
=======================================
RVV SGEMM LMUL m8 Benchmark
=======================================
M=4096 N=1024 K=4096
Time: 61.114602 sec
GFLOPS: 0.5622
Run 2
=======================================
RVV SGEMM LMUL m8 Benchmark
=======================================
M=4096 N=1024 K=4096
Time: 63.130154 sec
GFLOPS: 0.5443
Run 3
=======================================
RVV SGEMM LMUL m8 Benchmark
=======================================
M=4096 N=1024 K=4096
Time: 63.137448 sec
GFLOPS: 0.5442
Run 4
=======================================
RVV SGEMM LMUL m8 Benchmark
=======================================
M=4096 N=1024 K=4096
Time: 62.619175 sec
GFLOPS: 0.5487
Run 5
=======================================
RVV SGEMM LMUL m8 Benchmark
=======================================
M=4096 N=1024 K=4096
Time: 61.963043 sec
GFLOPS: 0.5545
Run 6
=======================================
RVV SGEMM LMUL m8 Benchmark
=======================================
M=4096 N=1024 K=4096
Time: 63.142415 sec
GFLOPS: 0.5442

Shape: Tall
Run 1
=======================================
RVV SGEMM LMUL m8 Benchmark
=======================================
M=8192 N=256 K=4096
Time: 31.576181 sec
GFLOPS: 0.5441
Run 2
=======================================
RVV SGEMM LMUL m8 Benchmark
=======================================
M=8192 N=256 K=4096
Time: 31.573750 sec
GFLOPS: 0.5441
Run 3
=======================================
RVV SGEMM LMUL m8 Benchmark
=======================================
M=8192 N=256 K=4096
Time: 31.584857 sec
GFLOPS: 0.5439
Run 4
=======================================
RVV SGEMM LMUL m8 Benchmark
=======================================
M=8192 N=256 K=4096
Time: 30.577088 sec
GFLOPS: 0.5619
Run 5
=======================================
RVV SGEMM LMUL m8 Benchmark
=======================================
M=8192 N=256 K=4096
Time: 30.687635 sec
GFLOPS: 0.5598
Run 6
=======================================
RVV SGEMM LMUL m8 Benchmark
=======================================
M=8192 N=256 K=4096
Time: 30.586391 sec
GFLOPS: 0.5617

Shape: Wide
Run 1
=======================================
RVV SGEMM LMUL m8 Benchmark
=======================================
M=64 N=32768 K=4096
Time: 30.690279 sec
GFLOPS: 0.5598
Run 2
=======================================
RVV SGEMM LMUL m8 Benchmark
=======================================
M=64 N=32768 K=4096
Time: 31.452996 sec
GFLOPS: 0.5462
Run 3
=======================================
RVV SGEMM LMUL m8 Benchmark
=======================================
M=64 N=32768 K=4096
Time: 31.458092 sec
GFLOPS: 0.5461
Run 4
=======================================
RVV SGEMM LMUL m8 Benchmark
=======================================
M=64 N=32768 K=4096
Time: 31.457269 sec
GFLOPS: 0.5461
Run 5
=======================================
RVV SGEMM LMUL m8 Benchmark
=======================================
M=64 N=32768 K=4096
Time: 31.460190 sec
GFLOPS: 0.5461
Run 6
=======================================
RVV SGEMM LMUL m8 Benchmark
=======================================
M=64 N=32768 K=4096
Time: 31.453470 sec
GFLOPS: 0.5462
Done.
