=======================================
Kernel: sgemm_kernel_16x8_zvl256b_lmul8_unroll1
Core: 0 (AI Cluster - 512KB TCM)
Shape: Square (4096 x 4096 x 4096)
=======================================
Run 1
M=4096 N=4096 K=4096
Time: 384.146522 sec
GFLOPS: 0.3578
Run 2
M=4096 N=4096 K=4096
Time: 384.605817 sec
GFLOPS: 0.3574
Run 3
M=4096 N=4096 K=4096
Time: 384.569920 sec
GFLOPS: 0.3574
Run 4
M=4096 N=4096 K=4096
Time: 384.646747 sec
GFLOPS: 0.3573
Run 5
M=4096 N=4096 K=4096
Time: 384.632639 sec
GFLOPS: 0.3573
Run 6
M=4096 N=4096 K=4096
Time: 384.685477 sec
GFLOPS: 0.3573
