=======================================
Kernel: sgemm_kernel_16x8_zvl256b_lmul4_unroll4
Core: 0 (AI Cluster - 512KB TCM)
Shape: Square (4096 x 4096 x 4096)
=======================================
Run 1
M=4096 N=4096 K=4096
Time: 201.141201 sec
GFLOPS: 0.6833
Run 2
M=4096 N=4096 K=4096
Time: 201.644099 sec
GFLOPS: 0.6816
Run 3
M=4096 N=4096 K=4096
Time: 201.657916 sec
GFLOPS: 0.6815
Run 4
M=4096 N=4096 K=4096
Time: 201.477729 sec
GFLOPS: 0.6822
Run 5
M=4096 N=4096 K=4096
Time: 201.356398 sec
GFLOPS: 0.6826
Run 6
M=4096 N=4096 K=4096
Time: 201.542639 sec
GFLOPS: 0.6819
