=======================================
Kernel: sgemm_kernel_16x8_zvl256b_lmul2_unroll1
Core: 0 (AI Cluster - 512KB TCM)
Shape: Square (4096 x 4096 x 4096)
=======================================
Run 1
M=4096 N=4096 K=4096
Time: 40.848446 sec
GFLOPS: 3.3646
Run 2
M=4096 N=4096 K=4096
Time: 41.065926 sec
GFLOPS: 3.3468
Run 3
M=4096 N=4096 K=4096
Time: 40.854587 sec
GFLOPS: 3.3641
Run 4
M=4096 N=4096 K=4096
Time: 40.852955 sec
GFLOPS: 3.3642
Run 5
M=4096 N=4096 K=4096
Time: 41.080672 sec
GFLOPS: 3.3456
Run 6
M=4096 N=4096 K=4096
Time: 40.866076 sec
GFLOPS: 3.3632
