=======================================
Kernel: sgemm_kernel_16x8_zvl256b_lmul1_unroll4
Core: 0 (AI Cluster - 512KB TCM)
Shape: Square (4096 x 4096 x 4096)
=======================================
Run 1
M=4096 N=4096 K=4096
Time: 12.416675 sec
GFLOPS: 11.0689
Run 2
M=4096 N=4096 K=4096
Time: 12.419529 sec
GFLOPS: 11.0664
Run 3
M=4096 N=4096 K=4096
Time: 12.420296 sec
GFLOPS: 11.0657
Run 4
M=4096 N=4096 K=4096
Time: 12.616434 sec
GFLOPS: 10.8936
Run 5
M=4096 N=4096 K=4096
Time: 12.427767 sec
GFLOPS: 11.0590
Run 6
M=4096 N=4096 K=4096
Time: 12.425325 sec
GFLOPS: 11.0612
