=======================================
Kernel: sgemm_kernel_16x8_zvl256b_lmul8_unroll8
Core: 0 (AI Cluster - 512KB TCM)
Shape: Square (4096 x 4096 x 4096)
=======================================
Run 1
M=4096 N=4096 K=4096
Time: 384.510333 sec
GFLOPS: 0.3574
Run 2
M=4096 N=4096 K=4096
Time: 384.267197 sec
GFLOPS: 0.3577
Run 3
M=4096 N=4096 K=4096
Time: 384.406232 sec
GFLOPS: 0.3575
Run 4
M=4096 N=4096 K=4096
Time: 384.081154 sec
GFLOPS: 0.3578
Run 5
M=4096 N=4096 K=4096
Time: 384.160882 sec
GFLOPS: 0.3578
Run 6
M=4096 N=4096 K=4096
Time: 384.369735 sec
GFLOPS: 0.3576
