=======================================
Kernel: sgemm_kernel_16x8_zvl256b_lmul4_unroll8
Core: 0 (AI Cluster - 512KB TCM)
Shape: Square (4096 x 4096 x 4096)
=======================================
Run 1
M=4096 N=4096 K=4096
Time: 201.519242 sec
GFLOPS: 0.6820
Run 2
M=4096 N=4096 K=4096
Time: 201.451279 sec
GFLOPS: 0.6822
Run 3
M=4096 N=4096 K=4096
Time: 201.646344 sec
GFLOPS: 0.6816
Run 4
M=4096 N=4096 K=4096
Time: 201.589259 sec
GFLOPS: 0.6818
Run 5
M=4096 N=4096 K=4096
Time: 201.450925 sec
GFLOPS: 0.6822
Run 6
M=4096 N=4096 K=4096
Time: 201.646031 sec
GFLOPS: 0.6816
