=======================================
Kernel: sgemm_kernel_16x8_zvl256b_lmul2_unroll2
Core: 0 (AI Cluster - 512KB TCM)
Shape: Square (4096 x 4096 x 4096)
=======================================
Run 1
M=4096 N=4096 K=4096
Time: 40.893243 sec
GFLOPS: 3.3609
Run 2
M=4096 N=4096 K=4096
Time: 40.758053 sec
GFLOPS: 3.3721
Run 3
M=4096 N=4096 K=4096
Time: 40.746323 sec
GFLOPS: 3.3730
Run 4
M=4096 N=4096 K=4096
Time: 41.052939 sec
GFLOPS: 3.3478
Run 5
M=4096 N=4096 K=4096
Time: 40.858999 sec
GFLOPS: 3.3637
Run 6
M=4096 N=4096 K=4096
Time: 40.855693 sec
GFLOPS: 3.3640
