=======================================
Kernel: sgemm_kernel_16x8_zvl256b_lmul4_unroll2
Core: 0 (AI Cluster - 512KB TCM)
Shape: Square (4096 x 4096 x 4096)
=======================================
Run 1
M=4096 N=4096 K=4096
Time: 201.204637 sec
GFLOPS: 0.6831
Run 2
M=4096 N=4096 K=4096
Time: 201.232631 sec
GFLOPS: 0.6830
Run 3
M=4096 N=4096 K=4096
Time: 201.437404 sec
GFLOPS: 0.6823
Run 4
M=4096 N=4096 K=4096
Time: 201.606980 sec
GFLOPS: 0.6817
Run 5
M=4096 N=4096 K=4096
Time: 201.659857 sec
GFLOPS: 0.6815
Run 6
M=4096 N=4096 K=4096
Time: 201.516310 sec
GFLOPS: 0.6820
