=======================================
Kernel: sgemm_kernel_16x8_zvl256b_lmul8_unroll2
Core: 0 (AI Cluster - 512KB TCM)
Shape: Square (4096 x 4096 x 4096)
=======================================
Run 1
M=4096 N=4096 K=4096
Time: 383.849383 sec
GFLOPS: 0.3581
Run 2
M=4096 N=4096 K=4096
Time: 383.861213 sec
GFLOPS: 0.3580
Run 3
M=4096 N=4096 K=4096
Time: 383.874708 sec
GFLOPS: 0.3580
Run 4
M=4096 N=4096 K=4096
Time: 383.940129 sec
GFLOPS: 0.3580
Run 5
M=4096 N=4096 K=4096
Time: 384.509918 sec
GFLOPS: 0.3574
Run 6
M=4096 N=4096 K=4096
Time: 384.776089 sec
GFLOPS: 0.3572
