=======================================
Kernel: sgemm_kernel_16x8_zvl256b_lmul1_unroll8
Core: 0 (AI Cluster - 512KB TCM)
Shape: Square (4096 x 4096 x 4096)
=======================================
Run 1
M=4096 N=4096 K=4096
Time: 12.461772 sec
GFLOPS: 11.0288
Run 2
M=4096 N=4096 K=4096
Time: 12.448205 sec
GFLOPS: 11.0409
Run 3
M=4096 N=4096 K=4096
Time: 12.449794 sec
GFLOPS: 11.0395
Run 4
M=4096 N=4096 K=4096
Time: 12.457445 sec
GFLOPS: 11.0327
Run 5
M=4096 N=4096 K=4096
Time: 12.455735 sec
GFLOPS: 11.0342
Run 6
M=4096 N=4096 K=4096
Time: 12.457442 sec
GFLOPS: 11.0327
