=======================================
Kernel: OpenBLAS_Baseline_Kernel_FP32_Fractional-unroll8
Core: 4 (General Cluster)
Shape: Square (4096 x 4096 x 4096)
=======================================
Run 1
=======================================
RVV SGEMM FRACTIONAL LMUL mf2 UNROLL8 Benchmark
=======================================
M=4096 N=4096 K=4096
Time: 15.741618 sec
GFLOPS: 8.7309
Run 2
=======================================
RVV SGEMM FRACTIONAL LMUL mf2 UNROLL8 Benchmark
=======================================
M=4096 N=4096 K=4096
Time: 15.734436 sec
GFLOPS: 8.7349
Run 3
=======================================
RVV SGEMM FRACTIONAL LMUL mf2 UNROLL8 Benchmark
=======================================
M=4096 N=4096 K=4096
Time: 15.733405 sec
GFLOPS: 8.7355
Run 4
=======================================
RVV SGEMM FRACTIONAL LMUL mf2 UNROLL8 Benchmark
=======================================
M=4096 N=4096 K=4096
Time: 15.740213 sec
GFLOPS: 8.7317
Run 5
=======================================
RVV SGEMM FRACTIONAL LMUL mf2 UNROLL8 Benchmark
=======================================
M=4096 N=4096 K=4096
Time: 15.723491 sec
GFLOPS: 8.7410
Run 6
=======================================
RVV SGEMM FRACTIONAL LMUL mf2 UNROLL8 Benchmark
=======================================
M=4096 N=4096 K=4096
Time: 15.721814 sec
GFLOPS: 8.7419
