=======================================
Kernel: OpenBLAS_Baseline_Kernel_FP32_Fractional-unroll4
Core: 4 (General Cluster)
Shape: Square (4096 x 4096 x 4096)
=======================================
Run 1
=======================================
RVV SGEMM FRACTIONAL LMUL mf2 UNROLL4 Benchmark
=======================================
M=4096 N=4096 K=4096
Time: 15.742917 sec
GFLOPS: 8.7302
Run 2
=======================================
RVV SGEMM FRACTIONAL LMUL mf2 UNROLL4 Benchmark
=======================================
M=4096 N=4096 K=4096
Time: 15.714187 sec
GFLOPS: 8.7462
Run 3
=======================================
RVV SGEMM FRACTIONAL LMUL mf2 UNROLL4 Benchmark
=======================================
M=4096 N=4096 K=4096
Time: 15.692495 sec
GFLOPS: 8.7583
Run 4
=======================================
RVV SGEMM FRACTIONAL LMUL mf2 UNROLL4 Benchmark
=======================================
M=4096 N=4096 K=4096
Time: 15.719014 sec
GFLOPS: 8.7435
Run 5
=======================================
RVV SGEMM FRACTIONAL LMUL mf2 UNROLL4 Benchmark
=======================================
M=4096 N=4096 K=4096
Time: 15.719326 sec
GFLOPS: 8.7433
Run 6
=======================================
RVV SGEMM FRACTIONAL LMUL mf2 UNROLL4 Benchmark
=======================================
M=4096 N=4096 K=4096
Time: 15.738615 sec
GFLOPS: 8.7326
