=======================================
Kernel: sgemm_kernel_8x8_zvl128b_lmul8_unroll2
Core: 4 (General Cluster)
Shape: Square (4096 x 4096 x 4096)
=======================================
Run 1
=======================================
RVV SGEMM LMUL m8 Benchmark
=======================================
M=4096 N=4096 K=4096
Time: 252.427903 sec
GFLOPS: 0.5445
Run 2
=======================================
RVV SGEMM LMUL m8 Benchmark
=======================================
M=4096 N=4096 K=4096
Time: 252.493901 sec
GFLOPS: 0.5443
Run 3
=======================================
RVV SGEMM LMUL m8 Benchmark
=======================================
M=4096 N=4096 K=4096
Time: 252.527960 sec
GFLOPS: 0.5443
Run 4
=======================================
RVV SGEMM LMUL m8 Benchmark
=======================================
M=4096 N=4096 K=4096
Time: 252.557991 sec
GFLOPS: 0.5442
Run 5
=======================================
RVV SGEMM LMUL m8 Benchmark
=======================================
M=4096 N=4096 K=4096
Time: 252.560997 sec
GFLOPS: 0.5442
Run 6
=======================================
RVV SGEMM LMUL m8 Benchmark
=======================================
M=4096 N=4096 K=4096
Time: 252.487199 sec
GFLOPS: 0.5443
