=======================================
Kernel: sgemm_kernel_8x8_zvl128b_lmul4_unroll4
Core: 4 (General Cluster)
Shape: Square (4096 x 4096 x 4096)
=======================================
Run 1
=======================================
RVV SGEMM LMUL m4 Unroll 4 Benchmark
=======================================
M=4096 N=4096 K=4096
Time: 88.217209 sec
GFLOPS: 1.5580
Run 2
=======================================
RVV SGEMM LMUL m4 Unroll 4 Benchmark
=======================================
M=4096 N=4096 K=4096
Time: 88.179045 sec
GFLOPS: 1.5586
Run 3
=======================================
RVV SGEMM LMUL m4 Unroll 4 Benchmark
=======================================
M=4096 N=4096 K=4096
Time: 88.205465 sec
GFLOPS: 1.5582
Run 4
=======================================
RVV SGEMM LMUL m4 Unroll 4 Benchmark
=======================================
M=4096 N=4096 K=4096
Time: 88.181113 sec
GFLOPS: 1.5586
Run 5
=======================================
RVV SGEMM LMUL m4 Unroll 4 Benchmark
=======================================
M=4096 N=4096 K=4096
Time: 88.188788 sec
GFLOPS: 1.5585
Run 6
=======================================
RVV SGEMM LMUL m4 Unroll 4 Benchmark
=======================================
M=4096 N=4096 K=4096
Time: 88.180472 sec
GFLOPS: 1.5586
