=======================================
Kernel: sgemm_kernel_8x8_zvl128b_lmul8_unroll8
Core: 4 (General Cluster)
Shape: Square (4096 x 4096 x 4096)
=======================================
Run 1
=======================================
RVV SGEMM LMUL m8 Unroll 8 Benchmark
=======================================
M=4096 N=4096 K=4096
Time: 311.041397 sec
GFLOPS: 0.4419
Run 2
=======================================
RVV SGEMM LMUL m8 Unroll 8 Benchmark
=======================================
M=4096 N=4096 K=4096
Time: 311.120036 sec
GFLOPS: 0.4418
Run 3
=======================================
RVV SGEMM LMUL m8 Unroll 8 Benchmark
=======================================
M=4096 N=4096 K=4096
Time: 311.068833 sec
GFLOPS: 0.4418
Run 4
=======================================
RVV SGEMM LMUL m8 Unroll 8 Benchmark
=======================================
M=4096 N=4096 K=4096
Time: 311.091137 sec
GFLOPS: 0.4418
Run 5
=======================================
RVV SGEMM LMUL m8 Unroll 8 Benchmark
=======================================
M=4096 N=4096 K=4096
Time: 310.918072 sec
GFLOPS: 0.4420
Run 6
=======================================
RVV SGEMM LMUL m8 Unroll 8 Benchmark
=======================================
M=4096 N=4096 K=4096
Time: 311.029507 sec
GFLOPS: 0.4419
