=======================================
Kernel: sgemm_kernel_8x8_zvl128b_lmul1_unroll2
Core: 4 (General Cluster)
Shape: Square (4096 x 4096 x 4096)
=======================================
Run 1
=======================================
RVV SGEMM LMUL m1 Benchmark
=======================================
M=4096 N=4096 K=4096
Time: 17.689999 sec
GFLOPS: 7.7693
Run 2
=======================================
RVV SGEMM LMUL m1 Benchmark
=======================================
M=4096 N=4096 K=4096
Time: 17.683783 sec
GFLOPS: 7.7720
Run 3
=======================================
RVV SGEMM LMUL m1 Benchmark
=======================================
M=4096 N=4096 K=4096
Time: 17.683789 sec
GFLOPS: 7.7720
Run 4
=======================================
RVV SGEMM LMUL m1 Benchmark
=======================================
M=4096 N=4096 K=4096
Time: 17.674109 sec
GFLOPS: 7.7763
Run 5
=======================================
RVV SGEMM LMUL m1 Benchmark
=======================================
M=4096 N=4096 K=4096
Time: 17.673860 sec
GFLOPS: 7.7764
Run 6
=======================================
RVV SGEMM LMUL m1 Benchmark
=======================================
M=4096 N=4096 K=4096
Time: 17.695961 sec
GFLOPS: 7.7667
