=======================================
Kernel: sgemm_kernel_8x8_zvl128b_lmul1_unroll1
Core: 4 (General Cluster)
Shape: Square (4096 x 4096 x 4096)
=======================================
Run 1
=======================================
RVV SGEMM LMUL m1 No Unroll Benchmark
=======================================
M=4096 N=4096 K=4096
Time: 18.668380 sec
GFLOPS: 7.3621
Run 2
=======================================
RVV SGEMM LMUL m1 No Unroll Benchmark
=======================================
M=4096 N=4096 K=4096
Time: 18.671815 sec
GFLOPS: 7.3608
Run 3
=======================================
RVV SGEMM LMUL m1 No Unroll Benchmark
=======================================
M=4096 N=4096 K=4096
Time: 18.673567 sec
GFLOPS: 7.3601
Run 4
=======================================
RVV SGEMM LMUL m1 No Unroll Benchmark
=======================================
M=4096 N=4096 K=4096
Time: 18.671864 sec
GFLOPS: 7.3608
Run 5
=======================================
RVV SGEMM LMUL m1 No Unroll Benchmark
=======================================
M=4096 N=4096 K=4096
Time: 18.659632 sec
GFLOPS: 7.3656
Run 6
=======================================
RVV SGEMM LMUL m1 No Unroll Benchmark
=======================================
M=4096 N=4096 K=4096
Time: 18.685579 sec
GFLOPS: 7.3553
