=======================================
Kernel: sgemm_kernel_8x8_zvl128b_lmul2_unroll4
Core: 4 (General Cluster)
Shape: Square (4096 x 4096 x 4096)
=======================================
Run 1
=======================================
RVV SGEMM LMUL m2 Unroll 4 Benchmark
=======================================
M=4096 N=4096 K=4096
Time: 23.184839 sec
GFLOPS: 5.9280
Run 2
=======================================
RVV SGEMM LMUL m2 Unroll 4 Benchmark
=======================================
M=4096 N=4096 K=4096
Time: 23.185584 sec
GFLOPS: 5.9278
Run 3
=======================================
RVV SGEMM LMUL m2 Unroll 4 Benchmark
=======================================
M=4096 N=4096 K=4096
Time: 23.181575 sec
GFLOPS: 5.9288
Run 4
=======================================
RVV SGEMM LMUL m2 Unroll 4 Benchmark
=======================================
M=4096 N=4096 K=4096
Time: 23.178319 sec
GFLOPS: 5.9296
Run 5
=======================================
RVV SGEMM LMUL m2 Unroll 4 Benchmark
=======================================
M=4096 N=4096 K=4096
Time: 23.188322 sec
GFLOPS: 5.9271
Run 6
=======================================
RVV SGEMM LMUL m2 Unroll 4 Benchmark
=======================================
M=4096 N=4096 K=4096
Time: 23.190759 sec
GFLOPS: 5.9265
