=======================================
Kernel: sgemm_kernel_8x8_zvl128b_lmul4_unroll1
Core: 4 (General Cluster)
Shape: Square (4096 x 4096 x 4096)
=======================================
Run 1
=======================================
RVV SGEMM LMUL m4 No Unroll Benchmark
=======================================
M=4096 N=4096 K=4096
Time: 75.645628 sec
GFLOPS: 1.8169
Run 2
=======================================
RVV SGEMM LMUL m4 No Unroll Benchmark
=======================================
M=4096 N=4096 K=4096
Time: 75.662575 sec
GFLOPS: 1.8165
Run 3
=======================================
RVV SGEMM LMUL m4 No Unroll Benchmark
=======================================
M=4096 N=4096 K=4096
Time: 75.645581 sec
GFLOPS: 1.8169
Run 4
=======================================
RVV SGEMM LMUL m4 No Unroll Benchmark
=======================================
M=4096 N=4096 K=4096
Time: 75.654478 sec
GFLOPS: 1.8167
Run 5
=======================================
RVV SGEMM LMUL m4 No Unroll Benchmark
=======================================
M=4096 N=4096 K=4096
Time: 75.648594 sec
GFLOPS: 1.8168
Run 6
=======================================
RVV SGEMM LMUL m4 No Unroll Benchmark
=======================================
M=4096 N=4096 K=4096
Time: 75.656228 sec
GFLOPS: 1.8166
