=======================================
Kernel: sgemm_kernel_8x8_zvl128b_lmul8_unroll1
Core: 4 (General Cluster)
Shape: Square (4096 x 4096 x 4096)
=======================================
Run 1
=======================================
RVV SGEMM LMUL m8 No Unroll Benchmark
=======================================
M=4096 N=4096 K=4096
Time: 252.004203 sec
GFLOPS: 0.5454
Run 2
=======================================
RVV SGEMM LMUL m8 No Unroll Benchmark
=======================================
M=4096 N=4096 K=4096
Time: 251.976361 sec
GFLOPS: 0.5454
Run 3
=======================================
RVV SGEMM LMUL m8 No Unroll Benchmark
=======================================
M=4096 N=4096 K=4096
Time: 252.004356 sec
GFLOPS: 0.5454
Run 4
=======================================
RVV SGEMM LMUL m8 No Unroll Benchmark
=======================================
M=4096 N=4096 K=4096
Time: 252.086960 sec
GFLOPS: 0.5452
Run 5
=======================================
RVV SGEMM LMUL m8 No Unroll Benchmark
=======================================
M=4096 N=4096 K=4096
Time: 251.982252 sec
GFLOPS: 0.5454
Run 6
=======================================
RVV SGEMM LMUL m8 No Unroll Benchmark
=======================================
M=4096 N=4096 K=4096
Time: 252.056939 sec
GFLOPS: 0.5453
