=======================================
Kernel: sgemm_kernel_8x8_zvl128b_lmul4_unroll8
Core: 4 (General Cluster)
Shape: Square (4096 x 4096 x 4096)
=======================================
Run 1
=======================================
RVV SGEMM LMUL m4 Unroll 8 Benchmark
=======================================
M=4096 N=4096 K=4096
Time: 75.729640 sec
GFLOPS: 1.8149
Run 2
=======================================
RVV SGEMM LMUL m4 Unroll 8 Benchmark
=======================================
M=4096 N=4096 K=4096
Time: 75.710306 sec
GFLOPS: 1.8153
Run 3
=======================================
RVV SGEMM LMUL m4 Unroll 8 Benchmark
=======================================
M=4096 N=4096 K=4096
Time: 75.699576 sec
GFLOPS: 1.8156
Run 4
=======================================
RVV SGEMM LMUL m4 Unroll 8 Benchmark
=======================================
M=4096 N=4096 K=4096
Time: 75.733556 sec
GFLOPS: 1.8148
Run 5
=======================================
RVV SGEMM LMUL m4 Unroll 8 Benchmark
=======================================
M=4096 N=4096 K=4096
Time: 75.731595 sec
GFLOPS: 1.8148
Run 6
=======================================
RVV SGEMM LMUL m4 Unroll 8 Benchmark
=======================================
M=4096 N=4096 K=4096
Time: 75.747697 sec
GFLOPS: 1.8144
