=======================================
Kernel: sgemm_kernel_8x8_zvl128b_lmul1_unroll8
Core: 4 (General Cluster)
Shape: Square (4096 x 4096 x 4096)
=======================================
Run 1
=======================================
RVV SGEMM LMUL m1 Unroll 8 Benchmark
=======================================
M=4096 N=4096 K=4096
Time: 16.850574 sec
GFLOPS: 8.1563
Run 2
=======================================
RVV SGEMM LMUL m1 Unroll 8 Benchmark
=======================================
M=4096 N=4096 K=4096
Time: 16.833042 sec
GFLOPS: 8.1648
Run 3
=======================================
RVV SGEMM LMUL m1 Unroll 8 Benchmark
=======================================
M=4096 N=4096 K=4096
Time: 16.832344 sec
GFLOPS: 8.1652
Run 4
=======================================
RVV SGEMM LMUL m1 Unroll 8 Benchmark
=======================================
M=4096 N=4096 K=4096
Time: 16.830715 sec
GFLOPS: 8.1660
Run 5
=======================================
RVV SGEMM LMUL m1 Unroll 8 Benchmark
=======================================
M=4096 N=4096 K=4096
Time: 16.836552 sec
GFLOPS: 8.1631
Run 6
=======================================
RVV SGEMM LMUL m1 Unroll 8 Benchmark
=======================================
M=4096 N=4096 K=4096
Time: 16.838176 sec
GFLOPS: 8.1623
