=======================================
Kernel: sgemm_kernel_8x8_zvl128b_lmul2_unroll2
Core: 4 (General Cluster)
Shape: Square (4096 x 4096 x 4096)
=======================================
Run 1
=======================================
RVV SGEMM LMUL m2 Unroll 2 Benchmark
=======================================
M=4096 N=4096 K=4096
Time: 25.116401 sec
GFLOPS: 5.4721
Run 2
=======================================
RVV SGEMM LMUL m2 Unroll 2 Benchmark
=======================================
M=4096 N=4096 K=4096
Time: 25.110950 sec
GFLOPS: 5.4733
Run 3
=======================================
RVV SGEMM LMUL m2 Unroll 2 Benchmark
=======================================
M=4096 N=4096 K=4096
Time: 25.117530 sec
GFLOPS: 5.4718
Run 4
=======================================
RVV SGEMM LMUL m2 Unroll 2 Benchmark
=======================================
M=4096 N=4096 K=4096
Time: 25.121951 sec
GFLOPS: 5.4709
Run 5
=======================================
RVV SGEMM LMUL m2 Unroll 2 Benchmark
=======================================
M=4096 N=4096 K=4096
Time: 25.124996 sec
GFLOPS: 5.4702
Run 6
=======================================
RVV SGEMM LMUL m2 Unroll 2 Benchmark
=======================================
M=4096 N=4096 K=4096
Time: 25.123351 sec
GFLOPS: 5.4706
