=======================================
Kernel: sgemm_kernel_8x8_zvl128b_lmul8_unroll4
Core: 4 (General Cluster)
Shape: Square (4096 x 4096 x 4096)
=======================================
Run 1
=======================================
RVV SGEMM LMUL m8 Unroll 4 Benchmark
=======================================
M=4096 N=4096 K=4096
Time: 311.430748 sec
GFLOPS: 0.4413
Run 2
=======================================
RVV SGEMM LMUL m8 Unroll 4 Benchmark
=======================================
M=4096 N=4096 K=4096
Time: 311.428353 sec
GFLOPS: 0.4413
Run 3
=======================================
RVV SGEMM LMUL m8 Unroll 4 Benchmark
=======================================
M=4096 N=4096 K=4096
Time: 311.386306 sec
GFLOPS: 0.4414
Run 4
=======================================
RVV SGEMM LMUL m8 Unroll 4 Benchmark
=======================================
M=4096 N=4096 K=4096
Time: 311.371951 sec
GFLOPS: 0.4414
Run 5
=======================================
RVV SGEMM LMUL m8 Unroll 4 Benchmark
=======================================
M=4096 N=4096 K=4096
Time: 311.434005 sec
GFLOPS: 0.4413
Run 6
=======================================
RVV SGEMM LMUL m8 Unroll 4 Benchmark
=======================================
M=4096 N=4096 K=4096
Time: 311.448721 sec
GFLOPS: 0.4413
