=======================================
Kernel: sgemm_kernel_8x8_zvl128b_lmul4_unroll2
Core: 4 (General Cluster)
Shape: Square (4096 x 4096 x 4096)
=======================================
Run 1
=======================================
RVV SGEMM LMUL m4 Benchmark
=======================================
M=4096 N=4096 K=4096
Time: 87.234153 sec
GFLOPS: 1.5755
Run 2
=======================================
RVV SGEMM LMUL m4 Benchmark
=======================================
M=4096 N=4096 K=4096
Time: 87.255653 sec
GFLOPS: 1.5751
Run 3
=======================================
RVV SGEMM LMUL m4 Benchmark
=======================================
M=4096 N=4096 K=4096
Time: 87.258219 sec
GFLOPS: 1.5751
Run 4
=======================================
RVV SGEMM LMUL m4 Benchmark
=======================================
M=4096 N=4096 K=4096
Time: 87.270539 sec
GFLOPS: 1.5749
Run 5
=======================================
RVV SGEMM LMUL m4 Benchmark
=======================================
M=4096 N=4096 K=4096
Time: 87.286191 sec
GFLOPS: 1.5746
Run 6
=======================================
RVV SGEMM LMUL m4 Benchmark
=======================================
M=4096 N=4096 K=4096
Time: 87.283014 sec
GFLOPS: 1.5746
