=======================================
Kernel: sgemm_kernel_8x8_zvl128b_lmul1_unroll4
Core: 4 (General Cluster)
Shape: Square (4096 x 4096 x 4096)
=======================================
Run 1
=======================================
RVV SGEMM LMUL m1 Unroll 4 Benchmark
=======================================
M=4096 N=4096 K=4096
Time: 16.695424 sec
GFLOPS: 8.2321
Run 2
=======================================
RVV SGEMM LMUL m1 Unroll 4 Benchmark
=======================================
M=4096 N=4096 K=4096
Time: 16.688385 sec
GFLOPS: 8.2356
Run 3
=======================================
RVV SGEMM LMUL m1 Unroll 4 Benchmark
=======================================
M=4096 N=4096 K=4096
Time: 16.685751 sec
GFLOPS: 8.2369
Run 4
=======================================
RVV SGEMM LMUL m1 Unroll 4 Benchmark
=======================================
M=4096 N=4096 K=4096
Time: 16.687768 sec
GFLOPS: 8.2359
Run 5
=======================================
RVV SGEMM LMUL m1 Unroll 4 Benchmark
=======================================
M=4096 N=4096 K=4096
Time: 16.686740 sec
GFLOPS: 8.2364
Run 6
=======================================
RVV SGEMM LMUL m1 Unroll 4 Benchmark
=======================================
M=4096 N=4096 K=4096
Time: 16.714827 sec
GFLOPS: 8.2226
