=======================================
Kernel: sgemm_kernel_8x8_zvl128b_lmul2_unroll8
Core: 4 (General Cluster)
Shape: Square (4096 x 4096 x 4096)
=======================================
Run 1
=======================================
RVV SGEMM LMUL m2 Unroll 8 Benchmark
=======================================
M=4096 N=4096 K=4096
Time: 23.834085 sec
GFLOPS: 5.7665
Run 2
=======================================
RVV SGEMM LMUL m2 Unroll 8 Benchmark
=======================================
M=4096 N=4096 K=4096
Time: 23.833774 sec
GFLOPS: 5.7666
Run 3
=======================================
RVV SGEMM LMUL m2 Unroll 8 Benchmark
=======================================
M=4096 N=4096 K=4096
Time: 23.838664 sec
GFLOPS: 5.7654
Run 4
=======================================
RVV SGEMM LMUL m2 Unroll 8 Benchmark
=======================================
M=4096 N=4096 K=4096
Time: 23.837973 sec
GFLOPS: 5.7655
Run 5
=======================================
RVV SGEMM LMUL m2 Unroll 8 Benchmark
=======================================
M=4096 N=4096 K=4096
Time: 23.828301 sec
GFLOPS: 5.7679
Run 6
=======================================
RVV SGEMM LMUL m2 Unroll 8 Benchmark
=======================================
M=4096 N=4096 K=4096
Time: 23.829684 sec
GFLOPS: 5.7676
