nohup: ignoring input
==========================================================
 Starting Compilation & Square-Only Benchmarks (FP32)
 Dimensions: M=4096, N=4096, K=4096
==========================================================
----------------------------------------------------------
>>> Processing: OpenBLAS_Baseline_Kernel_FP32
    Compilation successful. Running 6 iterations...
    Run 1...
    Run 2...
    Run 3...
    Run 4...
    Run 5...
    Run 6...
    Done. Results saved to ../summary_results/OpenBLAS_Baseline_Kernel_FP32_square_results.log
----------------------------------------------------------
>>> Processing: OpenBLAS_Baseline_Kernel_FP32_Fractional
    Compilation successful. Running 6 iterations...
    Run 1...
    Run 2...
    Run 3...
    Run 4...
    Run 5...
    Run 6...
    Done. Results saved to ../summary_results/OpenBLAS_Baseline_Kernel_FP32_Fractional_square_results.log
----------------------------------------------------------
>>> Processing: OpenBLAS_Baseline_Kernel_FP32_Fractional-unroll2
    Compilation successful. Running 6 iterations...
    Run 1...
    Run 2...
    Run 3...
    Run 4...
    Run 5...
    Run 6...
    Done. Results saved to ../summary_results/OpenBLAS_Baseline_Kernel_FP32_Fractional-unroll2_square_results.log
----------------------------------------------------------
>>> Processing: OpenBLAS_Baseline_Kernel_FP32_Fractional-unroll4
    Compilation successful. Running 6 iterations...
    Run 1...
    Run 2...
    Run 3...
    Run 4...
    Run 5...
    Run 6...
    Done. Results saved to ../summary_results/OpenBLAS_Baseline_Kernel_FP32_Fractional-unroll4_square_results.log
----------------------------------------------------------
>>> Processing: OpenBLAS_Baseline_Kernel_FP32_Fractional-unroll8
    Compilation successful. Running 6 iterations...
    Run 1...
    Run 2...
    Run 3...
    Run 4...
    Run 5...
    Run 6...
    Done. Results saved to ../summary_results/OpenBLAS_Baseline_Kernel_FP32_Fractional-unroll8_square_results.log
----------------------------------------------------------
>>> Processing: sgemm_kernel_8x8_zvl128b_lmul1_unroll1
    Compilation successful. Running 6 iterations...
    Run 1...
    Run 2...
    Run 3...
    Run 4...
    Run 5...
    Run 6...
    Done. Results saved to ../summary_results/sgemm_kernel_8x8_zvl128b_lmul1_unroll1_square_results.log
----------------------------------------------------------
>>> Processing: sgemm_kernel_8x8_zvl128b_lmul1_unroll2
    Compilation successful. Running 6 iterations...
    Run 1...
    Run 2...
    Run 3...
    Run 4...
    Run 5...
    Run 6...
    Done. Results saved to ../summary_results/sgemm_kernel_8x8_zvl128b_lmul1_unroll2_square_results.log
----------------------------------------------------------
>>> Processing: sgemm_kernel_8x8_zvl128b_lmul1_unroll4
    Compilation successful. Running 6 iterations...
    Run 1...
    Run 2...
    Run 3...
    Run 4...
    Run 5...
    Run 6...
    Done. Results saved to ../summary_results/sgemm_kernel_8x8_zvl128b_lmul1_unroll4_square_results.log
----------------------------------------------------------
>>> Processing: sgemm_kernel_8x8_zvl128b_lmul1_unroll8
    Compilation successful. Running 6 iterations...
    Run 1...
    Run 2...
    Run 3...
    Run 4...
    Run 5...
    Run 6...
    Done. Results saved to ../summary_results/sgemm_kernel_8x8_zvl128b_lmul1_unroll8_square_results.log
----------------------------------------------------------
>>> Processing: sgemm_kernel_8x8_zvl128b_lmul2_unroll2
    Compilation successful. Running 6 iterations...
    Run 1...
    Run 2...
    Run 3...
    Run 4...
    Run 5...
    Run 6...
    Done. Results saved to ../summary_results/sgemm_kernel_8x8_zvl128b_lmul2_unroll2_square_results.log
----------------------------------------------------------
>>> Processing: sgemm_kernel_8x8_zvl128b_lmul2_unroll4
    Compilation successful. Running 6 iterations...
    Run 1...
    Run 2...
    Run 3...
    Run 4...
    Run 5...
    Run 6...
    Done. Results saved to ../summary_results/sgemm_kernel_8x8_zvl128b_lmul2_unroll4_square_results.log
----------------------------------------------------------
>>> Processing: sgemm_kernel_8x8_zvl128b_lmul2_unroll8
    Compilation successful. Running 6 iterations...
    Run 1...
    Run 2...
    Run 3...
    Run 4...
    Run 5...
    Run 6...
    Done. Results saved to ../summary_results/sgemm_kernel_8x8_zvl128b_lmul2_unroll8_square_results.log
----------------------------------------------------------
>>> Processing: sgemm_kernel_8x8_zvl128b_lmul4_unroll1
    Compilation successful. Running 6 iterations...
    Run 1...
    Run 2...
    Run 3...
    Run 4...
    Run 5...
    Run 6...
    Done. Results saved to ../summary_results/sgemm_kernel_8x8_zvl128b_lmul4_unroll1_square_results.log
----------------------------------------------------------
>>> Processing: sgemm_kernel_8x8_zvl128b_lmul4_unroll2
    Compilation successful. Running 6 iterations...
    Run 1...
    Run 2...
    Run 3...
    Run 4...
    Run 5...
    Run 6...
    Done. Results saved to ../summary_results/sgemm_kernel_8x8_zvl128b_lmul4_unroll2_square_results.log
----------------------------------------------------------
>>> Processing: sgemm_kernel_8x8_zvl128b_lmul4_unroll4
    Compilation successful. Running 6 iterations...
    Run 1...
    Run 2...
    Run 3...
    Run 4...
    Run 5...
    Run 6...
    Done. Results saved to ../summary_results/sgemm_kernel_8x8_zvl128b_lmul4_unroll4_square_results.log
----------------------------------------------------------
>>> Processing: sgemm_kernel_8x8_zvl128b_lmul4_unroll8
    Compilation successful. Running 6 iterations...
    Run 1...
    Run 2...
    Run 3...
    Run 4...
    Run 5...
    Run 6...
    Done. Results saved to ../summary_results/sgemm_kernel_8x8_zvl128b_lmul4_unroll8_square_results.log
----------------------------------------------------------
>>> Processing: sgemm_kernel_8x8_zvl128b_lmul8_unroll1
    Compilation successful. Running 6 iterations...
    Run 1...
    Run 2...
    Run 3...
    Run 4...
    Run 5...
    Run 6...
    Done. Results saved to ../summary_results/sgemm_kernel_8x8_zvl128b_lmul8_unroll1_square_results.log
----------------------------------------------------------
>>> Processing: sgemm_kernel_8x8_zvl128b_lmul8_unroll2
    Compilation successful. Running 6 iterations...
    Run 1...
    Run 2...
    Run 3...
    Run 4...
    Run 5...
    Run 6...
    Done. Results saved to ../summary_results/sgemm_kernel_8x8_zvl128b_lmul8_unroll2_square_results.log
----------------------------------------------------------
>>> Processing: sgemm_kernel_8x8_zvl128b_lmul8_unroll4
    Compilation successful. Running 6 iterations...
    Run 1...
    Run 2...
    Run 3...
    Run 4...
    Run 5...
    Run 6...
    Done. Results saved to ../summary_results/sgemm_kernel_8x8_zvl128b_lmul8_unroll4_square_results.log
----------------------------------------------------------
>>> Processing: sgemm_kernel_8x8_zvl128b_lmul8_unroll8
    Compilation successful. Running 6 iterations...
    Run 1...
    Run 2...
    Run 3...
    Run 4...
    Run 5...
    Run 6...
    Done. Results saved to ../summary_results/sgemm_kernel_8x8_zvl128b_lmul8_unroll8_square_results.log
----------------------------------------------------------
All benchmarks finished! Check the 'summary_results' folder for your logs.
==========================================================
