=======================================
Kernel: sgemm_kernel_16x8_zvl256b_lmul1_unroll1
Shape: Square (4096 x 4096 x 4096)
=======================================
Run 1
M=4096 N=4096 K=4096
Time: 12.331430 sec
GFLOPS: 11.1454
Run 2
M=4096 N=4096 K=4096
Time: 12.432321 sec
GFLOPS: 11.0550
Run 3
M=4096 N=4096 K=4096
Time: 12.522466 sec
GFLOPS: 10.9754
Run 4
M=4096 N=4096 K=4096
Time: 12.705650 sec
GFLOPS: 10.8172
Run 5
M=4096 N=4096 K=4096
Time: 12.508547 sec
GFLOPS: 10.9876
Run 6
M=4096 N=4096 K=4096
Time: 12.448073 sec
GFLOPS: 11.0410
