=======================================
Kernel: sgemm_kernel_16x8_zvl256b_lmul8_unroll4
Shape: Square (4096 x 4096 x 4096)
=======================================
Run 1
M=4096 N=4096 K=4096
Time: 383.024784 sec
GFLOPS: 0.3588
Run 2
M=4096 N=4096 K=4096
Time: 382.902078 sec
GFLOPS: 0.3589
Run 3
M=4096 N=4096 K=4096
Time: 383.065842 sec
GFLOPS: 0.3588
Run 4
M=4096 N=4096 K=4096
Time: 382.956473 sec
GFLOPS: 0.3589
Run 5
M=4096 N=4096 K=4096
Time: 383.106568 sec
GFLOPS: 0.3587
Run 6
M=4096 N=4096 K=4096
Time: 383.801736 sec
GFLOPS: 0.3581
