=======================================
Kernel: sgemm_kernel_16x8_zvl256b_lmul2_unroll2
Shape: Square (4096 x 4096 x 4096)
=======================================
Run 1
M=4096 N=4096 K=4096
Time: 41.144790 sec
GFLOPS: 3.3404
Run 2
M=4096 N=4096 K=4096
Time: 40.330891 sec
GFLOPS: 3.4078
Run 3
M=4096 N=4096 K=4096
Time: 40.942588 sec
GFLOPS: 3.3569
Run 4
M=4096 N=4096 K=4096
Time: 40.328465 sec
GFLOPS: 3.4080
Run 5
M=4096 N=4096 K=4096
Time: 40.411963 sec
GFLOPS: 3.4009
Run 6
M=4096 N=4096 K=4096
Time: 40.638696 sec
GFLOPS: 3.3820
