=======================================
Kernel: sgemm_kernel_16x8_zvl256b_lmul2_unroll1
Shape: Square (4096 x 4096 x 4096)
=======================================
Run 1
M=4096 N=4096 K=4096
Time: 40.682265 sec
GFLOPS: 3.3784
Run 2
M=4096 N=4096 K=4096
Time: 40.448382 sec
GFLOPS: 3.3979
Run 3
M=4096 N=4096 K=4096
Time: 40.437795 sec
GFLOPS: 3.3988
Run 4
M=4096 N=4096 K=4096
Time: 40.418607 sec
GFLOPS: 3.4004
Run 5
M=4096 N=4096 K=4096
Time: 40.682867 sec
GFLOPS: 3.3783
Run 6
M=4096 N=4096 K=4096
Time: 40.359814 sec
GFLOPS: 3.4053
