=======================================
Kernel: sgemm_kernel_16x8_zvl256b_lmul1_unroll2
Shape: Square (4096 x 4096 x 4096)
=======================================
Run 1
M=4096 N=4096 K=4096
Time: 12.444697 sec
GFLOPS: 11.0440
Run 2
M=4096 N=4096 K=4096
Time: 12.339011 sec
GFLOPS: 11.1386
Run 3
M=4096 N=4096 K=4096
Time: 12.488870 sec
GFLOPS: 11.0049
Run 4
M=4096 N=4096 K=4096
Time: 12.340356 sec
GFLOPS: 11.1374
Run 5
M=4096 N=4096 K=4096
Time: 12.534155 sec
GFLOPS: 10.9652
Run 6
M=4096 N=4096 K=4096
Time: 12.404952 sec
GFLOPS: 11.0794
