=======================================
Kernel: sgemm_kernel_16x8_zvl256b_lmulmf2_unroll1
Shape: Square (4096 x 4096 x 4096)
=======================================
Run 1
M=4096 N=4096 K=4096
Time: 12.049950 sec
GFLOPS: 11.4058
Run 2
M=4096 N=4096 K=4096
Time: 12.032047 sec
GFLOPS: 11.4227
Run 3
M=4096 N=4096 K=4096
Time: 12.163862 sec
GFLOPS: 11.2990
Run 4
M=4096 N=4096 K=4096
Time: 12.039918 sec
GFLOPS: 11.4153
Run 5
M=4096 N=4096 K=4096
Time: 12.033899 sec
GFLOPS: 11.4210
Run 6
M=4096 N=4096 K=4096
Time: 12.102468 sec
GFLOPS: 11.3563
