=======================================
Kernel: sgemm_kernel_16x8_zvl256b_lmul8_unroll8
Shape: Square (4096 x 4096 x 4096)
=======================================
Run 1
M=4096 N=4096 K=4096
Time: 383.026545 sec
GFLOPS: 0.3588
Run 2
M=4096 N=4096 K=4096
Time: 384.080408 sec
GFLOPS: 0.3578
Run 3
M=4096 N=4096 K=4096
Time: 383.799072 sec
GFLOPS: 0.3581
Run 4
M=4096 N=4096 K=4096
Time: 384.118950 sec
GFLOPS: 0.3578
Run 5
M=4096 N=4096 K=4096
Time: 383.034660 sec
GFLOPS: 0.3588
Run 6
M=4096 N=4096 K=4096
Time: 384.026237 sec
GFLOPS: 0.3579
