=======================================
Kernel: sgemm_kernel_16x8_zvl256b_lmul4_unroll2
Shape: Square (4096 x 4096 x 4096)
=======================================
Run 1
M=4096 N=4096 K=4096
Time: 203.096299 sec
GFLOPS: 0.6767
Run 2
M=4096 N=4096 K=4096
Time: 203.224928 sec
GFLOPS: 0.6763
Run 3
M=4096 N=4096 K=4096
Time: 204.073223 sec
GFLOPS: 0.6735
Run 4
M=4096 N=4096 K=4096
Time: 203.332870 sec
GFLOPS: 0.6759
Run 5
M=4096 N=4096 K=4096
Time: 203.269427 sec
GFLOPS: 0.6761
Run 6
M=4096 N=4096 K=4096
Time: 202.417678 sec
GFLOPS: 0.6790
