=======================================
Kernel: sgemm_kernel_16x8_zvl256b_lmul8_unroll2
Shape: Square (4096 x 4096 x 4096)
=======================================
Run 1
M=4096 N=4096 K=4096
Time: 383.161470 sec
GFLOPS: 0.3587
Run 2
M=4096 N=4096 K=4096
Time: 383.105014 sec
GFLOPS: 0.3588
Run 3
M=4096 N=4096 K=4096
Time: 382.958832 sec
GFLOPS: 0.3589
Run 4
M=4096 N=4096 K=4096
Time: 382.926157 sec
GFLOPS: 0.3589
Run 5
M=4096 N=4096 K=4096
Time: 383.054464 sec
GFLOPS: 0.3588
Run 6
M=4096 N=4096 K=4096
Time: 382.996565 sec
GFLOPS: 0.3589
