=======================================
RVV SGEMM LMUL m4 BENCHMARK
Each shape runs 6 times
=======================================
rm -f bench
gcc -O3 -march=rv64gcv_zvl128b -mabi=lp64d -std=c11 -Wall sgemm_kernel_8x8_zvl128b.c sgemm_bench.c -o bench

Shape: Square
Run 1
=======================================
RVV SGEMM LMUL m4 Benchmark
=======================================
M=4096 N=4096 K=4096
Time: 87.535211 sec
GFLOPS: 1.5701
Run 2
=======================================
RVV SGEMM LMUL m4 Benchmark
=======================================
M=4096 N=4096 K=4096
Time: 87.633433 sec
GFLOPS: 1.5683
Run 3
=======================================
RVV SGEMM LMUL m4 Benchmark
=======================================
M=4096 N=4096 K=4096
Time: 87.587231 sec
GFLOPS: 1.5692
Run 4
=======================================
RVV SGEMM LMUL m4 Benchmark
=======================================
M=4096 N=4096 K=4096
Time: 87.584548 sec
GFLOPS: 1.5692
Run 5
=======================================
RVV SGEMM LMUL m4 Benchmark
=======================================
M=4096 N=4096 K=4096
Time: 87.566421 sec
GFLOPS: 1.5695
Run 6
=======================================
RVV SGEMM LMUL m4 Benchmark
=======================================
M=4096 N=4096 K=4096
Time: 87.573650 sec
GFLOPS: 1.5694

Shape: Rectangular
Run 1
=======================================
RVV SGEMM LMUL m4 Benchmark
=======================================
M=4096 N=1024 K=4096
Time: 21.730916 sec
GFLOPS: 1.5811
Run 2
=======================================
RVV SGEMM LMUL m4 Benchmark
=======================================
M=4096 N=1024 K=4096
Time: 21.890150 sec
GFLOPS: 1.5696
Run 3
=======================================
RVV SGEMM LMUL m4 Benchmark
=======================================
M=4096 N=1024 K=4096
Time: 21.889526 sec
GFLOPS: 1.5697
Run 4
=======================================
RVV SGEMM LMUL m4 Benchmark
=======================================
M=4096 N=1024 K=4096
Time: 21.730538 sec
GFLOPS: 1.5812
Run 5
=======================================
RVV SGEMM LMUL m4 Benchmark
=======================================
M=4096 N=1024 K=4096
Time: 21.886223 sec
GFLOPS: 1.5699
Run 6
=======================================
RVV SGEMM LMUL m4 Benchmark
=======================================
M=4096 N=1024 K=4096
Time: 21.889273 sec
GFLOPS: 1.5697

Shape: Tall
Run 1
=======================================
RVV SGEMM LMUL m4 Benchmark
=======================================
M=8192 N=256 K=4096
Time: 10.889469 sec
GFLOPS: 1.5777
Run 2
=======================================
RVV SGEMM LMUL m4 Benchmark
=======================================
M=8192 N=256 K=4096
Time: 10.956054 sec
GFLOPS: 1.5681
Run 3
=======================================
RVV SGEMM LMUL m4 Benchmark
=======================================
M=8192 N=256 K=4096
Time: 10.870378 sec
GFLOPS: 1.5804
Run 4
=======================================
RVV SGEMM LMUL m4 Benchmark
=======================================
M=8192 N=256 K=4096
Time: 10.955832 sec
GFLOPS: 1.5681
Run 5
=======================================
RVV SGEMM LMUL m4 Benchmark
=======================================
M=8192 N=256 K=4096
Time: 10.871315 sec
GFLOPS: 1.5803
Run 6
=======================================
RVV SGEMM LMUL m4 Benchmark
=======================================
M=8192 N=256 K=4096
Time: 10.953747 sec
GFLOPS: 1.5684

Shape: Wide
Run 1
=======================================
RVV SGEMM LMUL m4 Benchmark
=======================================
M=64 N=32768 K=4096
Time: 10.896180 sec
GFLOPS: 1.5767
Run 2
=======================================
RVV SGEMM LMUL m4 Benchmark
=======================================
M=64 N=32768 K=4096
Time: 10.888430 sec
GFLOPS: 1.5778
Run 3
=======================================
RVV SGEMM LMUL m4 Benchmark
=======================================
M=64 N=32768 K=4096
Time: 10.893230 sec
GFLOPS: 1.5771
Run 4
=======================================
RVV SGEMM LMUL m4 Benchmark
=======================================
M=64 N=32768 K=4096
Time: 10.889172 sec
GFLOPS: 1.5777
Run 5
=======================================
RVV SGEMM LMUL m4 Benchmark
=======================================
M=64 N=32768 K=4096
Time: 10.909506 sec
GFLOPS: 1.5748
Run 6
=======================================
RVV SGEMM LMUL m4 Benchmark
=======================================
M=64 N=32768 K=4096
Time: 10.917319 sec
GFLOPS: 1.5736
Done.
