=======================================
Kernel: dgemm_kernel_8x4_zvl128b_lmul2_unroll2
Shape: Square (4096 x 4096 x 4096)
=======================================
Run 1
M=4096 N=4096 K=4096
Time: 34.888875 sec
GFLOPS: 3.9393
Run 2
M=4096 N=4096 K=4096
Time: 35.214151 sec
GFLOPS: 3.9029
Run 3
M=4096 N=4096 K=4096
Time: 35.803499 sec
GFLOPS: 3.8387
Run 4
M=4096 N=4096 K=4096
Time: 34.675821 sec
GFLOPS: 3.9635
Run 5
M=4096 N=4096 K=4096
Time: 35.869959 sec
GFLOPS: 3.8316
Run 6
M=4096 N=4096 K=4096
Time: 34.591207 sec
GFLOPS: 3.9732
