=======================================
Kernel: dgemm_kernel_8x4_zvl128b_lmul4_unroll1
Shape: Square (4096 x 4096 x 4096)
=======================================
Run 1
M=4096 N=4096 K=4096
Time: 49.232492 sec
GFLOPS: 2.7916
Run 2
M=4096 N=4096 K=4096
Time: 48.820820 sec
GFLOPS: 2.8152
Run 3
M=4096 N=4096 K=4096
Time: 48.837636 sec
GFLOPS: 2.8142
Run 4
M=4096 N=4096 K=4096
Time: 48.731230 sec
GFLOPS: 2.8203
Run 5
M=4096 N=4096 K=4096
Time: 49.290673 sec
GFLOPS: 2.7883
Run 6
M=4096 N=4096 K=4096
Time: 49.349616 sec
GFLOPS: 2.7850
