=======================================
Kernel: dgemm_kernel_8x4_zvl128b_lmul2_unroll8
Shape: Square (4096 x 4096 x 4096)
=======================================
Run 1
M=4096 N=4096 K=4096
Time: 34.887473 sec
GFLOPS: 3.9395
Run 2
M=4096 N=4096 K=4096
Time: 35.289942 sec
GFLOPS: 3.8946
Run 3
M=4096 N=4096 K=4096
Time: 33.842511 sec
GFLOPS: 4.0611
Run 4
M=4096 N=4096 K=4096
Time: 35.215670 sec
GFLOPS: 3.9028
Run 5
M=4096 N=4096 K=4096
Time: 33.794241 sec
GFLOPS: 4.0669
Run 6
M=4096 N=4096 K=4096
Time: 33.849784 sec
GFLOPS: 4.0603
