=======================================
Kernel: dgemm_kernel_8x4_zvl128b_lmul1_unroll8
Shape: Square (4096 x 4096 x 4096)
=======================================
Run 1
M=4096 N=4096 K=4096
Time: 31.461231 sec
GFLOPS: 4.3685
Run 2
M=4096 N=4096 K=4096
Time: 31.197467 sec
GFLOPS: 4.4055
Run 3
M=4096 N=4096 K=4096
Time: 31.872788 sec
GFLOPS: 4.3121
Run 4
M=4096 N=4096 K=4096
Time: 31.447292 sec
GFLOPS: 4.3705
Run 5
M=4096 N=4096 K=4096
Time: 31.086283 sec
GFLOPS: 4.4212
Run 6
M=4096 N=4096 K=4096
Time: 31.813294 sec
GFLOPS: 4.3202
