=======================================
Kernel: igemm_kernel_8x4_zvl128b_lmul4_unroll8
Shape: Square (4096 x 4096 x 4096)
=======================================
Run 1
M=4096 N=4096 K=4096
Time: 40.613502 sec
GOPS: 3.3841
Run 2
M=4096 N=4096 K=4096
Time: 40.596352 sec
GOPS: 3.3855
Run 3
M=4096 N=4096 K=4096
Time: 40.156422 sec
GOPS: 3.4226
Run 4
M=4096 N=4096 K=4096
Time: 40.602289 sec
GOPS: 3.3850
Run 5
M=4096 N=4096 K=4096
Time: 40.614905 sec
GOPS: 3.3840
Run 6
M=4096 N=4096 K=4096
Time: 40.613941 sec
GOPS: 3.3840
