=======================================
Kernel: igemm_kernel_8x4_zvl128b_lmul8_unroll8
Shape: Square (4096 x 4096 x 4096)
=======================================
Run 1
M=4096 N=4096 K=4096
Time: 199.153959 sec
GOPS: 0.6901
Run 2
M=4096 N=4096 K=4096
Time: 199.715951 sec
GOPS: 0.6882
Run 3
M=4096 N=4096 K=4096
Time: 200.488701 sec
GOPS: 0.6855
Run 4
M=4096 N=4096 K=4096
Time: 199.105207 sec
GOPS: 0.6903
Run 5
M=4096 N=4096 K=4096
Time: 200.521953 sec
GOPS: 0.6854
Run 6
M=4096 N=4096 K=4096
Time: 199.084038 sec
GOPS: 0.6904
