=======================================
Kernel: igemm_kernel_8x4_zvl128b_lmul4_unroll4
Shape: Square (4096 x 4096 x 4096)
=======================================
Run 1
M=4096 N=4096 K=4096
Time: 40.404886 sec
GOPS: 3.4015
Run 2
M=4096 N=4096 K=4096
Time: 40.421790 sec
GOPS: 3.4001
Run 3
M=4096 N=4096 K=4096
Time: 40.462751 sec
GOPS: 3.3967
Run 4
M=4096 N=4096 K=4096
Time: 39.975406 sec
GOPS: 3.4381
Run 5
M=4096 N=4096 K=4096
Time: 40.433538 sec
GOPS: 3.3991
Run 6
M=4096 N=4096 K=4096
Time: 39.963659 sec
GOPS: 3.4391
