=======================================
Kernel: igemm_kernel_8x4_zvl128b_lmul2_unroll4
Shape: Square (4096 x 4096 x 4096)
=======================================
Run 1
M=4096 N=4096 K=4096
Time: 23.836102 sec
GOPS: 5.7660
Run 2
M=4096 N=4096 K=4096
Time: 23.833542 sec
GOPS: 5.7666
Run 3
M=4096 N=4096 K=4096
Time: 23.818913 sec
GOPS: 5.7702
Run 4
M=4096 N=4096 K=4096
Time: 23.663675 sec
GOPS: 5.8080
Run 5
M=4096 N=4096 K=4096
Time: 23.811550 sec
GOPS: 5.7719
Run 6
M=4096 N=4096 K=4096
Time: 23.813150 sec
GOPS: 5.7716
