=======================================
Kernel: igemm_kernel_8x4_zvl128b_lmul2_unroll1
Shape: Square (4096 x 4096 x 4096)
=======================================
Run 1
M=4096 N=4096 K=4096
Time: 23.415822 sec
GOPS: 5.8695
Run 2
M=4096 N=4096 K=4096
Time: 23.405867 sec
GOPS: 5.8720
Run 3
M=4096 N=4096 K=4096
Time: 22.187468 sec
GOPS: 6.1944
Run 4
M=4096 N=4096 K=4096
Time: 23.399284 sec
GOPS: 5.8736
Run 5
M=4096 N=4096 K=4096
Time: 23.857664 sec
GOPS: 5.7608
Run 6
M=4096 N=4096 K=4096
Time: 23.842929 sec
GOPS: 5.7643
