=======================================
Kernel: igemm_kernel_8x4_zvl128b_lmul8_unroll1
Shape: Square (4096 x 4096 x 4096)
=======================================
Run 1
M=4096 N=4096 K=4096
Time: 197.294149 sec
GOPS: 0.6966
Run 2
M=4096 N=4096 K=4096
Time: 197.090073 sec
GOPS: 0.6973
Run 3
M=4096 N=4096 K=4096
Time: 195.247805 sec
GOPS: 0.7039
Run 4
M=4096 N=4096 K=4096
Time: 195.240010 sec
GOPS: 0.7039
Run 5
M=4096 N=4096 K=4096
Time: 195.162553 sec
GOPS: 0.7042
Run 6
M=4096 N=4096 K=4096
Time: 195.236812 sec
GOPS: 0.7040
