=======================================
Kernel: igemm_kernel_8x4_zvl128b_lmul1_unroll4
Shape: Square (4096 x 4096 x 4096)
=======================================
Run 1
M=4096 N=4096 K=4096
Time: 16.781983 sec
GOPS: 8.1897
Run 2
M=4096 N=4096 K=4096
Time: 16.494769 sec
GOPS: 8.3323
Run 3
M=4096 N=4096 K=4096
Time: 16.493036 sec
GOPS: 8.3332
Run 4
M=4096 N=4096 K=4096
Time: 16.500059 sec
GOPS: 8.3296
Run 5
M=4096 N=4096 K=4096
Time: 16.494876 sec
GOPS: 8.3322
Run 6
M=4096 N=4096 K=4096
Time: 16.503786 sec
GOPS: 8.3277
