=======================================
Kernel: igemm_kernel_8x4_zvl128b_lmul8_unroll4
Shape: Square (4096 x 4096 x 4096)
=======================================
Run 1
M=4096 N=4096 K=4096
Time: 214.471464 sec
GOPS: 0.6408
Run 2
M=4096 N=4096 K=4096
Time: 213.815868 sec
GOPS: 0.6428
Run 3
M=4096 N=4096 K=4096
Time: 213.781261 sec
GOPS: 0.6429
Run 4
M=4096 N=4096 K=4096
Time: 213.848595 sec
GOPS: 0.6427
Run 5
M=4096 N=4096 K=4096
Time: 214.363338 sec
GOPS: 0.6411
Run 6
M=4096 N=4096 K=4096
Time: 213.813441 sec
GOPS: 0.6428
