=======================================
Kernel: igemm_kernel_8x4_zvl128b_lmul1_unroll2
Shape: Square (4096 x 4096 x 4096)
=======================================
Run 1
M=4096 N=4096 K=4096
Time: 16.348650 sec
GOPS: 8.4067
Run 2
M=4096 N=4096 K=4096
Time: 16.349077 sec
GOPS: 8.4065
Run 3
M=4096 N=4096 K=4096
Time: 16.340385 sec
GOPS: 8.4110
Run 4
M=4096 N=4096 K=4096
Time: 16.663133 sec
GOPS: 8.2481
Run 5
M=4096 N=4096 K=4096
Time: 16.342832 sec
GOPS: 8.4097
Run 6
M=4096 N=4096 K=4096
Time: 16.343122 sec
GOPS: 8.4096
