=======================================
Kernel: igemm_kernel_8x4_zvl128b_lmul1_unroll8
Shape: Square (4096 x 4096 x 4096)
=======================================
Run 1
M=4096 N=4096 K=4096
Time: 16.666189 sec
GOPS: 8.2466
Run 2
M=4096 N=4096 K=4096
Time: 16.663563 sec
GOPS: 8.2479
Run 3
M=4096 N=4096 K=4096
Time: 16.943888 sec
GOPS: 8.1114
Run 4
M=4096 N=4096 K=4096
Time: 16.951044 sec
GOPS: 8.1080
Run 5
M=4096 N=4096 K=4096
Time: 16.668566 sec
GOPS: 8.2454
Run 6
M=4096 N=4096 K=4096
Time: 16.952974 sec
GOPS: 8.1071
