=======================================
Kernel: igemm_kernel_8x4_zvl128b_lmul2_unroll2
Shape: Square (4096 x 4096 x 4096)
=======================================
Run 1
M=4096 N=4096 K=4096
Time: 23.394061 sec
GOPS: 5.8750
Run 2
M=4096 N=4096 K=4096
Time: 22.874539 sec
GOPS: 6.0084
Run 3
M=4096 N=4096 K=4096
Time: 23.400615 sec
GOPS: 5.8733
Run 4
M=4096 N=4096 K=4096
Time: 23.027816 sec
GOPS: 5.9684
Run 5
M=4096 N=4096 K=4096
Time: 23.388798 sec
GOPS: 5.8763
Run 6
M=4096 N=4096 K=4096
Time: 23.834467 sec
GOPS: 5.7664
