=======================================
Kernel: igemm_kernel_8x4_zvl128b_lmul2_unroll8
Shape: Square (4096 x 4096 x 4096)
=======================================
Run 1
M=4096 N=4096 K=4096
Time: 23.990629 sec
GOPS: 5.7289
Run 2
M=4096 N=4096 K=4096
Time: 23.989986 sec
GOPS: 5.7290
Run 3
M=4096 N=4096 K=4096
Time: 23.577213 sec
GOPS: 5.8293
Run 4
M=4096 N=4096 K=4096
Time: 23.991217 sec
GOPS: 5.7287
Run 5
M=4096 N=4096 K=4096
Time: 23.593908 sec
GOPS: 5.8252
Run 6
M=4096 N=4096 K=4096
Time: 23.987641 sec
GOPS: 5.7296
