=======================================
Kernel: igemm_kernel_8x4_zvl128b_lmul4_unroll1
Shape: Square (4096 x 4096 x 4096)
=======================================
Run 1
M=4096 N=4096 K=4096
Time: 39.946716 sec
GOPS: 3.4406
Run 2
M=4096 N=4096 K=4096
Time: 39.961989 sec
GOPS: 3.4392
Run 3
M=4096 N=4096 K=4096
Time: 38.648416 sec
GOPS: 3.5561
Run 4
M=4096 N=4096 K=4096
Time: 40.402968 sec
GOPS: 3.4017
Run 5
M=4096 N=4096 K=4096
Time: 40.138411 sec
GOPS: 3.4241
Run 6
M=4096 N=4096 K=4096
Time: 39.960651 sec
GOPS: 3.4394
