=======================================
Kernel: igemm_kernel_8x4_zvl128b_lmul8_unroll2
Shape: Square (4096 x 4096 x 4096)
=======================================
Run 1
M=4096 N=4096 K=4096
Time: 229.102362 sec
GOPS: 0.5999
Run 2
M=4096 N=4096 K=4096
Time: 229.096135 sec
GOPS: 0.5999
Run 3
M=4096 N=4096 K=4096
Time: 229.121843 sec
GOPS: 0.5999
Run 4
M=4096 N=4096 K=4096
Time: 229.860712 sec
GOPS: 0.5979
Run 5
M=4096 N=4096 K=4096
Time: 229.103833 sec
GOPS: 0.5999
Run 6
M=4096 N=4096 K=4096
Time: 229.046779 sec
GOPS: 0.6000
