=======================================
Kernel: igemm_kernel_8x4_zvl128b_lmul1_unroll1
Shape: Square (4096 x 4096 x 4096)
=======================================
Run 1
M=4096 N=4096 K=4096
Time: 16.736620 sec
GOPS: 8.2119
Run 2
M=4096 N=4096 K=4096
Time: 16.650018 sec
GOPS: 8.2546
Run 3
M=4096 N=4096 K=4096
Time: 16.293195 sec
GOPS: 8.4354
Run 4
M=4096 N=4096 K=4096
Time: 16.653301 sec
GOPS: 8.2530
Run 5
M=4096 N=4096 K=4096
Time: 16.294934 sec
GOPS: 8.4345
Run 6
M=4096 N=4096 K=4096
Time: 16.285166 sec
GOPS: 8.4395
