=======================================
Kernel: igemm_kernel_8x4_zvl128b_lmul4_unroll2
Shape: Square (4096 x 4096 x 4096)
=======================================
Run 1
M=4096 N=4096 K=4096
Time: 39.951975 sec
GOPS: 3.4401
Run 2
M=4096 N=4096 K=4096
Time: 39.674336 sec
GOPS: 3.4642
Run 3
M=4096 N=4096 K=4096
Time: 40.387441 sec
GOPS: 3.4030
Run 4
M=4096 N=4096 K=4096
Time: 39.949743 sec
GOPS: 3.4403
Run 5
M=4096 N=4096 K=4096
Time: 40.387117 sec
GOPS: 3.4030
Run 6
M=4096 N=4096 K=4096
Time: 40.395233 sec
GOPS: 3.4024
