=======================================
Kernel: igemm_kernel_8x4_zvl128b_lmul2_unroll2
Core: 0 (AI Cluster - 512KB TCM)
Shape: Square (4096 x 4096 x 4096)
=======================================
Run 1
M=4096 N=4096 K=4096
Time: 23.455296 sec
GOPS: 5.8596
Run 2
M=4096 N=4096 K=4096
Time: 23.111751 sec
GOPS: 5.9467
Run 3
M=4096 N=4096 K=4096
Time: 23.015920 sec
GOPS: 5.9715
Run 4
M=4096 N=4096 K=4096
Time: 23.028123 sec
GOPS: 5.9683
Run 5
M=4096 N=4096 K=4096
Time: 23.470591 sec
GOPS: 5.8558
Run 6
M=4096 N=4096 K=4096
Time: 23.169125 sec
GOPS: 5.9320
