=======================================
Kernel: igemm_kernel_8x4_zvl128b_lmul2_unroll4
Core: 0 (AI Cluster - 512KB TCM)
Shape: Square (4096 x 4096 x 4096)
=======================================
Run 1
M=4096 N=4096 K=4096
Time: 23.957855 sec
GOPS: 5.7367
Run 2
M=4096 N=4096 K=4096
Time: 23.961358 sec
GOPS: 5.7359
Run 3
M=4096 N=4096 K=4096
Time: 23.800678 sec
GOPS: 5.7746
Run 4
M=4096 N=4096 K=4096
Time: 23.554088 sec
GOPS: 5.8350
Run 5
M=4096 N=4096 K=4096
Time: 23.948511 sec
GOPS: 5.7389
Run 6
M=4096 N=4096 K=4096
Time: 23.907971 sec
GOPS: 5.7487
