=======================================
Kernel: igemm_kernel_8x4_zvl128b_lmul4_unroll8
Core: 0 (AI Cluster - 512KB TCM)
Shape: Square (4096 x 4096 x 4096)
=======================================
Run 1
M=4096 N=4096 K=4096
Time: 40.603867 sec
GOPS: 3.3849
Run 2
M=4096 N=4096 K=4096
Time: 40.164860 sec
GOPS: 3.4219
Run 3
M=4096 N=4096 K=4096
Time: 40.352853 sec
GOPS: 3.4059
Run 4
M=4096 N=4096 K=4096
Time: 40.568636 sec
GOPS: 3.3878
Run 5
M=4096 N=4096 K=4096
Time: 40.217122 sec
GOPS: 3.4174
Run 6
M=4096 N=4096 K=4096
Time: 40.636851 sec
GOPS: 3.3821
