=======================================
Kernel: igemm_kernel_8x4_zvl128b_lmul1_unroll4
Core: 0 (AI Cluster - 512KB TCM)
Shape: Square (4096 x 4096 x 4096)
=======================================
Run 1
M=4096 N=4096 K=4096
Time: 15.912143 sec
GOPS: 8.6374
Run 2
M=4096 N=4096 K=4096
Time: 16.379735 sec
GOPS: 8.3908
Run 3
M=4096 N=4096 K=4096
Time: 16.238125 sec
GOPS: 8.4640
Run 4
M=4096 N=4096 K=4096
Time: 16.244082 sec
GOPS: 8.4609
Run 5
M=4096 N=4096 K=4096
Time: 16.225127 sec
GOPS: 8.4707
Run 6
M=4096 N=4096 K=4096
Time: 15.927624 sec
GOPS: 8.6290
