=======================================
Kernel: igemm_kernel_8x4_zvl128b_lmul1_unroll2
Core: 0 (AI Cluster - 512KB TCM)
Shape: Square (4096 x 4096 x 4096)
=======================================
Run 1
M=4096 N=4096 K=4096
Time: 15.955552 sec
GOPS: 8.6139
Run 2
M=4096 N=4096 K=4096
Time: 15.510978 sec
GOPS: 8.8608
Run 3
M=4096 N=4096 K=4096
Time: 15.864005 sec
GOPS: 8.6636
Run 4
M=4096 N=4096 K=4096
Time: 15.814340 sec
GOPS: 8.6908
Run 5
M=4096 N=4096 K=4096
Time: 15.811378 sec
GOPS: 8.6924
Run 6
M=4096 N=4096 K=4096
Time: 15.526974 sec
GOPS: 8.8516
