=======================================
Kernel: igemm_kernel_8x4_zvl128b_lmul4_unroll4
Core: 0 (AI Cluster - 512KB TCM)
Shape: Square (4096 x 4096 x 4096)
=======================================
Run 1
M=4096 N=4096 K=4096
Time: 40.685625 sec
GOPS: 3.3781
Run 2
M=4096 N=4096 K=4096
Time: 40.288994 sec
GOPS: 3.4113
Run 3
M=4096 N=4096 K=4096
Time: 40.836720 sec
GOPS: 3.3656
Run 4
M=4096 N=4096 K=4096
Time: 40.646288 sec
GOPS: 3.3813
Run 5
M=4096 N=4096 K=4096
Time: 40.280345 sec
GOPS: 3.4121
Run 6
M=4096 N=4096 K=4096
Time: 40.861886 sec
GOPS: 3.3635
