=======================================
Kernel: igemm_kernel_8x4_zvl128b_lmul8_unroll4
Core: 0 (AI Cluster - 512KB TCM)
Shape: Square (4096 x 4096 x 4096)
=======================================
Run 1
M=4096 N=4096 K=4096
Time: 215.835292 sec
GOPS: 0.6368
Run 2
M=4096 N=4096 K=4096
Time: 216.711264 sec
GOPS: 0.6342
Run 3
M=4096 N=4096 K=4096
Time: 216.653136 sec
GOPS: 0.6344
Run 4
M=4096 N=4096 K=4096
Time: 216.808438 sec
GOPS: 0.6339
Run 5
M=4096 N=4096 K=4096
Time: 215.888798 sec
GOPS: 0.6366
Run 6
M=4096 N=4096 K=4096
Time: 215.657641 sec
GOPS: 0.6373
