=======================================
Kernel: igemm_kernel_8x4_zvl128b_lmul8_unroll1
Core: 0 (AI Cluster - 512KB TCM)
Shape: Square (4096 x 4096 x 4096)
=======================================
Run 1
M=4096 N=4096 K=4096
Time: 201.993988 sec
GOPS: 0.6804
Run 2
M=4096 N=4096 K=4096
Time: 202.022515 sec
GOPS: 0.6803
Run 3
M=4096 N=4096 K=4096
Time: 202.613552 sec
GOPS: 0.6783
Run 4
M=4096 N=4096 K=4096
Time: 202.514169 sec
GOPS: 0.6787
Run 5
M=4096 N=4096 K=4096
Time: 203.900825 sec
GOPS: 0.6740
Run 6
M=4096 N=4096 K=4096
Time: 203.805274 sec
GOPS: 0.6744
