=======================================
Kernel: igemm_kernel_8x4_zvl128b_lmul1_unroll8
Core: 0 (AI Cluster - 512KB TCM)
Shape: Square (4096 x 4096 x 4096)
=======================================
Run 1
M=4096 N=4096 K=4096
Time: 15.986127 sec
GOPS: 8.5974
Run 2
M=4096 N=4096 K=4096
Time: 16.277106 sec
GOPS: 8.4437
Run 3
M=4096 N=4096 K=4096
Time: 16.498216 sec
GOPS: 8.3305
Run 4
M=4096 N=4096 K=4096
Time: 16.285351 sec
GOPS: 8.4394
Run 5
M=4096 N=4096 K=4096
Time: 16.296561 sec
GOPS: 8.4336
Run 6
M=4096 N=4096 K=4096
Time: 16.277930 sec
GOPS: 8.4433
