nohup: ignoring input
==========================================================
 Starting Compilation & Square-Only Benchmarks (FP64)
 Dimensions: M=2048, N=2048, K=2048
==========================================================
----------------------------------------------------------
>>> Processing: dgemm_kernel_8x8_zvl128b_lmul1_unroll1
    Compilation successful. Running 6 iterations...
    Run 1...
    Run 2...
    Run 3...
    Run 4...
    Run 5...
    Run 6...
    Done. Results saved to ../summary_results/dgemm_kernel_8x8_zvl128b_lmul1_unroll1_square_results.log
----------------------------------------------------------
>>> Processing: dgemm_kernel_8x8_zvl128b_lmul1_unroll2
    Compilation successful. Running 6 iterations...
    Run 1...
    Run 2...
    Run 3...
    Run 4...
    Run 5...
    Run 6...
    Done. Results saved to ../summary_results/dgemm_kernel_8x8_zvl128b_lmul1_unroll2_square_results.log
----------------------------------------------------------
>>> Processing: dgemm_kernel_8x8_zvl128b_lmul1_unroll4
    Compilation successful. Running 6 iterations...
    Run 1...
    Run 2...
    Run 3...
    Run 4...
    Run 5...
    Run 6...
    Done. Results saved to ../summary_results/dgemm_kernel_8x8_zvl128b_lmul1_unroll4_square_results.log
----------------------------------------------------------
>>> Processing: dgemm_kernel_8x8_zvl128b_lmul1_unroll8
    Compilation successful. Running 6 iterations...
    Run 1...
    Run 2...
    Run 3...
    Run 4...
    Run 5...
    Run 6...
    Done. Results saved to ../summary_results/dgemm_kernel_8x8_zvl128b_lmul1_unroll8_square_results.log
----------------------------------------------------------
>>> Processing: dgemm_kernel_8x8_zvl128b_lmul2_unroll1
    Compilation successful. Running 6 iterations...
    Run 1...
    Run 2...
    Run 3...
    Run 4...
    Run 5...
    Run 6...
    Done. Results saved to ../summary_results/dgemm_kernel_8x8_zvl128b_lmul2_unroll1_square_results.log
----------------------------------------------------------
>>> Processing: dgemm_kernel_8x8_zvl128b_lmul2_unroll2
    Compilation successful. Running 6 iterations...
    Run 1...
    Run 2...
    Run 3...
    Run 4...
    Run 5...
    Run 6...
    Done. Results saved to ../summary_results/dgemm_kernel_8x8_zvl128b_lmul2_unroll2_square_results.log
----------------------------------------------------------
>>> Processing: dgemm_kernel_8x8_zvl128b_lmul2_unroll4
    Compilation successful. Running 6 iterations...
    Run 1...
    Run 2...
    Run 3...
    Run 4...
    Run 5...
    Run 6...
    Done. Results saved to ../summary_results/dgemm_kernel_8x8_zvl128b_lmul2_unroll4_square_results.log
----------------------------------------------------------
>>> Processing: dgemm_kernel_8x8_zvl128b_lmul2_unroll8
    Compilation successful. Running 6 iterations...
    Run 1...
    Run 2...
    Run 3...
    Run 4...
    Run 5...
    Run 6...
    Done. Results saved to ../summary_results/dgemm_kernel_8x8_zvl128b_lmul2_unroll8_square_results.log
----------------------------------------------------------
>>> Processing: dgemm_kernel_8x8_zvl128b_lmul4_unroll1
    Compilation successful. Running 6 iterations...
    Run 1...
    Run 2...
    Run 3...
    Run 4...
    Run 5...
    Run 6...
    Done. Results saved to ../summary_results/dgemm_kernel_8x8_zvl128b_lmul4_unroll1_square_results.log
----------------------------------------------------------
>>> Processing: dgemm_kernel_8x8_zvl128b_lmul4_unroll2
    Compilation successful. Running 6 iterations...
    Run 1...
    Run 2...
    Run 3...
    Run 4...
    Run 5...
    Run 6...
    Done. Results saved to ../summary_results/dgemm_kernel_8x8_zvl128b_lmul4_unroll2_square_results.log
----------------------------------------------------------
>>> Processing: dgemm_kernel_8x8_zvl128b_lmul4_unroll4
    Compilation successful. Running 6 iterations...
    Run 1...
    Run 2...
    Run 3...
    Run 4...
    Run 5...
    Run 6...
    Done. Results saved to ../summary_results/dgemm_kernel_8x8_zvl128b_lmul4_unroll4_square_results.log
----------------------------------------------------------
>>> Processing: dgemm_kernel_8x8_zvl128b_lmul4_unroll8
    Compilation successful. Running 6 iterations...
    Run 1...
    Run 2...
    Run 3...
    Run 4...
    Run 5...
    Run 6...
    Done. Results saved to ../summary_results/dgemm_kernel_8x8_zvl128b_lmul4_unroll8_square_results.log
----------------------------------------------------------
>>> Processing: dgemm_kernel_8x8_zvl128b_lmul8_unroll1
    Compilation successful. Running 6 iterations...
    Run 1...
    Run 2...
    Run 3...
    Run 4...
    Run 5...
    Run 6...
    Done. Results saved to ../summary_results/dgemm_kernel_8x8_zvl128b_lmul8_unroll1_square_results.log
----------------------------------------------------------
>>> Processing: dgemm_kernel_8x8_zvl128b_lmul8_unroll2
    Compilation successful. Running 6 iterations...
    Run 1...
    Run 2...
    Run 3...
    Run 4...
    Run 5...
    Run 6...
    Done. Results saved to ../summary_results/dgemm_kernel_8x8_zvl128b_lmul8_unroll2_square_results.log
----------------------------------------------------------
>>> Processing: dgemm_kernel_8x8_zvl128b_lmul8_unroll4
    Compilation successful. Running 6 iterations...
    Run 1...
    Run 2...
    Run 3...
    Run 4...
    Run 5...
    Run 6...
    Done. Results saved to ../summary_results/dgemm_kernel_8x8_zvl128b_lmul8_unroll4_square_results.log
----------------------------------------------------------
>>> Processing: dgemm_kernel_8x8_zvl128b_lmul8_unroll8
    Compilation successful. Running 6 iterations...
    Run 1...
    Run 2...
    Run 3...
    Run 4...
    Run 5...
    Run 6...
    Done. Results saved to ../summary_results/dgemm_kernel_8x8_zvl128b_lmul8_unroll8_square_results.log
----------------------------------------------------------
All benchmarks finished! Check the 'summary_results' folder for your logs.
==========================================================
