=======================================
Kernel: dgemm_kernel_8x4_zvl128b_lmul8_unroll1
Cluster: 0 (Cores 0-3) AI Cluster with 2.0 TOPS
Shape: Square (4096 x 4096 x 4096)
=======================================
Run 1
M=4096 N=4096 K=4096
Time: 233.976874 sec
GFLOPS: 0.5874
Run 2
M=4096 N=4096 K=4096
Time: 234.219471 sec
GFLOPS: 0.5868
Run 3
M=4096 N=4096 K=4096
Time: 234.116462 sec
GFLOPS: 0.5871
Run 4
M=4096 N=4096 K=4096
Time: 234.046714 sec
GFLOPS: 0.5872
Run 5
M=4096 N=4096 K=4096
Time: 234.127220 sec
GFLOPS: 0.5870
Run 6
M=4096 N=4096 K=4096
Time: 234.024002 sec
GFLOPS: 0.5873
