=======================================
Kernel: dgemm_kernel_8x4_zvl128b_lmul4_unroll8
Cluster: 0 (Cores 0-3) AI Cluster with 2.0 TOPS
Shape: Square (4096 x 4096 x 4096)
=======================================
Run 1
M=4096 N=4096 K=4096
Time: 47.403760 sec
GFLOPS: 2.8993
Run 2
M=4096 N=4096 K=4096
Time: 47.890720 sec
GFLOPS: 2.8698
Run 3
M=4096 N=4096 K=4096
Time: 47.360526 sec
GFLOPS: 2.9020
Run 4
M=4096 N=4096 K=4096
Time: 47.234538 sec
GFLOPS: 2.9097
Run 5
M=4096 N=4096 K=4096
Time: 47.828999 sec
GFLOPS: 2.8735
Run 6
M=4096 N=4096 K=4096
Time: 48.117754 sec
GFLOPS: 2.8563
