=======================================
Kernel: dgemm_kernel_8x4_zvl128b_lmul2_unroll8
Cluster: 0 (Cores 0-3) AI Cluster with 2.0 TOPS
Shape: Square (4096 x 4096 x 4096)
=======================================
Run 1
M=4096 N=4096 K=4096
Time: 34.070351 sec
GFLOPS: 4.0340
Run 2
M=4096 N=4096 K=4096
Time: 34.296190 sec
GFLOPS: 4.0074
Run 3
M=4096 N=4096 K=4096
Time: 35.160739 sec
GFLOPS: 3.9089
Run 4
M=4096 N=4096 K=4096
Time: 35.162614 sec
GFLOPS: 3.9087
Run 5
M=4096 N=4096 K=4096
Time: 34.074847 sec
GFLOPS: 4.0334
Run 6
M=4096 N=4096 K=4096
Time: 35.409437 sec
GFLOPS: 3.8814
