=======================================
Kernel: dgemm_kernel_8x4_zvl128b_lmul1_unroll4
Cluster: 0 (Cores 0-3) AI Cluster with 2.0 TOPS
Shape: Square (4096 x 4096 x 4096)
=======================================
Run 1
M=4096 N=4096 K=4096
Time: 31.938553 sec
GFLOPS: 4.3032
Run 2
M=4096 N=4096 K=4096
Time: 31.725691 sec
GFLOPS: 4.3321
Run 3
M=4096 N=4096 K=4096
Time: 31.613380 sec
GFLOPS: 4.3475
Run 4
M=4096 N=4096 K=4096
Time: 31.787868 sec
GFLOPS: 4.3236
Run 5
M=4096 N=4096 K=4096
Time: 31.445368 sec
GFLOPS: 4.3707
Run 6
M=4096 N=4096 K=4096
Time: 31.665242 sec
GFLOPS: 4.3404
