=======================================
Kernel: dgemm_kernel_8x4_zvl128b_lmul2_unroll4
Cluster: 0 (Cores 0-3) AI Cluster with 2.0 TOPS
Shape: Square (4096 x 4096 x 4096)
=======================================
Run 1
M=4096 N=4096 K=4096
Time: 34.788620 sec
GFLOPS: 3.9507
Run 2
M=4096 N=4096 K=4096
Time: 35.713396 sec
GFLOPS: 3.8484
Run 3
M=4096 N=4096 K=4096
Time: 35.472885 sec
GFLOPS: 3.8745
Run 4
M=4096 N=4096 K=4096
Time: 35.760351 sec
GFLOPS: 3.8433
Run 5
M=4096 N=4096 K=4096
Time: 34.595003 sec
GFLOPS: 3.9728
Run 6
M=4096 N=4096 K=4096
Time: 34.589198 sec
GFLOPS: 3.9735
