=======================================
Kernel: dgemm_kernel_8x4_zvl128b_lmul1_unroll8
Cluster: 0 (Cores 0-3) AI Cluster with 2.0 TOPS
Shape: Square (4096 x 4096 x 4096)
=======================================
Run 1
M=4096 N=4096 K=4096
Time: 31.954625 sec
GFLOPS: 4.3011
Run 2
M=4096 N=4096 K=4096
Time: 31.972661 sec
GFLOPS: 4.2986
Run 3
M=4096 N=4096 K=4096
Time: 31.718864 sec
GFLOPS: 4.3330
Run 4
M=4096 N=4096 K=4096
Time: 31.470506 sec
GFLOPS: 4.3672
Run 5
M=4096 N=4096 K=4096
Time: 31.854783 sec
GFLOPS: 4.3145
Run 6
M=4096 N=4096 K=4096
Time: 31.710454 sec
GFLOPS: 4.3342
