=======================================
Kernel: dgemm_kernel_8x4_zvl128b_lmul2_unroll2
Cluster: 0 (Cores 0-3) AI Cluster with 2.0 TOPS
Shape: Square (4096 x 4096 x 4096)
=======================================
Run 1
M=4096 N=4096 K=4096
Time: 35.736080 sec
GFLOPS: 3.8459
Run 2
M=4096 N=4096 K=4096
Time: 34.651250 sec
GFLOPS: 3.9663
Run 3
M=4096 N=4096 K=4096
Time: 34.622918 sec
GFLOPS: 3.9696
Run 4
M=4096 N=4096 K=4096
Time: 34.404109 sec
GFLOPS: 3.9948
Run 5
M=4096 N=4096 K=4096
Time: 35.745304 sec
GFLOPS: 3.8450
Run 6
M=4096 N=4096 K=4096
Time: 35.714325 sec
GFLOPS: 3.8483
