=======================================
Kernel: dgemm_kernel_8x4_zvl128b_lmul4_unroll2
Cluster: 0 (Cores 0-3) AI Cluster with 2.0 TOPS
Shape: Square (4096 x 4096 x 4096)
=======================================
Run 1
M=4096 N=4096 K=4096
Time: 47.247086 sec
GFLOPS: 2.9089
Run 2
M=4096 N=4096 K=4096
Time: 47.990262 sec
GFLOPS: 2.8639
Run 3
M=4096 N=4096 K=4096
Time: 47.977405 sec
GFLOPS: 2.8647
Run 4
M=4096 N=4096 K=4096
Time: 47.530521 sec
GFLOPS: 2.8916
Run 5
M=4096 N=4096 K=4096
Time: 48.228631 sec
GFLOPS: 2.8497
Run 6
M=4096 N=4096 K=4096
Time: 48.160521 sec
GFLOPS: 2.8538
