=======================================
Kernel: sgemm_kernel_16x8_zvl256b_lmul2_unroll4
Shape: Square (4096 x 4096 x 4096)
=======================================
Run 1
M=4096 N=4096 K=4096
Time: 40.509780 sec
GFLOPS: 3.3927
Run 2
M=4096 N=4096 K=4096
Time: 40.190094 sec
GFLOPS: 3.4197
Run 3
M=4096 N=4096 K=4096
Time: 40.323182 sec
GFLOPS: 3.4084
Run 4
M=4096 N=4096 K=4096
Time: 40.491869 sec
GFLOPS: 3.3942
Run 5
M=4096 N=4096 K=4096
Time: 40.521857 sec
GFLOPS: 3.3917
Run 6
M=4096 N=4096 K=4096
Time: 40.484991 sec
GFLOPS: 3.3948
