=======================================
Kernel: sgemm_kernel_16x8_zvl256b_lmul4_unroll1
Shape: Square (4096 x 4096 x 4096)
=======================================
Run 1
M=4096 N=4096 K=4096
Time: 203.051199 sec
GFLOPS: 0.6769
Run 2
M=4096 N=4096 K=4096
Time: 203.130823 sec
GFLOPS: 0.6766
Run 3
M=4096 N=4096 K=4096
Time: 200.049014 sec
GFLOPS: 0.6870
Run 4
M=4096 N=4096 K=4096
Time: 203.075415 sec
GFLOPS: 0.6768
Run 5
M=4096 N=4096 K=4096
Time: 202.750673 sec
GFLOPS: 0.6779
Run 6
M=4096 N=4096 K=4096
Time: 200.102422 sec
GFLOPS: 0.6868
