=======================================
Kernel: sgemm_kernel_16x8_zvl256b_lmul8_unroll2
Shape: Square (4096 x 4096 x 4096)
=======================================
Run 1
M=4096 N=4096 K=4096
Time: 382.386085 sec
GFLOPS: 0.3594
Run 2
M=4096 N=4096 K=4096
Time: 382.389935 sec
GFLOPS: 0.3594
Run 3
M=4096 N=4096 K=4096
Time: 382.448388 sec
GFLOPS: 0.3594
Run 4
M=4096 N=4096 K=4096
Time: 382.365880 sec
GFLOPS: 0.3594
Run 5
M=4096 N=4096 K=4096
Time: 382.474538 sec
GFLOPS: 0.3593
Run 6
M=4096 N=4096 K=4096
Time: 382.466822 sec
GFLOPS: 0.3593
