=======================================
Kernel: sgemm_kernel_16x8_zvl256b_lmulmf2_unroll2
Shape: Square (4096 x 4096 x 4096)
=======================================
Run 1
M=4096 N=4096 K=4096
Time: 11.974416 sec
GFLOPS: 11.4777
Run 2
M=4096 N=4096 K=4096
Time: 11.981728 sec
GFLOPS: 11.4707
Run 3
M=4096 N=4096 K=4096
Time: 11.982536 sec
GFLOPS: 11.4699
Run 4
M=4096 N=4096 K=4096
Time: 11.948312 sec
GFLOPS: 11.5028
Run 5
M=4096 N=4096 K=4096
Time: 12.031179 sec
GFLOPS: 11.4236
Run 6
M=4096 N=4096 K=4096
Time: 11.946637 sec
GFLOPS: 11.5044
