=======================================
Kernel: sgemm_kernel_16x8_zvl256b_lmul4_unroll4
Shape: Square (4096 x 4096 x 4096)
=======================================
Run 1
M=4096 N=4096 K=4096
Time: 200.764116 sec
GFLOPS: 0.6846
Run 2
M=4096 N=4096 K=4096
Time: 200.115445 sec
GFLOPS: 0.6868
Run 3
M=4096 N=4096 K=4096
Time: 203.063173 sec
GFLOPS: 0.6768
Run 4
M=4096 N=4096 K=4096
Time: 200.114569 sec
GFLOPS: 0.6868
Run 5
M=4096 N=4096 K=4096
Time: 203.033774 sec
GFLOPS: 0.6769
Run 6
M=4096 N=4096 K=4096
Time: 200.154570 sec
GFLOPS: 0.6867
