=======================================
Kernel: sgemm_kernel_16x8_zvl256b_lmul8_unroll8
Shape: Square (4096 x 4096 x 4096)
=======================================
Run 1
M=4096 N=4096 K=4096
Time: 382.522969 sec
GFLOPS: 0.3593
Run 2
M=4096 N=4096 K=4096
Time: 382.476794 sec
GFLOPS: 0.3593
Run 3
M=4096 N=4096 K=4096
Time: 382.632863 sec
GFLOPS: 0.3592
Run 4
M=4096 N=4096 K=4096
Time: 382.543739 sec
GFLOPS: 0.3593
Run 5
M=4096 N=4096 K=4096
Time: 382.486064 sec
GFLOPS: 0.3593
Run 6
M=4096 N=4096 K=4096
Time: 382.410957 sec
GFLOPS: 0.3594
