=======================================
Kernel: sgemm_kernel_16x8_zvl256b_lmul8_unroll4
Shape: Square (4096 x 4096 x 4096)
=======================================
Run 1
M=4096 N=4096 K=4096
Time: 382.407671 sec
GFLOPS: 0.3594
Run 2
M=4096 N=4096 K=4096
Time: 382.469827 sec
GFLOPS: 0.3593
Run 3
M=4096 N=4096 K=4096
Time: 382.474081 sec
GFLOPS: 0.3593
Run 4
M=4096 N=4096 K=4096
Time: 382.609623 sec
GFLOPS: 0.3592
Run 5
M=4096 N=4096 K=4096
Time: 382.482397 sec
GFLOPS: 0.3593
Run 6
M=4096 N=4096 K=4096
Time: 382.488328 sec
GFLOPS: 0.3593
