=======================================
Kernel: sgemm_kernel_16x8_zvl256b_lmul2_unroll1
Shape: Square (4096 x 4096 x 4096)
=======================================
Run 1
M=4096 N=4096 K=4096
Time: 40.509485 sec
GFLOPS: 3.3928
Run 2
M=4096 N=4096 K=4096
Time: 40.550393 sec
GFLOPS: 3.3893
Run 3
M=4096 N=4096 K=4096
Time: 40.502110 sec
GFLOPS: 3.3934
Run 4
M=4096 N=4096 K=4096
Time: 40.485830 sec
GFLOPS: 3.3947
Run 5
M=4096 N=4096 K=4096
Time: 40.367081 sec
GFLOPS: 3.4047
Run 6
M=4096 N=4096 K=4096
Time: 40.503688 sec
GFLOPS: 3.3932
