=======================================
Kernel: sgemm_kernel_16x8_zvl256b_lmulmf2_unroll8
Shape: Square (4096 x 4096 x 4096)
=======================================
Run 1
M=4096 N=4096 K=4096
Time: 11.976077 sec
GFLOPS: 11.4761
Run 2
M=4096 N=4096 K=4096
Time: 11.869855 sec
GFLOPS: 11.5788
Run 3
M=4096 N=4096 K=4096
Time: 11.884444 sec
GFLOPS: 11.5646
Run 4
M=4096 N=4096 K=4096
Time: 11.960283 sec
GFLOPS: 11.4913
Run 5
M=4096 N=4096 K=4096
Time: 12.000591 sec
GFLOPS: 11.4527
Run 6
M=4096 N=4096 K=4096
Time: 11.893605 sec
GFLOPS: 11.5557
