=======================================
Kernel: sgemm_kernel_16x8_zvl256b_lmul2_unroll2
Shape: Square (4096 x 4096 x 4096)
=======================================
Run 1
M=4096 N=4096 K=4096
Time: 40.327784 sec
GFLOPS: 3.4080
Run 2
M=4096 N=4096 K=4096
Time: 40.501060 sec
GFLOPS: 3.3935
Run 3
M=4096 N=4096 K=4096
Time: 40.319537 sec
GFLOPS: 3.4087
Run 4
M=4096 N=4096 K=4096
Time: 40.199896 sec
GFLOPS: 3.4189
Run 5
M=4096 N=4096 K=4096
Time: 40.484729 sec
GFLOPS: 3.3948
Run 6
M=4096 N=4096 K=4096
Time: 40.188754 sec
GFLOPS: 3.4198
