=======================================
Kernel: sgemm_kernel_16x8_zvl256b_lmul4_unroll1
Cluster: 0 (Cores 0-3) AI Cluster with 2.0 TOPS
Shape: Square (4096 x 4096 x 4096)
=======================================
Run 1
M=4096 N=4096 K=4096
Time: 201.146286 sec
GFLOPS: 0.6833
Run 2
M=4096 N=4096 K=4096
Time: 201.529361 sec
GFLOPS: 0.6820
Run 3
M=4096 N=4096 K=4096
Time: 200.054065 sec
GFLOPS: 0.6870
Run 4
M=4096 N=4096 K=4096
Time: 199.870157 sec
GFLOPS: 0.6876
Run 5
M=4096 N=4096 K=4096
Time: 199.886368 sec
GFLOPS: 0.6876
Run 6
M=4096 N=4096 K=4096
Time: 201.100645 sec
GFLOPS: 0.6834
