=======================================
Kernel: sgemm_kernel_16x8_zvl256b_lmul8_unroll1
Cluster: 0 (Cores 0-3) AI Cluster with 2.0 TOPS
Shape: Square (4096 x 4096 x 4096)
=======================================
Run 1
M=4096 N=4096 K=4096
Time: 381.920908 sec
GFLOPS: 0.3599
Run 2
M=4096 N=4096 K=4096
Time: 382.037401 sec
GFLOPS: 0.3598
Run 3
M=4096 N=4096 K=4096
Time: 381.668839 sec
GFLOPS: 0.3601
Run 4
M=4096 N=4096 K=4096
Time: 381.747670 sec
GFLOPS: 0.3600
Run 5
M=4096 N=4096 K=4096
Time: 382.091850 sec
GFLOPS: 0.3597
Run 6
M=4096 N=4096 K=4096
Time: 384.389768 sec
GFLOPS: 0.3576
