=======================================
Kernel: sgemm_kernel_16x8_zvl256b_lmul8_unroll8
Cluster: 0 (Cores 0-3) AI Cluster with 2.0 TOPS
Shape: Square (4096 x 4096 x 4096)
=======================================
Run 1
M=4096 N=4096 K=4096
Time: 382.325293 sec
GFLOPS: 0.3595
Run 2
M=4096 N=4096 K=4096
Time: 382.051364 sec
GFLOPS: 0.3597
Run 3
M=4096 N=4096 K=4096
Time: 382.124770 sec
GFLOPS: 0.3597
Run 4
M=4096 N=4096 K=4096
Time: 381.764346 sec
GFLOPS: 0.3600
Run 5
M=4096 N=4096 K=4096
Time: 382.071566 sec
GFLOPS: 0.3597
Run 6
M=4096 N=4096 K=4096
Time: 382.365039 sec
GFLOPS: 0.3594
