=======================================
Kernel: sgemm_kernel_16x8_zvl256b_lmul1_unroll8
Cluster: 0 (Cores 0-3) AI Cluster with 2.0 TOPS
Shape: Square (4096 x 4096 x 4096)
=======================================
Run 1
M=4096 N=4096 K=4096
Time: 12.210641 sec
GFLOPS: 11.2557
Run 2
M=4096 N=4096 K=4096
Time: 12.209226 sec
GFLOPS: 11.2570
Run 3
M=4096 N=4096 K=4096
Time: 12.134767 sec
GFLOPS: 11.3260
Run 4
M=4096 N=4096 K=4096
Time: 12.248602 sec
GFLOPS: 11.2208
Run 5
M=4096 N=4096 K=4096
Time: 12.138678 sec
GFLOPS: 11.3224
Run 6
M=4096 N=4096 K=4096
Time: 12.141618 sec
GFLOPS: 11.3197
