=======================================
Kernel: sgemm_kernel_16x8_zvl256b_lmul2_unroll1
Cluster: 0 (Cores 0-3) AI Cluster with 2.0 TOPS
Shape: Square (4096 x 4096 x 4096)
=======================================
Run 1
M=4096 N=4096 K=4096
Time: 40.950392 sec
GFLOPS: 3.3562
Run 2
M=4096 N=4096 K=4096
Time: 40.421076 sec
GFLOPS: 3.4002
Run 3
M=4096 N=4096 K=4096
Time: 40.398131 sec
GFLOPS: 3.4021
Run 4
M=4096 N=4096 K=4096
Time: 40.494782 sec
GFLOPS: 3.3940
Run 5
M=4096 N=4096 K=4096
Time: 40.445184 sec
GFLOPS: 3.3982
Run 6
M=4096 N=4096 K=4096
Time: 40.474811 sec
GFLOPS: 3.3957
