=======================================
Kernel: sgemm_kernel_16x8_zvl256b_lmul2_unroll2
Cluster: 0 (Cores 0-3) AI Cluster with 2.0 TOPS
Shape: Square (4096 x 4096 x 4096)
=======================================
Run 1
M=4096 N=4096 K=4096
Time: 40.664022 sec
GFLOPS: 3.3799
Run 2
M=4096 N=4096 K=4096
Time: 40.458592 sec
GFLOPS: 3.3970
Run 3
M=4096 N=4096 K=4096
Time: 40.465482 sec
GFLOPS: 3.3964
Run 4
M=4096 N=4096 K=4096
Time: 40.484683 sec
GFLOPS: 3.3948
Run 5
M=4096 N=4096 K=4096
Time: 40.796346 sec
GFLOPS: 3.3689
Run 6
M=4096 N=4096 K=4096
Time: 40.979380 sec
GFLOPS: 3.3539
