=======================================
Kernel: sgemm_kernel_16x8_zvl256b_lmul2_unroll8
Cluster: 0 (Cores 0-3) AI Cluster with 2.0 TOPS
Shape: Square (4096 x 4096 x 4096)
=======================================
Run 1
M=4096 N=4096 K=4096
Time: 40.911789 sec
GFLOPS: 3.3594
Run 2
M=4096 N=4096 K=4096
Time: 40.494140 sec
GFLOPS: 3.3940
Run 3
M=4096 N=4096 K=4096
Time: 40.416166 sec
GFLOPS: 3.4006
Run 4
M=4096 N=4096 K=4096
Time: 40.512537 sec
GFLOPS: 3.3925
Run 5
M=4096 N=4096 K=4096
Time: 40.410914 sec
GFLOPS: 3.4010
Run 6
M=4096 N=4096 K=4096
Time: 40.562106 sec
GFLOPS: 3.3884
