=======================================
Kernel: sgemm_kernel_16x8_zvl256b_lmulmf2_unroll1
Cluster: 0 (Cores 0-3) AI Cluster with 2.0 TOPS
Shape: Square (4096 x 4096 x 4096)
=======================================
Run 1
M=4096 N=4096 K=4096
Time: 11.912288 sec
GFLOPS: 11.5376
Run 2
M=4096 N=4096 K=4096
Time: 11.901217 sec
GFLOPS: 11.5483
Run 3
M=4096 N=4096 K=4096
Time: 11.841363 sec
GFLOPS: 11.6067
Run 4
M=4096 N=4096 K=4096
Time: 11.805782 sec
GFLOPS: 11.6417
Run 5
M=4096 N=4096 K=4096
Time: 11.826586 sec
GFLOPS: 11.6212
Run 6
M=4096 N=4096 K=4096
Time: 11.937187 sec
GFLOPS: 11.5135
