=======================================
Kernel: sgemm_kernel_16x8_zvl256b_lmul4_unroll2
Cluster: 0 (Cores 0-3) AI Cluster with 2.0 TOPS
Shape: Square (4096 x 4096 x 4096)
=======================================
Run 1
M=4096 N=4096 K=4096
Time: 201.354823 sec
GFLOPS: 0.6826
Run 2
M=4096 N=4096 K=4096
Time: 200.118593 sec
GFLOPS: 0.6868
Run 3
M=4096 N=4096 K=4096
Time: 199.885501 sec
GFLOPS: 0.6876
Run 4
M=4096 N=4096 K=4096
Time: 200.071561 sec
GFLOPS: 0.6869
Run 5
M=4096 N=4096 K=4096
Time: 201.421849 sec
GFLOPS: 0.6823
Run 6
M=4096 N=4096 K=4096
Time: 199.917879 sec
GFLOPS: 0.6875
