=======================================
Kernel: sgemm_kernel_16x8_zvl256b_lmul1_unroll4
Cluster: 0 (Cores 0-3) AI Cluster with 2.0 TOPS
Shape: Square (4096 x 4096 x 4096)
=======================================
Run 1
M=4096 N=4096 K=4096
Time: 12.133930 sec
GFLOPS: 11.3268
Run 2
M=4096 N=4096 K=4096
Time: 12.121191 sec
GFLOPS: 11.3387
Run 3
M=4096 N=4096 K=4096
Time: 12.122870 sec
GFLOPS: 11.3372
Run 4
M=4096 N=4096 K=4096
Time: 12.204881 sec
GFLOPS: 11.2610
Run 5
M=4096 N=4096 K=4096
Time: 12.106028 sec
GFLOPS: 11.3529
Run 6
M=4096 N=4096 K=4096
Time: 12.111461 sec
GFLOPS: 11.3478
