=======================================
Kernel: sgemm_kernel_16x8_zvl256b_lmul4_unroll4
Cluster: 0 (Cores 0-3) AI Cluster with 2.0 TOPS
Shape: Square (4096 x 4096 x 4096)
=======================================
Run 1
M=4096 N=4096 K=4096
Time: 201.101246 sec
GFLOPS: 0.6834
Run 2
M=4096 N=4096 K=4096
Time: 199.930796 sec
GFLOPS: 0.6874
Run 3
M=4096 N=4096 K=4096
Time: 199.922038 sec
GFLOPS: 0.6875
Run 4
M=4096 N=4096 K=4096
Time: 200.071980 sec
GFLOPS: 0.6869
Run 5
M=4096 N=4096 K=4096
Time: 201.399922 sec
GFLOPS: 0.6824
Run 6
M=4096 N=4096 K=4096
Time: 201.598150 sec
GFLOPS: 0.6817
