=======================================
Kernel: sgemm_kernel_16x8_zvl256b_lmul1_unroll2
Cluster: 0 (Cores 0-3) AI Cluster with 2.0 TOPS
Shape: Square (4096 x 4096 x 4096)
=======================================
Run 1
M=4096 N=4096 K=4096
Time: 12.104309 sec
GFLOPS: 11.3545
Run 2
M=4096 N=4096 K=4096
Time: 12.230659 sec
GFLOPS: 11.2372
Run 3
M=4096 N=4096 K=4096
Time: 12.134791 sec
GFLOPS: 11.3260
Run 4
M=4096 N=4096 K=4096
Time: 12.127428 sec
GFLOPS: 11.3329
Run 5
M=4096 N=4096 K=4096
Time: 12.135760 sec
GFLOPS: 11.3251
Run 6
M=4096 N=4096 K=4096
Time: 12.124253 sec
GFLOPS: 11.3359
