=======================================
Kernel: sgemm_kernel_16x8_zvl256b_lmul4_unroll8
Cluster: 0 (Cores 0-3) AI Cluster with 2.0 TOPS
Shape: Square (4096 x 4096 x 4096)
=======================================
Run 1
M=4096 N=4096 K=4096
Time: 200.586254 sec
GFLOPS: 0.6852
Run 2
M=4096 N=4096 K=4096
Time: 201.556783 sec
GFLOPS: 0.6819
Run 3
M=4096 N=4096 K=4096
Time: 200.099422 sec
GFLOPS: 0.6869
Run 4
M=4096 N=4096 K=4096
Time: 200.052892 sec
GFLOPS: 0.6870
Run 5
M=4096 N=4096 K=4096
Time: 200.063108 sec
GFLOPS: 0.6870
Run 6
M=4096 N=4096 K=4096
Time: 200.116551 sec
GFLOPS: 0.6868
