=======================================
Kernel: dgemm_kernel_8x8_zvl128b_lmul4_unroll2
Core: 4 (General Cluster)
Shape: Square (4096 x 4096 x 4096)
=======================================
Run 1
M=4096 N=4096 K=4096
Time: 88.935986 sec
GFLOPS: 1.5454
Run 2
M=4096 N=4096 K=4096
Time: 88.948862 sec
GFLOPS: 1.5451
Run 3
M=4096 N=4096 K=4096
Time: 88.938286 sec
GFLOPS: 1.5453
Run 4
M=4096 N=4096 K=4096
Time: 88.936846 sec
GFLOPS: 1.5454
Run 5
M=4096 N=4096 K=4096
Time: 88.945322 sec
GFLOPS: 1.5452
Run 6
M=4096 N=4096 K=4096
Time: 88.959752 sec
GFLOPS: 1.5450
