=======================================
Kernel: dgemm_kernel_8x8_zvl128b_lmul4_unroll8
Core: 4 (General Cluster)
Shape: Square (4096 x 4096 x 4096)
=======================================
Run 1
M=4096 N=4096 K=4096
Time: 71.987696 sec
GFLOPS: 1.9092
Run 2
M=4096 N=4096 K=4096
Time: 71.970553 sec
GFLOPS: 1.9097
Run 3
M=4096 N=4096 K=4096
Time: 71.988179 sec
GFLOPS: 1.9092
Run 4
M=4096 N=4096 K=4096
Time: 71.965348 sec
GFLOPS: 1.9098
Run 5
M=4096 N=4096 K=4096
Time: 71.985481 sec
GFLOPS: 1.9093
Run 6
M=4096 N=4096 K=4096
Time: 71.959271 sec
GFLOPS: 1.9100
