=======================================
Kernel: dgemm_kernel_8x8_zvl128b_lmul1_unroll1
Core: 4 (General Cluster)
Shape: Square (4096 x 4096 x 4096)
=======================================
Run 1
M=4096 N=4096 K=4096
Time: 29.230190 sec
GFLOPS: 4.7020
Run 2
M=4096 N=4096 K=4096
Time: 29.298944 sec
GFLOPS: 4.6909
Run 3
M=4096 N=4096 K=4096
Time: 29.692578 sec
GFLOPS: 4.6287
Run 4
M=4096 N=4096 K=4096
Time: 29.211181 sec
GFLOPS: 4.7050
Run 5
M=4096 N=4096 K=4096
Time: 29.265603 sec
GFLOPS: 4.6963
Run 6
M=4096 N=4096 K=4096
Time: 29.325484 sec
GFLOPS: 4.6867
