=======================================
Kernel: dgemm_kernel_8x8_zvl128b_lmul1_unroll4
Core: 4 (General Cluster)
Shape: Square (4096 x 4096 x 4096)
=======================================
Run 1
M=4096 N=4096 K=4096
Time: 27.682279 sec
GFLOPS: 4.9649
Run 2
M=4096 N=4096 K=4096
Time: 27.659218 sec
GFLOPS: 4.9690
Run 3
M=4096 N=4096 K=4096
Time: 27.738561 sec
GFLOPS: 4.9548
Run 4
M=4096 N=4096 K=4096
Time: 27.885825 sec
GFLOPS: 4.9286
Run 5
M=4096 N=4096 K=4096
Time: 27.456915 sec
GFLOPS: 5.0056
Run 6
M=4096 N=4096 K=4096
Time: 27.693733 sec
GFLOPS: 4.9628
