=======================================
Kernel: dgemm_kernel_8x8_zvl128b_lmul4_unroll1
Core: 4 (General Cluster)
Shape: Square (4096 x 4096 x 4096)
=======================================
Run 1
M=4096 N=4096 K=4096
Time: 75.230715 sec
GFLOPS: 1.8269
Run 2
M=4096 N=4096 K=4096
Time: 75.221904 sec
GFLOPS: 1.8271
Run 3
M=4096 N=4096 K=4096
Time: 75.215397 sec
GFLOPS: 1.8273
Run 4
M=4096 N=4096 K=4096
Time: 75.275218 sec
GFLOPS: 1.8258
Run 5
M=4096 N=4096 K=4096
Time: 75.227121 sec
GFLOPS: 1.8270
Run 6
M=4096 N=4096 K=4096
Time: 75.282698 sec
GFLOPS: 1.8256
