=======================================
Kernel: dgemm_kernel_8x8_zvl128b_lmul1_unroll8
Core: 4 (General Cluster)
Shape: Square (4096 x 4096 x 4096)
=======================================
Run 1
M=4096 N=4096 K=4096
Time: 27.671911 sec
GFLOPS: 4.9667
Run 2
M=4096 N=4096 K=4096
Time: 27.813570 sec
GFLOPS: 4.9414
Run 3
M=4096 N=4096 K=4096
Time: 27.622325 sec
GFLOPS: 4.9756
Run 4
M=4096 N=4096 K=4096
Time: 27.622857 sec
GFLOPS: 4.9756
Run 5
M=4096 N=4096 K=4096
Time: 27.589262 sec
GFLOPS: 4.9816
Run 6
M=4096 N=4096 K=4096
Time: 27.597621 sec
GFLOPS: 4.9801
