=======================================
Kernel: dgemm_kernel_8x8_zvl128b_lmul8_unroll8
Cluster: 0 (Cores 0-3) AI Cluster with 2.0 TOPS
Shape: Square (4096 x 4096 x 4096)
=======================================
Run 1
M=4096 N=4096 K=4096
Time: 315.196782 sec
GFLOPS: 0.4360
Run 2
M=4096 N=4096 K=4096
Time: 314.723967 sec
GFLOPS: 0.4367
Run 3
M=4096 N=4096 K=4096
Time: 314.922172 sec
GFLOPS: 0.4364
Run 4
M=4096 N=4096 K=4096
Time: 314.699323 sec
GFLOPS: 0.4367
Run 5
M=4096 N=4096 K=4096
Time: 314.788958 sec
GFLOPS: 0.4366
Run 6
M=4096 N=4096 K=4096
Time: 314.913572 sec
GFLOPS: 0.4364
