=======================================
Kernel: dgemm_kernel_8x8_zvl128b_lmul4_unroll8
Cluster: 0 (Cores 0-3) AI Cluster with 2.0 TOPS
Shape: Square (4096 x 4096 x 4096)
=======================================
Run 1
M=4096 N=4096 K=4096
Time: 70.724710 sec
GFLOPS: 1.9433
Run 2
M=4096 N=4096 K=4096
Time: 71.460063 sec
GFLOPS: 1.9233
Run 3
M=4096 N=4096 K=4096
Time: 70.757325 sec
GFLOPS: 1.9424
Run 4
M=4096 N=4096 K=4096
Time: 70.749953 sec
GFLOPS: 1.9426
Run 5
M=4096 N=4096 K=4096
Time: 70.832413 sec
GFLOPS: 1.9403
Run 6
M=4096 N=4096 K=4096
Time: 71.716391 sec
GFLOPS: 1.9164
