=======================================
Kernel: dgemm_kernel_8x8_zvl128b_lmul2_unroll1
Cluster: 0 (Cores 0-3) AI Cluster with 2.0 TOPS
Shape: Square (4096 x 4096 x 4096)
=======================================
Run 1
M=4096 N=4096 K=4096
Time: 27.541039 sec
GFLOPS: 4.9903
Run 2
M=4096 N=4096 K=4096
Time: 27.318958 sec
GFLOPS: 5.0309
Run 3
M=4096 N=4096 K=4096
Time: 27.486325 sec
GFLOPS: 5.0003
Run 4
M=4096 N=4096 K=4096
Time: 27.552085 sec
GFLOPS: 4.9883
Run 5
M=4096 N=4096 K=4096
Time: 27.445253 sec
GFLOPS: 5.0077
Run 6
M=4096 N=4096 K=4096
Time: 27.574037 sec
GFLOPS: 4.9844
