=======================================
Kernel: dgemm_kernel_8x8_zvl128b_lmul1_unroll2
Cluster: 0 (Cores 0-3) AI Cluster with 2.0 TOPS
Shape: Square (4096 x 4096 x 4096)
=======================================
Run 1
M=4096 N=4096 K=4096
Time: 27.925704 sec
GFLOPS: 4.9216
Run 2
M=4096 N=4096 K=4096
Time: 28.064961 sec
GFLOPS: 4.8972
Run 3
M=4096 N=4096 K=4096
Time: 27.759120 sec
GFLOPS: 4.9511
Run 4
M=4096 N=4096 K=4096
Time: 27.748706 sec
GFLOPS: 4.9530
Run 5
M=4096 N=4096 K=4096
Time: 27.831386 sec
GFLOPS: 4.9383
Run 6
M=4096 N=4096 K=4096
Time: 27.691227 sec
GFLOPS: 4.9633
