=======================================
Kernel: dgemm_kernel_8x8_zvl128b_lmul1_unroll8
Cluster: 0 (Cores 0-3) AI Cluster with 2.0 TOPS
Shape: Square (4096 x 4096 x 4096)
=======================================
Run 1
M=4096 N=4096 K=4096
Time: 27.602718 sec
GFLOPS: 4.9792
Run 2
M=4096 N=4096 K=4096
Time: 27.580518 sec
GFLOPS: 4.9832
Run 3
M=4096 N=4096 K=4096
Time: 27.597151 sec
GFLOPS: 4.9802
Run 4
M=4096 N=4096 K=4096
Time: 27.508026 sec
GFLOPS: 4.9963
Run 5
M=4096 N=4096 K=4096
Time: 27.610521 sec
GFLOPS: 4.9778
Run 6
M=4096 N=4096 K=4096
Time: 27.362041 sec
GFLOPS: 5.0230
