=======================================
Kernel: dgemm_kernel_8x8_zvl128b_lmul2_unroll2
Cluster: 0 (Cores 0-3) AI Cluster with 2.0 TOPS
Shape: Square (4096 x 4096 x 4096)
=======================================
Run 1
M=4096 N=4096 K=4096
Time: 27.663463 sec
GFLOPS: 4.9682
Run 2
M=4096 N=4096 K=4096
Time: 27.405641 sec
GFLOPS: 5.0150
Run 3
M=4096 N=4096 K=4096
Time: 27.517953 sec
GFLOPS: 4.9945
Run 4
M=4096 N=4096 K=4096
Time: 27.428740 sec
GFLOPS: 5.0108
Run 5
M=4096 N=4096 K=4096
Time: 27.499291 sec
GFLOPS: 4.9979
Run 6
M=4096 N=4096 K=4096
Time: 27.277723 sec
GFLOPS: 5.0385
