=======================================
Kernel: igemm_kernel_8x4_zvl128b_lmul8_unroll2
Cluster: 1 (Cores 4-7) General Purpose
Shape: Square (4096 x 4096 x 4096)
=======================================
Run 1
M=4096 N=4096 K=4096
Time: 232.797592 sec
GOPS: 0.5904
Run 2
M=4096 N=4096 K=4096
Time: 233.477074 sec
GOPS: 0.5887
Run 3
M=4096 N=4096 K=4096
Time: 231.598418 sec
GOPS: 0.5934
Run 4
M=4096 N=4096 K=4096
Time: 233.631487 sec
GOPS: 0.5883
Run 5
M=4096 N=4096 K=4096
Time: 232.828381 sec
GOPS: 0.5903
Run 6
M=4096 N=4096 K=4096
Time: 232.687139 sec
GOPS: 0.5907
