=======================================
Kernel: igemm_kernel_8x4_zvl128b_lmul2_unroll4
Cluster: 1 (Cores 4-7) General Purpose
Shape: Square (4096 x 4096 x 4096)
=======================================
Run 1
M=4096 N=4096 K=4096
Time: 23.345047 sec
GOPS: 5.8873
Run 2
M=4096 N=4096 K=4096
Time: 23.740414 sec
GOPS: 5.7892
Run 3
M=4096 N=4096 K=4096
Time: 23.821457 sec
GOPS: 5.7695
Run 4
M=4096 N=4096 K=4096
Time: 23.432163 sec
GOPS: 5.8654
Run 5
M=4096 N=4096 K=4096
Time: 23.734056 sec
GOPS: 5.7908
Run 6
M=4096 N=4096 K=4096
Time: 23.747405 sec
GOPS: 5.7875
