=======================================
Kernel: igemm_kernel_8x4_zvl128b_lmul8_unroll4
Cluster: 1 (Cores 4-7) General Purpose
Shape: Square (4096 x 4096 x 4096)
=======================================
Run 1
M=4096 N=4096 K=4096
Time: 215.361040 sec
GOPS: 0.6382
Run 2
M=4096 N=4096 K=4096
Time: 215.379846 sec
GOPS: 0.6381
Run 3
M=4096 N=4096 K=4096
Time: 215.420615 sec
GOPS: 0.6380
Run 4
M=4096 N=4096 K=4096
Time: 215.379108 sec
GOPS: 0.6381
Run 5
M=4096 N=4096 K=4096
Time: 216.004004 sec
GOPS: 0.6363
Run 6
M=4096 N=4096 K=4096
Time: 215.385609 sec
GOPS: 0.6381
