=======================================
Kernel: igemm_kernel_8x4_zvl128b_lmul2_unroll2
Cluster: 1 (Cores 4-7) General Purpose
Shape: Square (4096 x 4096 x 4096)
=======================================
Run 1
M=4096 N=4096 K=4096
Time: 23.337001 sec
GOPS: 5.8893
Run 2
M=4096 N=4096 K=4096
Time: 23.352691 sec
GOPS: 5.8854
Run 3
M=4096 N=4096 K=4096
Time: 23.330145 sec
GOPS: 5.8910
Run 4
M=4096 N=4096 K=4096
Time: 23.729973 sec
GOPS: 5.7918
Run 5
M=4096 N=4096 K=4096
Time: 23.732466 sec
GOPS: 5.7912
Run 6
M=4096 N=4096 K=4096
Time: 23.330608 sec
GOPS: 5.8909
