=======================================
Kernel: igemm_kernel_8x4_zvl128b_lmul1_unroll4
Cluster: 1 (Cores 4-7) General Purpose
Shape: Square (4096 x 4096 x 4096)
=======================================
Run 1
M=4096 N=4096 K=4096
Time: 16.669982 sec
GOPS: 8.2447
Run 2
M=4096 N=4096 K=4096
Time: 16.756747 sec
GOPS: 8.2020
Run 3
M=4096 N=4096 K=4096
Time: 16.669793 sec
GOPS: 8.2448
Run 4
M=4096 N=4096 K=4096
Time: 16.434569 sec
GOPS: 8.3628
Run 5
M=4096 N=4096 K=4096
Time: 16.442096 sec
GOPS: 8.3590
Run 6
M=4096 N=4096 K=4096
Time: 16.498732 sec
GOPS: 8.3303
