=======================================
Kernel: igemm_kernel_8x4_zvl128b_lmul1_unroll8
Cluster: 1 (Cores 4-7) General Purpose
Shape: Square (4096 x 4096 x 4096)
=======================================
Run 1
M=4096 N=4096 K=4096
Time: 16.607051 sec
GOPS: 8.2759
Run 2
M=4096 N=4096 K=4096
Time: 16.851346 sec
GOPS: 8.1560
Run 3
M=4096 N=4096 K=4096
Time: 16.610331 sec
GOPS: 8.2743
Run 4
M=4096 N=4096 K=4096
Time: 16.915103 sec
GOPS: 8.1252
Run 5
M=4096 N=4096 K=4096
Time: 16.903644 sec
GOPS: 8.1307
Run 6
M=4096 N=4096 K=4096
Time: 16.609220 sec
GOPS: 8.2749
