=======================================
Kernel: OpenBLAS_Baseline_Kernel_FP32_Fractional-unroll2
Cluster: 0 (Cores 0-3) AI Cluster with 2.0 TOPS
Shape: Square (4096 x 4096 x 4096)
=======================================
Run 1
=======================================
RVV SGEMM FRACTIONAL LMUL mf2 Benchmark
=======================================
M=4096 N=4096 K=4096
Time: 15.752169 sec
GFLOPS: 8.7251
Run 2
=======================================
RVV SGEMM FRACTIONAL LMUL mf2 Benchmark
=======================================
M=4096 N=4096 K=4096
Time: 15.730933 sec
GFLOPS: 8.7369
Run 3
=======================================
RVV SGEMM FRACTIONAL LMUL mf2 Benchmark
=======================================
M=4096 N=4096 K=4096
Time: 15.667142 sec
GFLOPS: 8.7724
Run 4
=======================================
RVV SGEMM FRACTIONAL LMUL mf2 Benchmark
=======================================
M=4096 N=4096 K=4096
Time: 15.581232 sec
GFLOPS: 8.8208
Run 5
=======================================
RVV SGEMM FRACTIONAL LMUL mf2 Benchmark
=======================================
M=4096 N=4096 K=4096
Time: 15.617792 sec
GFLOPS: 8.8002
Run 6
=======================================
RVV SGEMM FRACTIONAL LMUL mf2 Benchmark
=======================================
M=4096 N=4096 K=4096
Time: 15.511452 sec
GFLOPS: 8.8605
