=======================================
Kernel: OpenBLAS_Baseline_Kernel_FP32_Fractional-unroll4
Cluster: 0 (Cores 0-3) AI Cluster with 2.0 TOPS
Shape: Square (4096 x 4096 x 4096)
=======================================
Run 1
=======================================
RVV SGEMM FRACTIONAL LMUL mf2 UNROLL4 Benchmark
=======================================
M=4096 N=4096 K=4096
Time: 15.839873 sec
GFLOPS: 8.6768
Run 2
=======================================
RVV SGEMM FRACTIONAL LMUL mf2 UNROLL4 Benchmark
=======================================
M=4096 N=4096 K=4096
Time: 15.693386 sec
GFLOPS: 8.7578
Run 3
=======================================
RVV SGEMM FRACTIONAL LMUL mf2 UNROLL4 Benchmark
=======================================
M=4096 N=4096 K=4096
Time: 15.656007 sec
GFLOPS: 8.7787
Run 4
=======================================
RVV SGEMM FRACTIONAL LMUL mf2 UNROLL4 Benchmark
=======================================
M=4096 N=4096 K=4096
Time: 15.699367 sec
GFLOPS: 8.7544
Run 5
=======================================
RVV SGEMM FRACTIONAL LMUL mf2 UNROLL4 Benchmark
=======================================
M=4096 N=4096 K=4096
Time: 15.928521 sec
GFLOPS: 8.6285
Run 6
=======================================
RVV SGEMM FRACTIONAL LMUL mf2 UNROLL4 Benchmark
=======================================
M=4096 N=4096 K=4096
Time: 15.692770 sec
GFLOPS: 8.7581
