=======================================
Kernel: sgemm_kernel_8x8_zvl128b_lmul8_unroll8
Cluster: 0 (Cores 0-3) AI Cluster with 2.0 TOPS
Shape: Square (4096 x 4096 x 4096)
=======================================
Run 1
=======================================
RVV SGEMM LMUL m8 Unroll 8 Benchmark
=======================================
M=4096 N=4096 K=4096
Time: 312.259385 sec
GFLOPS: 0.4401
Run 2
=======================================
RVV SGEMM LMUL m8 Unroll 8 Benchmark
=======================================
M=4096 N=4096 K=4096
Time: 311.093332 sec
GFLOPS: 0.4418
Run 3
=======================================
RVV SGEMM LMUL m8 Unroll 8 Benchmark
=======================================
M=4096 N=4096 K=4096
Time: 311.077220 sec
GFLOPS: 0.4418
Run 4
=======================================
RVV SGEMM LMUL m8 Unroll 8 Benchmark
=======================================
M=4096 N=4096 K=4096
Time: 311.173242 sec
GFLOPS: 0.4417
Run 5
=======================================
RVV SGEMM LMUL m8 Unroll 8 Benchmark
=======================================
M=4096 N=4096 K=4096
Time: 311.091539 sec
GFLOPS: 0.4418
Run 6
=======================================
RVV SGEMM LMUL m8 Unroll 8 Benchmark
=======================================
M=4096 N=4096 K=4096
Time: 311.966398 sec
GFLOPS: 0.4406
