=======================================
Kernel: sgemm_kernel_8x8_zvl128b_lmul2_unroll4
Cluster: 0 (Cores 0-3) AI Cluster with 2.0 TOPS
Shape: Square (4096 x 4096 x 4096)
=======================================
Run 1
=======================================
RVV SGEMM LMUL m2 Unroll 4 Benchmark
=======================================
M=4096 N=4096 K=4096
Time: 23.498029 sec
GFLOPS: 5.8490
Run 2
=======================================
RVV SGEMM LMUL m2 Unroll 4 Benchmark
=======================================
M=4096 N=4096 K=4096
Time: 23.207252 sec
GFLOPS: 5.9222
Run 3
=======================================
RVV SGEMM LMUL m2 Unroll 4 Benchmark
=======================================
M=4096 N=4096 K=4096
Time: 23.182155 sec
GFLOPS: 5.9287
Run 4
=======================================
RVV SGEMM LMUL m2 Unroll 4 Benchmark
=======================================
M=4096 N=4096 K=4096
Time: 23.232222 sec
GFLOPS: 5.9159
Run 5
=======================================
RVV SGEMM LMUL m2 Unroll 4 Benchmark
=======================================
M=4096 N=4096 K=4096
Time: 23.329895 sec
GFLOPS: 5.8911
Run 6
=======================================
RVV SGEMM LMUL m2 Unroll 4 Benchmark
=======================================
M=4096 N=4096 K=4096
Time: 23.224422 sec
GFLOPS: 5.9179
