=======================================
Kernel: sgemm_kernel_8x8_zvl128b_lmul8_unroll4
Cluster: 0 (Cores 0-3) AI Cluster with 2.0 TOPS
Shape: Square (4096 x 4096 x 4096)
=======================================
Run 1
=======================================
RVV SGEMM LMUL m8 Unroll 4 Benchmark
=======================================
M=4096 N=4096 K=4096
Time: 313.485640 sec
GFLOPS: 0.4384
Run 2
=======================================
RVV SGEMM LMUL m8 Unroll 4 Benchmark
=======================================
M=4096 N=4096 K=4096
Time: 312.911468 sec
GFLOPS: 0.4392
Run 3
=======================================
RVV SGEMM LMUL m8 Unroll 4 Benchmark
=======================================
M=4096 N=4096 K=4096
Time: 311.783099 sec
GFLOPS: 0.4408
Run 4
=======================================
RVV SGEMM LMUL m8 Unroll 4 Benchmark
=======================================
M=4096 N=4096 K=4096
Time: 311.615605 sec
GFLOPS: 0.4411
Run 5
=======================================
RVV SGEMM LMUL m8 Unroll 4 Benchmark
=======================================
M=4096 N=4096 K=4096
Time: 311.809312 sec
GFLOPS: 0.4408
Run 6
=======================================
RVV SGEMM LMUL m8 Unroll 4 Benchmark
=======================================
M=4096 N=4096 K=4096
Time: 312.110403 sec
GFLOPS: 0.4404
