=======================================
Kernel: sgemm_kernel_8x8_zvl128b_lmul1_unroll2
Cluster: 0 (Cores 0-3) AI Cluster with 2.0 TOPS
Shape: Square (4096 x 4096 x 4096)
=======================================
Run 1
=======================================
RVV SGEMM LMUL m1 Benchmark
=======================================
M=4096 N=4096 K=4096
Time: 17.362356 sec
GFLOPS: 7.9159
Run 2
=======================================
RVV SGEMM LMUL m1 Benchmark
=======================================
M=4096 N=4096 K=4096
Time: 17.500652 sec
GFLOPS: 7.8534
Run 3
=======================================
RVV SGEMM LMUL m1 Benchmark
=======================================
M=4096 N=4096 K=4096
Time: 17.296574 sec
GFLOPS: 7.9460
Run 4
=======================================
RVV SGEMM LMUL m1 Benchmark
=======================================
M=4096 N=4096 K=4096
Time: 17.360495 sec
GFLOPS: 7.9168
Run 5
=======================================
RVV SGEMM LMUL m1 Benchmark
=======================================
M=4096 N=4096 K=4096
Time: 17.430791 sec
GFLOPS: 7.8848
Run 6
=======================================
RVV SGEMM LMUL m1 Benchmark
=======================================
M=4096 N=4096 K=4096
Time: 17.375325 sec
GFLOPS: 7.9100
