=======================================
Kernel: sgemm_kernel_8x8_zvl128b_lmul2_unroll2
Cluster: 0 (Cores 0-3) AI Cluster with 2.0 TOPS
Shape: Square (4096 x 4096 x 4096)
=======================================
Run 1
=======================================
RVV SGEMM LMUL m2 Unroll 2 Benchmark
=======================================
M=4096 N=4096 K=4096
Time: 23.556074 sec
GFLOPS: 5.8345
Run 2
=======================================
RVV SGEMM LMUL m2 Unroll 2 Benchmark
=======================================
M=4096 N=4096 K=4096
Time: 23.394110 sec
GFLOPS: 5.8749
Run 3
=======================================
RVV SGEMM LMUL m2 Unroll 2 Benchmark
=======================================
M=4096 N=4096 K=4096
Time: 23.391671 sec
GFLOPS: 5.8756
Run 4
=======================================
RVV SGEMM LMUL m2 Unroll 2 Benchmark
=======================================
M=4096 N=4096 K=4096
Time: 23.398684 sec
GFLOPS: 5.8738
Run 5
=======================================
RVV SGEMM LMUL m2 Unroll 2 Benchmark
=======================================
M=4096 N=4096 K=4096
Time: 23.848969 sec
GFLOPS: 5.7629
Run 6
=======================================
RVV SGEMM LMUL m2 Unroll 2 Benchmark
=======================================
M=4096 N=4096 K=4096
Time: 23.426410 sec
GFLOPS: 5.8668
