=======================================
Kernel: sgemm_kernel_8x8_zvl128b_lmul4_unroll2
Cluster: 0 (Cores 0-3) AI Cluster with 2.0 TOPS
Shape: Square (4096 x 4096 x 4096)
=======================================
Run 1
=======================================
RVV SGEMM LMUL m4 Benchmark
=======================================
M=4096 N=4096 K=4096
Time: 87.603586 sec
GFLOPS: 1.5689
Run 2
=======================================
RVV SGEMM LMUL m4 Benchmark
=======================================
M=4096 N=4096 K=4096
Time: 87.415073 sec
GFLOPS: 1.5723
Run 3
=======================================
RVV SGEMM LMUL m4 Benchmark
=======================================
M=4096 N=4096 K=4096
Time: 86.997756 sec
GFLOPS: 1.5798
Run 4
=======================================
RVV SGEMM LMUL m4 Benchmark
=======================================
M=4096 N=4096 K=4096
Time: 87.486573 sec
GFLOPS: 1.5710
Run 5
=======================================
RVV SGEMM LMUL m4 Benchmark
=======================================
M=4096 N=4096 K=4096
Time: 87.116927 sec
GFLOPS: 1.5776
Run 6
=======================================
RVV SGEMM LMUL m4 Benchmark
=======================================
M=4096 N=4096 K=4096
Time: 86.997759 sec
GFLOPS: 1.5798
