=======================================
Kernel: sgemm_kernel_8x8_zvl128b_lmul1_unroll8
Cluster: 0 (Cores 0-3) AI Cluster with 2.0 TOPS
Shape: Square (4096 x 4096 x 4096)
=======================================
Run 1
=======================================
RVV SGEMM LMUL m1 Unroll 8 Benchmark
=======================================
M=4096 N=4096 K=4096
Time: 16.908028 sec
GFLOPS: 8.1286
Run 2
=======================================
RVV SGEMM LMUL m1 Unroll 8 Benchmark
=======================================
M=4096 N=4096 K=4096
Time: 16.894824 sec
GFLOPS: 8.1350
Run 3
=======================================
RVV SGEMM LMUL m1 Unroll 8 Benchmark
=======================================
M=4096 N=4096 K=4096
Time: 16.718127 sec
GFLOPS: 8.2210
Run 4
=======================================
RVV SGEMM LMUL m1 Unroll 8 Benchmark
=======================================
M=4096 N=4096 K=4096
Time: 16.767786 sec
GFLOPS: 8.1966
Run 5
=======================================
RVV SGEMM LMUL m1 Unroll 8 Benchmark
=======================================
M=4096 N=4096 K=4096
Time: 16.784008 sec
GFLOPS: 8.1887
Run 6
=======================================
RVV SGEMM LMUL m1 Unroll 8 Benchmark
=======================================
M=4096 N=4096 K=4096
Time: 17.174774 sec
GFLOPS: 8.0024
