=======================================
Kernel: sgemm_kernel_8x8_zvl128b_lmul4_unroll4
Cluster: 0 (Cores 0-3) AI Cluster with 2.0 TOPS
Shape: Square (4096 x 4096 x 4096)
=======================================
Run 1
=======================================
RVV SGEMM LMUL m4 Unroll 4 Benchmark
=======================================
M=4096 N=4096 K=4096
Time: 87.579367 sec
GFLOPS: 1.5693
Run 2
=======================================
RVV SGEMM LMUL m4 Unroll 4 Benchmark
=======================================
M=4096 N=4096 K=4096
Time: 86.962812 sec
GFLOPS: 1.5804
Run 3
=======================================
RVV SGEMM LMUL m4 Unroll 4 Benchmark
=======================================
M=4096 N=4096 K=4096
Time: 86.830219 sec
GFLOPS: 1.5828
Run 4
=======================================
RVV SGEMM LMUL m4 Unroll 4 Benchmark
=======================================
M=4096 N=4096 K=4096
Time: 86.906378 sec
GFLOPS: 1.5815
Run 5
=======================================
RVV SGEMM LMUL m4 Unroll 4 Benchmark
=======================================
M=4096 N=4096 K=4096
Time: 87.440152 sec
GFLOPS: 1.5718
Run 6
=======================================
RVV SGEMM LMUL m4 Unroll 4 Benchmark
=======================================
M=4096 N=4096 K=4096
Time: 86.967872 sec
GFLOPS: 1.5803
