=======================================
Kernel: sgemm_kernel_8x8_zvl128b_lmul4_unroll8
Cluster: 0 (Cores 0-3) AI Cluster with 2.0 TOPS
Shape: Square (4096 x 4096 x 4096)
=======================================
Run 1
=======================================
RVV SGEMM LMUL m4 Unroll 8 Benchmark
=======================================
M=4096 N=4096 K=4096
Time: 76.134110 sec
GFLOPS: 1.8052
Run 2
=======================================
RVV SGEMM LMUL m4 Unroll 8 Benchmark
=======================================
M=4096 N=4096 K=4096
Time: 76.098575 sec
GFLOPS: 1.8061
Run 3
=======================================
RVV SGEMM LMUL m4 Unroll 8 Benchmark
=======================================
M=4096 N=4096 K=4096
Time: 76.052773 sec
GFLOPS: 1.8072
Run 4
=======================================
RVV SGEMM LMUL m4 Unroll 8 Benchmark
=======================================
M=4096 N=4096 K=4096
Time: 76.132792 sec
GFLOPS: 1.8053
Run 5
=======================================
RVV SGEMM LMUL m4 Unroll 8 Benchmark
=======================================
M=4096 N=4096 K=4096
Time: 76.602675 sec
GFLOPS: 1.7942
Run 6
=======================================
RVV SGEMM LMUL m4 Unroll 8 Benchmark
=======================================
M=4096 N=4096 K=4096
Time: 76.122942 sec
GFLOPS: 1.8055
