=======================================
Kernel: sgemm_kernel_8x8_zvl128b_lmul2_unroll8
Cluster: 0 (Cores 0-3) AI Cluster with 2.0 TOPS
Shape: Square (4096 x 4096 x 4096)
=======================================
Run 1
=======================================
RVV SGEMM LMUL m2 Unroll 8 Benchmark
=======================================
M=4096 N=4096 K=4096
Time: 23.777521 sec
GFLOPS: 5.7802
Run 2
=======================================
RVV SGEMM LMUL m2 Unroll 8 Benchmark
=======================================
M=4096 N=4096 K=4096
Time: 23.766834 sec
GFLOPS: 5.7828
Run 3
=======================================
RVV SGEMM LMUL m2 Unroll 8 Benchmark
=======================================
M=4096 N=4096 K=4096
Time: 23.738709 sec
GFLOPS: 5.7897
Run 4
=======================================
RVV SGEMM LMUL m2 Unroll 8 Benchmark
=======================================
M=4096 N=4096 K=4096
Time: 23.792678 sec
GFLOPS: 5.7765
Run 5
=======================================
RVV SGEMM LMUL m2 Unroll 8 Benchmark
=======================================
M=4096 N=4096 K=4096
Time: 23.756836 sec
GFLOPS: 5.7852
Run 6
=======================================
RVV SGEMM LMUL m2 Unroll 8 Benchmark
=======================================
M=4096 N=4096 K=4096
Time: 23.729845 sec
GFLOPS: 5.7918
