=======================================
RVV SGEMM LMUL m1 BENCHMARK
Each shape runs 6 times
=======================================
rm -f bench
gcc -O3 -march=rv64gcv_zvl128b -mabi=lp64d -std=c11 -Wall sgemm_kernel_8x8_zvl128b.c sgemm_bench.c -o bench

Shape: Square
Run 1
=======================================
RVV SGEMM LMUL m1 Benchmark
=======================================
M=4096 N=4096 K=4096
Time: 17.747040 sec
GFLOPS: 7.7443
Run 2
=======================================
RVV SGEMM LMUL m1 Benchmark
=======================================
M=4096 N=4096 K=4096
Time: 17.753508 sec
GFLOPS: 7.7415
Run 3
=======================================
RVV SGEMM LMUL m1 Benchmark
=======================================
M=4096 N=4096 K=4096
Time: 17.751025 sec
GFLOPS: 7.7426
Run 4
=======================================
RVV SGEMM LMUL m1 Benchmark
=======================================
M=4096 N=4096 K=4096
Time: 17.754326 sec
GFLOPS: 7.7412
Run 5
=======================================
RVV SGEMM LMUL m1 Benchmark
=======================================
M=4096 N=4096 K=4096
Time: 17.782071 sec
GFLOPS: 7.7291
Run 6
=======================================
RVV SGEMM LMUL m1 Benchmark
=======================================
M=4096 N=4096 K=4096
Time: 17.824809 sec
GFLOPS: 7.7105

Shape: Rectangular
Run 1
=======================================
RVV SGEMM LMUL m1 Benchmark
=======================================
M=4096 N=1024 K=4096
Time: 4.436148 sec
GFLOPS: 7.7454
Run 2
=======================================
RVV SGEMM LMUL m1 Benchmark
=======================================
M=4096 N=1024 K=4096
Time: 4.461178 sec
GFLOPS: 7.7019
Run 3
=======================================
RVV SGEMM LMUL m1 Benchmark
=======================================
M=4096 N=1024 K=4096
Time: 4.456824 sec
GFLOPS: 7.7095
Run 4
=======================================
RVV SGEMM LMUL m1 Benchmark
=======================================
M=4096 N=1024 K=4096
Time: 4.435058 sec
GFLOPS: 7.7473
Run 5
=======================================
RVV SGEMM LMUL m1 Benchmark
=======================================
M=4096 N=1024 K=4096
Time: 4.458817 sec
GFLOPS: 7.7060
Run 6
=======================================
RVV SGEMM LMUL m1 Benchmark
=======================================
M=4096 N=1024 K=4096
Time: 4.436755 sec
GFLOPS: 7.7443

Shape: Tall
Run 1
=======================================
RVV SGEMM LMUL m1 Benchmark
=======================================
M=8192 N=256 K=4096
Time: 2.194415 sec
GFLOPS: 7.8289
Run 2
=======================================
RVV SGEMM LMUL m1 Benchmark
=======================================
M=8192 N=256 K=4096
Time: 2.244315 sec
GFLOPS: 7.6548
Run 3
=======================================
RVV SGEMM LMUL m1 Benchmark
=======================================
M=8192 N=256 K=4096
Time: 2.230852 sec
GFLOPS: 7.7010
Run 4
=======================================
RVV SGEMM LMUL m1 Benchmark
=======================================
M=8192 N=256 K=4096
Time: 2.230222 sec
GFLOPS: 7.7032
Run 5
=======================================
RVV SGEMM LMUL m1 Benchmark
=======================================
M=8192 N=256 K=4096
Time: 2.240121 sec
GFLOPS: 7.6692
Run 6
=======================================
RVV SGEMM LMUL m1 Benchmark
=======================================
M=8192 N=256 K=4096
Time: 2.230363 sec
GFLOPS: 7.7027

Shape: Wide
Run 1
=======================================
RVV SGEMM LMUL m1 Benchmark
=======================================
M=64 N=32768 K=4096
Time: 2.220398 sec
GFLOPS: 7.7373
Run 2
=======================================
RVV SGEMM LMUL m1 Benchmark
=======================================
M=64 N=32768 K=4096
Time: 2.225981 sec
GFLOPS: 7.7179
Run 3
=======================================
RVV SGEMM LMUL m1 Benchmark
=======================================
M=64 N=32768 K=4096
Time: 2.225953 sec
GFLOPS: 7.7180
Run 4
=======================================
RVV SGEMM LMUL m1 Benchmark
=======================================
M=64 N=32768 K=4096
Time: 2.215635 sec
GFLOPS: 7.7539
Run 5
=======================================
RVV SGEMM LMUL m1 Benchmark
=======================================
M=64 N=32768 K=4096
Time: 2.178670 sec
GFLOPS: 7.8855
Run 6
=======================================
RVV SGEMM LMUL m1 Benchmark
=======================================
M=64 N=32768 K=4096
Time: 2.224902 sec
GFLOPS: 7.7216
Done.
