=======================================
Kernel: dgemm_kernel_8x8_zvl128b_lmul2_unroll4
Cluster: 1 (Cores 4-7) General Purpose
Shape: Square (4096 x 4096 x 4096)
=======================================
Run 1
M=4096 N=4096 K=4096
Time: 27.461109 sec
GFLOPS: 5.0049
Run 2
M=4096 N=4096 K=4096
Time: 27.393443 sec
GFLOPS: 5.0172
Run 3
M=4096 N=4096 K=4096
Time: 27.310565 sec
GFLOPS: 5.0324
Run 4
M=4096 N=4096 K=4096
Time: 27.281156 sec
GFLOPS: 5.0379
Run 5
M=4096 N=4096 K=4096
Time: 27.318797 sec
GFLOPS: 5.0309
Run 6
M=4096 N=4096 K=4096
Time: 27.329667 sec
GFLOPS: 5.0289
