=======================================
Kernel: dgemm_kernel_8x8_zvl128b_lmul8_unroll4
Cluster: 1 (Cores 4-7) General Purpose
Shape: Square (4096 x 4096 x 4096)
=======================================
Run 1
M=4096 N=4096 K=4096
Time: 316.036621 sec
GFLOPS: 0.4349
Run 2
M=4096 N=4096 K=4096
Time: 316.075807 sec
GFLOPS: 0.4348
Run 3
M=4096 N=4096 K=4096
Time: 315.959010 sec
GFLOPS: 0.4350
Run 4
M=4096 N=4096 K=4096
Time: 316.055876 sec
GFLOPS: 0.4349
Run 5
M=4096 N=4096 K=4096
Time: 315.999341 sec
GFLOPS: 0.4349
Run 6
M=4096 N=4096 K=4096
Time: 316.023810 sec
GFLOPS: 0.4349
