=======================================
Kernel: dgemm_kernel_8x8_zvl128b_lmul8_unroll1
Cluster: 1 (Cores 4-7) General Purpose
Shape: Square (4096 x 4096 x 4096)
=======================================
Run 1
M=4096 N=4096 K=4096
Time: 263.363493 sec
GFLOPS: 0.5219
Run 2
M=4096 N=4096 K=4096
Time: 263.486597 sec
GFLOPS: 0.5216
Run 3
M=4096 N=4096 K=4096
Time: 263.343318 sec
GFLOPS: 0.5219
Run 4
M=4096 N=4096 K=4096
Time: 263.317887 sec
GFLOPS: 0.5220
Run 5
M=4096 N=4096 K=4096
Time: 264.280048 sec
GFLOPS: 0.5201
Run 6
M=4096 N=4096 K=4096
Time: 263.386268 sec
GFLOPS: 0.5218
