=======================================
Kernel: dgemm_kernel_8x8_zvl128b_lmul2_unroll8
Cluster: 1 (Cores 4-7) General Purpose
Shape: Square (4096 x 4096 x 4096)
=======================================
Run 1
M=4096 N=4096 K=4096
Time: 27.519674 sec
GFLOPS: 4.9942
Run 2
M=4096 N=4096 K=4096
Time: 27.381976 sec
GFLOPS: 5.0193
Run 3
M=4096 N=4096 K=4096
Time: 27.336017 sec
GFLOPS: 5.0278
Run 4
M=4096 N=4096 K=4096
Time: 27.283274 sec
GFLOPS: 5.0375
Run 5
M=4096 N=4096 K=4096
Time: 27.347452 sec
GFLOPS: 5.0257
Run 6
M=4096 N=4096 K=4096
Time: 27.644392 sec
GFLOPS: 4.9717
