=======================================
Kernel: dgemm_kernel_8x8_zvl128b_lmul1_unroll1
Cluster: 1 (Cores 4-7) General Purpose
Shape: Square (4096 x 4096 x 4096)
=======================================
Run 1
M=4096 N=4096 K=4096
Time: 29.584965 sec
GFLOPS: 4.6456
Run 2
M=4096 N=4096 K=4096
Time: 29.512081 sec
GFLOPS: 4.6570
Run 3
M=4096 N=4096 K=4096
Time: 29.483482 sec
GFLOPS: 4.6616
Run 4
M=4096 N=4096 K=4096
Time: 29.457266 sec
GFLOPS: 4.6657
Run 5
M=4096 N=4096 K=4096
Time: 29.560133 sec
GFLOPS: 4.6495
Run 6
M=4096 N=4096 K=4096
Time: 29.516297 sec
GFLOPS: 4.6564
