=======================================
Kernel: dgemm_kernel_8x8_zvl128b_lmul1_unroll4
Cluster: 1 (Cores 4-7) General Purpose
Shape: Square (4096 x 4096 x 4096)
=======================================
Run 1
M=4096 N=4096 K=4096
Time: 27.773829 sec
GFLOPS: 4.9485
Run 2
M=4096 N=4096 K=4096
Time: 27.401990 sec
GFLOPS: 5.0157
Run 3
M=4096 N=4096 K=4096
Time: 27.688474 sec
GFLOPS: 4.9638
Run 4
M=4096 N=4096 K=4096
Time: 27.703102 sec
GFLOPS: 4.9611
Run 5
M=4096 N=4096 K=4096
Time: 27.580931 sec
GFLOPS: 4.9831
Run 6
M=4096 N=4096 K=4096
Time: 27.482464 sec
GFLOPS: 5.0010
