=======================================
Kernel: dgemm_kernel_8x8_zvl128b_lmul2_unroll1
Cluster: 1 (Cores 4-7) General Purpose
Shape: Square (4096 x 4096 x 4096)
=======================================
Run 1
M=4096 N=4096 K=4096
Time: 27.591504 sec
GFLOPS: 4.9812
Run 2
M=4096 N=4096 K=4096
Time: 27.374259 sec
GFLOPS: 5.0207
Run 3
M=4096 N=4096 K=4096
Time: 27.291403 sec
GFLOPS: 5.0360
Run 4
M=4096 N=4096 K=4096
Time: 27.649309 sec
GFLOPS: 4.9708
Run 5
M=4096 N=4096 K=4096
Time: 27.335690 sec
GFLOPS: 5.0278
Run 6
M=4096 N=4096 K=4096
Time: 27.414908 sec
GFLOPS: 5.0133
