=======================================
Kernel: dgemm_kernel_8x8_zvl128b_lmul4_unroll2
Cluster: 1 (Cores 4-7) General Purpose
Shape: Square (4096 x 4096 x 4096)
=======================================
Run 1
M=4096 N=4096 K=4096
Time: 88.927272 sec
GFLOPS: 1.5455
Run 2
M=4096 N=4096 K=4096
Time: 88.946618 sec
GFLOPS: 1.5452
Run 3
M=4096 N=4096 K=4096
Time: 88.958429 sec
GFLOPS: 1.5450
Run 4
M=4096 N=4096 K=4096
Time: 88.967030 sec
GFLOPS: 1.5448
Run 5
M=4096 N=4096 K=4096
Time: 88.933215 sec
GFLOPS: 1.5454
Run 6
M=4096 N=4096 K=4096
Time: 89.019964 sec
GFLOPS: 1.5439
