=======================================
Kernel: igemm_kernel_8x4_zvl128b_lmul2_unroll8
Core: 4 (General Cluster)
Shape: Square (4096 x 4096 x 4096)
=======================================
Run 1
M=4096 N=4096 K=4096
Time: 23.524157 sec
GOPS: 5.8425
Run 2
M=4096 N=4096 K=4096
Time: 23.526319 sec
GOPS: 5.8419
Run 3
M=4096 N=4096 K=4096
Time: 23.912698 sec
GOPS: 5.7475
Run 4
M=4096 N=4096 K=4096
Time: 23.913714 sec
GOPS: 5.7473
Run 5
M=4096 N=4096 K=4096
Time: 23.512791 sec
GOPS: 5.8453
Run 6
M=4096 N=4096 K=4096
Time: 23.912226 sec
GOPS: 5.7476
