=======================================
Kernel: igemm_kernel_8x4_zvl128b_lmul1_unroll2
Core: 4 (General Cluster)
Shape: Square (4096 x 4096 x 4096)
=======================================
Run 1
M=4096 N=4096 K=4096
Time: 16.557749 sec
GOPS: 8.3006
Run 2
M=4096 N=4096 K=4096
Time: 16.294244 sec
GOPS: 8.4348
Run 3
M=4096 N=4096 K=4096
Time: 16.286305 sec
GOPS: 8.4389
Run 4
M=4096 N=4096 K=4096
Time: 16.548383 sec
GOPS: 8.3053
Run 5
M=4096 N=4096 K=4096
Time: 16.285619 sec
GOPS: 8.4393
Run 6
M=4096 N=4096 K=4096
Time: 16.284771 sec
GOPS: 8.4397
