=======================================
Kernel: igemm_kernel_8x4_zvl128b_lmul4_unroll4
Core: 4 (General Cluster)
Shape: Square (4096 x 4096 x 4096)
=======================================
Run 1
M=4096 N=4096 K=4096
Time: 39.926496 sec
GOPS: 3.4423
Run 2
M=4096 N=4096 K=4096
Time: 39.925329 sec
GOPS: 3.4424
Run 3
M=4096 N=4096 K=4096
Time: 39.917019 sec
GOPS: 3.4431
Run 4
M=4096 N=4096 K=4096
Time: 39.923914 sec
GOPS: 3.4425
Run 5
M=4096 N=4096 K=4096
Time: 40.336150 sec
GOPS: 3.4073
Run 6
M=4096 N=4096 K=4096
Time: 40.332778 sec
GOPS: 3.4076
