=======================================
Kernel: sgemm_kernel_16x8_zvl256b_lmul2_unroll8
Shape: Square (4096 x 4096 x 4096)
=======================================
Run 1
M=4096 N=4096 K=4096
Time: 40.472630 sec
GFLOPS: 3.3958
Run 2
M=4096 N=4096 K=4096
Time: 40.542662 sec
GFLOPS: 3.3900
Run 3
M=4096 N=4096 K=4096
Time: 40.674871 sec
GFLOPS: 3.3790
Run 4
M=4096 N=4096 K=4096
Time: 40.673188 sec
GFLOPS: 3.3791
Run 5
M=4096 N=4096 K=4096
Time: 40.320489 sec
GFLOPS: 3.4087
Run 6
M=4096 N=4096 K=4096
Time: 40.722246 sec
GFLOPS: 3.3750
