=======================================
Kernel: sgemm_kernel_16x8_zvl256b_lmul4_unroll8
Shape: Square (4096 x 4096 x 4096)
=======================================
Run 1
M=4096 N=4096 K=4096
Time: 200.560307 sec
GFLOPS: 0.6853
Run 2
M=4096 N=4096 K=4096
Time: 200.751059 sec
GFLOPS: 0.6846
Run 3
M=4096 N=4096 K=4096
Time: 203.196202 sec
GFLOPS: 0.6764
Run 4
M=4096 N=4096 K=4096
Time: 201.209410 sec
GFLOPS: 0.6831
Run 5
M=4096 N=4096 K=4096
Time: 200.785026 sec
GFLOPS: 0.6845
Run 6
M=4096 N=4096 K=4096
Time: 200.375929 sec
GFLOPS: 0.6859
