=======================================
Kernel: sgemm_kernel_16x8_zvl256b_lmul1_unroll4
Shape: Square (4096 x 4096 x 4096)
=======================================
Run 1
M=4096 N=4096 K=4096
Time: 12.447652 sec
GFLOPS: 11.0414
Run 2
M=4096 N=4096 K=4096
Time: 12.391194 sec
GFLOPS: 11.0917
Run 3
M=4096 N=4096 K=4096
Time: 12.429405 sec
GFLOPS: 11.0576
Run 4
M=4096 N=4096 K=4096
Time: 12.502315 sec
GFLOPS: 10.9931
Run 5
M=4096 N=4096 K=4096
Time: 12.322771 sec
GFLOPS: 11.1533
Run 6
M=4096 N=4096 K=4096
Time: 12.530679 sec
GFLOPS: 10.9682
