=======================================
Kernel: sgemm_kernel_16x8_zvl256b_lmul8_unroll1
Shape: Square (4096 x 4096 x 4096)
=======================================
Run 1
M=4096 N=4096 K=4096
Time: 383.114901 sec
GFLOPS: 0.3587
Run 2
M=4096 N=4096 K=4096
Time: 382.930402 sec
GFLOPS: 0.3589
Run 3
M=4096 N=4096 K=4096
Time: 382.999556 sec
GFLOPS: 0.3588
Run 4
M=4096 N=4096 K=4096
Time: 382.928912 sec
GFLOPS: 0.3589
Run 5
M=4096 N=4096 K=4096
Time: 382.828923 sec
GFLOPS: 0.3590
Run 6
M=4096 N=4096 K=4096
Time: 383.053946 sec
GFLOPS: 0.3588
