=======================================
Kernel: sgemm_kernel_16x8_zvl256b_lmulmf2_unroll2
Shape: Square (4096 x 4096 x 4096)
=======================================
Run 1
M=4096 N=4096 K=4096
Time: 12.075239 sec
GFLOPS: 11.3819
Run 2
M=4096 N=4096 K=4096
Time: 12.075725 sec
GFLOPS: 11.3814
Run 3
M=4096 N=4096 K=4096
Time: 12.101935 sec
GFLOPS: 11.3568
Run 4
M=4096 N=4096 K=4096
Time: 12.086924 sec
GFLOPS: 11.3709
Run 5
M=4096 N=4096 K=4096
Time: 12.101323 sec
GFLOPS: 11.3573
Run 6
M=4096 N=4096 K=4096
Time: 12.104272 sec
GFLOPS: 11.3546
