=======================================
Kernel: sgemm_kernel_16x8_zvl256b_lmulmf2_unroll8
Shape: Square (4096 x 4096 x 4096)
=======================================
Run 1
M=4096 N=4096 K=4096
Time: 12.021297 sec
GFLOPS: 11.4330
Run 2
M=4096 N=4096 K=4096
Time: 12.002669 sec
GFLOPS: 11.4507
Run 3
M=4096 N=4096 K=4096
Time: 12.052062 sec
GFLOPS: 11.4038
Run 4
M=4096 N=4096 K=4096
Time: 12.039100 sec
GFLOPS: 11.4160
Run 5
M=4096 N=4096 K=4096
Time: 12.047998 sec
GFLOPS: 11.4076
Run 6
M=4096 N=4096 K=4096
Time: 12.058057 sec
GFLOPS: 11.3981
