=======================================
Kernel: sgemm_kernel_16x8_zvl256b_lmul4_unroll4
Shape: Square (4096 x 4096 x 4096)
=======================================
Run 1
M=4096 N=4096 K=4096
Time: 203.089058 sec
GFLOPS: 0.6767
Run 2
M=4096 N=4096 K=4096
Time: 200.504616 sec
GFLOPS: 0.6855
Run 3
M=4096 N=4096 K=4096
Time: 203.278643 sec
GFLOPS: 0.6761
Run 4
M=4096 N=4096 K=4096
Time: 202.836937 sec
GFLOPS: 0.6776
Run 5
M=4096 N=4096 K=4096
Time: 200.520319 sec
GFLOPS: 0.6854
Run 6
M=4096 N=4096 K=4096
Time: 203.197513 sec
GFLOPS: 0.6764
