=======================================
Kernel: dgemm_kernel_8x4_zvl128b_lmul2_unroll4
Cluster: 1 (Cores 4-7) General Purpose
Shape: Square (4096 x 4096 x 4096)
=======================================
Run 1
M=4096 N=4096 K=4096
Time: 34.553768 sec
GFLOPS: 3.9775
Run 2
M=4096 N=4096 K=4096
Time: 35.864336 sec
GFLOPS: 3.8322
Run 3
M=4096 N=4096 K=4096
Time: 35.513129 sec
GFLOPS: 3.8701
Run 4
M=4096 N=4096 K=4096
Time: 34.681095 sec
GFLOPS: 3.9629
Run 5
M=4096 N=4096 K=4096
Time: 34.640805 sec
GFLOPS: 3.9675
Run 6
M=4096 N=4096 K=4096
Time: 35.888617 sec
GFLOPS: 3.8296
