=======================================
Kernel: dgemm_kernel_8x4_zvl128b_lmul4_unroll1
Cluster: 1 (Cores 4-7) General Purpose
Shape: Square (4096 x 4096 x 4096)
=======================================
Run 1
M=4096 N=4096 K=4096
Time: 49.356658 sec
GFLOPS: 2.7846
Run 2
M=4096 N=4096 K=4096
Time: 48.722254 sec
GFLOPS: 2.8209
Run 3
M=4096 N=4096 K=4096
Time: 49.362214 sec
GFLOPS: 2.7843
Run 4
M=4096 N=4096 K=4096
Time: 49.113636 sec
GFLOPS: 2.7984
Run 5
M=4096 N=4096 K=4096
Time: 48.377482 sec
GFLOPS: 2.8410
Run 6
M=4096 N=4096 K=4096
Time: 48.578624 sec
GFLOPS: 2.8292
