=======================================
Kernel: dgemm_kernel_8x4_zvl128b_lmul4_unroll4
Cluster: 1 (Cores 4-7) General Purpose
Shape: Square (4096 x 4096 x 4096)
=======================================
Run 1
M=4096 N=4096 K=4096
Time: 48.427959 sec
GFLOPS: 2.8380
Run 2
M=4096 N=4096 K=4096
Time: 48.379464 sec
GFLOPS: 2.8409
Run 3
M=4096 N=4096 K=4096
Time: 47.754674 sec
GFLOPS: 2.8780
Run 4
M=4096 N=4096 K=4096
Time: 48.363721 sec
GFLOPS: 2.8418
Run 5
M=4096 N=4096 K=4096
Time: 48.366478 sec
GFLOPS: 2.8416
Run 6
M=4096 N=4096 K=4096
Time: 47.448970 sec
GFLOPS: 2.8966
