=======================================
Kernel: dgemm_kernel_8x4_zvl128b_lmul4_unroll2
Cluster: 1 (Cores 4-7) General Purpose
Shape: Square (4096 x 4096 x 4096)
=======================================
Run 1
M=4096 N=4096 K=4096
Time: 47.930138 sec
GFLOPS: 2.8675
Run 2
M=4096 N=4096 K=4096
Time: 48.775281 sec
GFLOPS: 2.8178
Run 3
M=4096 N=4096 K=4096
Time: 48.692480 sec
GFLOPS: 2.8226
Run 4
M=4096 N=4096 K=4096
Time: 47.971455 sec
GFLOPS: 2.8650
Run 5
M=4096 N=4096 K=4096
Time: 48.736793 sec
GFLOPS: 2.8200
Run 6
M=4096 N=4096 K=4096
Time: 48.819515 sec
GFLOPS: 2.8152
