=======================================
Kernel: dgemm_kernel_8x4_zvl128b_lmul4_unroll8
Cluster: 1 (Cores 4-7) General Purpose
Shape: Square (4096 x 4096 x 4096)
=======================================
Run 1
M=4096 N=4096 K=4096
Time: 47.118552 sec
GFLOPS: 2.9169
Run 2
M=4096 N=4096 K=4096
Time: 47.139457 sec
GFLOPS: 2.9156
Run 3
M=4096 N=4096 K=4096
Time: 47.842560 sec
GFLOPS: 2.8727
Run 4
M=4096 N=4096 K=4096
Time: 47.857640 sec
GFLOPS: 2.8718
Run 5
M=4096 N=4096 K=4096
Time: 48.000695 sec
GFLOPS: 2.8633
Run 6
M=4096 N=4096 K=4096
Time: 48.033930 sec
GFLOPS: 2.8613
