=======================================
Kernel: dgemm_kernel_8x4_zvl128b_lmul1_unroll8
Cluster: 1 (Cores 4-7) General Purpose
Shape: Square (4096 x 4096 x 4096)
=======================================
Run 1
M=4096 N=4096 K=4096
Time: 31.610894 sec
GFLOPS: 4.3478
Run 2
M=4096 N=4096 K=4096
Time: 31.303852 sec
GFLOPS: 4.3905
Run 3
M=4096 N=4096 K=4096
Time: 31.553747 sec
GFLOPS: 4.3557
Run 4
M=4096 N=4096 K=4096
Time: 31.709984 sec
GFLOPS: 4.3342
Run 5
M=4096 N=4096 K=4096
Time: 31.560159 sec
GFLOPS: 4.3548
Run 6
M=4096 N=4096 K=4096
Time: 31.874642 sec
GFLOPS: 4.3119
