=======================================
RVV SGEMM LMUL m8 UNROLL 4 BENCHMARK
Each shape runs 6 times
=======================================
rm -f bench
gcc -O3 -march=rv64gcv_zvl128b -mabi=lp64d -std=c11 -Wall sgemm_kernel_8x8_zvl128b.c sgemm_bench.c -o bench

Shape: Square
Run 1
=======================================
RVV SGEMM LMUL m8 Unroll 4 Benchmark
=======================================
M=4096 N=4096 K=4096
Time: 309.177691 sec
GFLOPS: 0.4445
Run 2
=======================================
RVV SGEMM LMUL m8 Unroll 4 Benchmark
=======================================
M=4096 N=4096 K=4096
Time: 308.044425 sec
GFLOPS: 0.4462
Run 3
=======================================
RVV SGEMM LMUL m8 Unroll 4 Benchmark
=======================================
M=4096 N=4096 K=4096
Time: 308.080868 sec
GFLOPS: 0.4461
Run 4
