=======================================
Kernel: sgemm_kernel_16x8_zvl256b_lmul2_unroll1
Cluster: 1 (Cores 4-7) General Purpose
Shape: Square (4096 x 4096 x 4096)
=======================================
Run 1
M=4096 N=4096 K=4096
Time: 40.060475 sec
GFLOPS: 3.4308
Run 2
M=4096 N=4096 K=4096
Time: 40.208756 sec
GFLOPS: 3.4181
Run 3
M=4096 N=4096 K=4096
Time: 40.062055 sec
GFLOPS: 3.4307
Run 4
M=4096 N=4096 K=4096
Time: 40.205017 sec
GFLOPS: 3.4185
Run 5
M=4096 N=4096 K=4096
Time: 40.079884 sec
GFLOPS: 3.4291
Run 6
M=4096 N=4096 K=4096
Time: 40.237303 sec
GFLOPS: 3.4157
