=======================================
Kernel: sgemm_kernel_16x8_zvl256b_lmul1_unroll4
Cluster: 1 (Cores 4-7) General Purpose
Shape: Square (4096 x 4096 x 4096)
=======================================
Run 1
M=4096 N=4096 K=4096
Time: 12.328747 sec
GFLOPS: 11.1478
Run 2
M=4096 N=4096 K=4096
Time: 12.351043 sec
GFLOPS: 11.1277
Run 3
M=4096 N=4096 K=4096
Time: 12.314866 sec
GFLOPS: 11.1604
Run 4
M=4096 N=4096 K=4096
Time: 12.404970 sec
GFLOPS: 11.0793
Run 5
M=4096 N=4096 K=4096
Time: 12.312984 sec
GFLOPS: 11.1621
Run 6
M=4096 N=4096 K=4096
Time: 12.350762 sec
GFLOPS: 11.1280
