=======================================
Kernel: sgemm_kernel_16x8_zvl256b_lmulmf2_unroll2
Cluster: 1 (Cores 4-7) General Purpose
Shape: Square (4096 x 4096 x 4096)
=======================================
Run 1
M=4096 N=4096 K=4096
Time: 11.898819 sec
GFLOPS: 11.5506
Run 2
M=4096 N=4096 K=4096
Time: 11.917288 sec
GFLOPS: 11.5327
Run 3
M=4096 N=4096 K=4096
Time: 11.911740 sec
GFLOPS: 11.5381
Run 4
M=4096 N=4096 K=4096
Time: 11.901116 sec
GFLOPS: 11.5484
Run 5
M=4096 N=4096 K=4096
Time: 11.884020 sec
GFLOPS: 11.5650
Run 6
M=4096 N=4096 K=4096
Time: 11.889060 sec
GFLOPS: 11.5601
