=======================================
Kernel: sgemm_kernel_16x8_zvl256b_lmul4_unroll2
Cluster: 1 (Cores 4-7) General Purpose
Shape: Square (4096 x 4096 x 4096)
=======================================
Run 1
M=4096 N=4096 K=4096
Time: 203.503218 sec
GFLOPS: 0.6754
Run 2
M=4096 N=4096 K=4096
Time: 203.549975 sec
GFLOPS: 0.6752
Run 3
M=4096 N=4096 K=4096
Time: 202.837086 sec
GFLOPS: 0.6776
Run 4
M=4096 N=4096 K=4096
Time: 203.528165 sec
GFLOPS: 0.6753
Run 5
M=4096 N=4096 K=4096
Time: 202.868113 sec
GFLOPS: 0.6775
Run 6
M=4096 N=4096 K=4096
Time: 203.525527 sec
GFLOPS: 0.6753
