=======================================
Kernel: sgemm_kernel_16x8_zvl256b_lmul4_unroll1
Cluster: 1 (Cores 4-7) General Purpose
Shape: Square (4096 x 4096 x 4096)
=======================================
Run 1
M=4096 N=4096 K=4096
Time: 203.480875 sec
GFLOPS: 0.6754
Run 2
M=4096 N=4096 K=4096
Time: 202.828934 sec
GFLOPS: 0.6776
Run 3
M=4096 N=4096 K=4096
Time: 203.467969 sec
GFLOPS: 0.6755
Run 4
M=4096 N=4096 K=4096
Time: 202.845945 sec
GFLOPS: 0.6776
Run 5
M=4096 N=4096 K=4096
Time: 203.476511 sec
GFLOPS: 0.6755
Run 6
M=4096 N=4096 K=4096
Time: 202.796925 sec
GFLOPS: 0.6777
