=======================================
Kernel: sgemm_kernel_16x8_zvl256b_lmul2_unroll2
Cluster: 1 (Cores 4-7) General Purpose
Shape: Square (4096 x 4096 x 4096)
=======================================
Run 1
M=4096 N=4096 K=4096
Time: 40.067036 sec
GFLOPS: 3.4302
Run 2
M=4096 N=4096 K=4096
Time: 40.066246 sec
GFLOPS: 3.4303
Run 3
M=4096 N=4096 K=4096
Time: 40.087929 sec
GFLOPS: 3.4284
Run 4
M=4096 N=4096 K=4096
Time: 40.212235 sec
GFLOPS: 3.4178
Run 5
M=4096 N=4096 K=4096
Time: 40.067405 sec
GFLOPS: 3.4302
Run 6
M=4096 N=4096 K=4096
Time: 40.140100 sec
GFLOPS: 3.4240
