=======================================
Kernel: sgemm_kernel_16x8_zvl256b_lmulmf2_unroll4
Cluster: 1 (Cores 4-7) General Purpose
Shape: Square (4096 x 4096 x 4096)
=======================================
Run 1
M=4096 N=4096 K=4096
Time: 11.825061 sec
GFLOPS: 11.6227
Run 2
M=4096 N=4096 K=4096
Time: 11.831959 sec
GFLOPS: 11.6159
Run 3
M=4096 N=4096 K=4096
Time: 11.829829 sec
GFLOPS: 11.6180
Run 4
M=4096 N=4096 K=4096
Time: 11.814212 sec
GFLOPS: 11.6334
Run 5
M=4096 N=4096 K=4096
Time: 11.816212 sec
GFLOPS: 11.6314
Run 6
M=4096 N=4096 K=4096
Time: 11.816974 sec
GFLOPS: 11.6306
