=======================================
Kernel: sgemm_kernel_16x8_zvl256b_lmul4_unroll8
Cluster: 1 (Cores 4-7) General Purpose
Shape: Square (4096 x 4096 x 4096)
=======================================
Run 1
M=4096 N=4096 K=4096
Time: 202.852792 sec
GFLOPS: 0.6775
Run 2
M=4096 N=4096 K=4096
Time: 203.487242 sec
GFLOPS: 0.6754
Run 3
M=4096 N=4096 K=4096
Time: 202.831849 sec
GFLOPS: 0.6776
Run 4
M=4096 N=4096 K=4096
Time: 203.101419 sec
GFLOPS: 0.6767
Run 5
M=4096 N=4096 K=4096
Time: 203.226749 sec
GFLOPS: 0.6763
Run 6
M=4096 N=4096 K=4096
Time: 203.478127 sec
GFLOPS: 0.6754
