=======================================
Kernel: sgemm_kernel_16x8_zvl256b_lmul8_unroll2
Cluster: 1 (Cores 4-7) General Purpose
Shape: Square (4096 x 4096 x 4096)
=======================================
Run 1
M=4096 N=4096 K=4096
Time: 382.807144 sec
GFLOPS: 0.3590
Run 2
M=4096 N=4096 K=4096
Time: 381.541495 sec
GFLOPS: 0.3602
Run 3
M=4096 N=4096 K=4096
Time: 382.627403 sec
GFLOPS: 0.3592
Run 4
M=4096 N=4096 K=4096
Time: 381.622615 sec
GFLOPS: 0.3601
Run 5
M=4096 N=4096 K=4096
Time: 382.741077 sec
GFLOPS: 0.3591
Run 6
M=4096 N=4096 K=4096
Time: 381.587676 sec
GFLOPS: 0.3602
