=======================================
Kernel: sgemm_kernel_16x8_zvl256b_lmul1_unroll2
Cluster: 1 (Cores 4-7) General Purpose
Shape: Square (4096 x 4096 x 4096)
=======================================
Run 1
M=4096 N=4096 K=4096
Time: 12.295228 sec
GFLOPS: 11.1782
Run 2
M=4096 N=4096 K=4096
Time: 12.313100 sec
GFLOPS: 11.1620
Run 3
M=4096 N=4096 K=4096
Time: 12.288455 sec
GFLOPS: 11.1844
Run 4
M=4096 N=4096 K=4096
Time: 12.291373 sec
GFLOPS: 11.1817
Run 5
M=4096 N=4096 K=4096
Time: 12.301324 sec
GFLOPS: 11.1727
Run 6
M=4096 N=4096 K=4096
Time: 12.297007 sec
GFLOPS: 11.1766
