=======================================
Kernel: sgemm_kernel_16x8_zvl256b_lmul8_unroll8
Cluster: 1 (Cores 4-7) General Purpose
Shape: Square (4096 x 4096 x 4096)
=======================================
Run 1
M=4096 N=4096 K=4096
Time: 382.900096 sec
GFLOPS: 0.3589
Run 2
M=4096 N=4096 K=4096
Time: 382.909091 sec
GFLOPS: 0.3589
Run 3
M=4096 N=4096 K=4096
Time: 381.885640 sec
GFLOPS: 0.3599
Run 4
M=4096 N=4096 K=4096
Time: 382.354455 sec
GFLOPS: 0.3595
Run 5
M=4096 N=4096 K=4096
Time: 382.953528 sec
GFLOPS: 0.3589
Run 6
M=4096 N=4096 K=4096
Time: 381.606747 sec
GFLOPS: 0.3602
