=======================================
Kernel: dgemm_kernel_8x4_zvl128b_lmul4_unroll8
Core: 0 (AI Cluster - 512KB TCM)
Shape: Square (4096 x 4096 x 4096)
=======================================
Run 1
M=4096 N=4096 K=4096
Time: 48.775174 sec
GFLOPS: 2.8178
Run 2
M=4096 N=4096 K=4096
Time: 47.858580 sec
GFLOPS: 2.8718
Run 3
M=4096 N=4096 K=4096
Time: 48.357878 sec
GFLOPS: 2.8421
Run 4
M=4096 N=4096 K=4096
Time: 47.995387 sec
GFLOPS: 2.8636
Run 5
M=4096 N=4096 K=4096
Time: 48.350708 sec
GFLOPS: 2.8425
Run 6
M=4096 N=4096 K=4096
Time: 48.196469 sec
GFLOPS: 2.8516
