=======================================
Kernel: dgemm_kernel_8x4_zvl128b_lmul8_unroll4
Core: 0 (AI Cluster - 512KB TCM)
Shape: Square (4096 x 4096 x 4096)
=======================================
Run 1
M=4096 N=4096 K=4096
Time: 256.132571 sec
GFLOPS: 0.5366
Run 2
M=4096 N=4096 K=4096
Time: 256.306468 sec
GFLOPS: 0.5362
Run 3
M=4096 N=4096 K=4096
Time: 255.472418 sec
GFLOPS: 0.5380
Run 4
M=4096 N=4096 K=4096
Time: 255.325268 sec
GFLOPS: 0.5383
Run 5
M=4096 N=4096 K=4096
Time: 255.451590 sec
GFLOPS: 0.5380
Run 6
M=4096 N=4096 K=4096
Time: 255.588914 sec
GFLOPS: 0.5377
