=======================================
Kernel: dgemm_kernel_8x4_zvl128b_lmul8_unroll1
Core: 0 (AI Cluster - 512KB TCM)
Shape: Square (4096 x 4096 x 4096)
=======================================
Run 1
M=4096 N=4096 K=4096
Time: 237.447831 sec
GFLOPS: 0.5788
Run 2
M=4096 N=4096 K=4096
Time: 236.489742 sec
GFLOPS: 0.5812
Run 3
M=4096 N=4096 K=4096
Time: 235.907769 sec
GFLOPS: 0.5826
Run 4
M=4096 N=4096 K=4096
Time: 236.415276 sec
GFLOPS: 0.5813
Run 5
M=4096 N=4096 K=4096
Time: 236.256092 sec
GFLOPS: 0.5817
Run 6
M=4096 N=4096 K=4096
Time: 236.558146 sec
GFLOPS: 0.5810
