=======================================
Kernel: dgemm_kernel_8x4_zvl128b_lmul4_unroll2
Core: 0 (AI Cluster - 512KB TCM)
Shape: Square (4096 x 4096 x 4096)
=======================================
Run 1
M=4096 N=4096 K=4096
Time: 48.035057 sec
GFLOPS: 2.8612
Run 2
M=4096 N=4096 K=4096
Time: 47.811259 sec
GFLOPS: 2.8746
Run 3
M=4096 N=4096 K=4096
Time: 48.831411 sec
GFLOPS: 2.8146
Run 4
M=4096 N=4096 K=4096
Time: 48.528961 sec
GFLOPS: 2.8321
Run 5
M=4096 N=4096 K=4096
Time: 47.834707 sec
GFLOPS: 2.8732
Run 6
M=4096 N=4096 K=4096
Time: 48.711373 sec
GFLOPS: 2.8215
