=======================================
Kernel: dgemm_kernel_8x4_zvl128b_lmul8_unroll2
Core: 0 (AI Cluster - 512KB TCM)
Shape: Square (4096 x 4096 x 4096)
=======================================
Run 1
M=4096 N=4096 K=4096
Time: 247.258607 sec
GFLOPS: 0.5559
Run 2
M=4096 N=4096 K=4096
Time: 246.764829 sec
GFLOPS: 0.5570
Run 3
M=4096 N=4096 K=4096
Time: 247.068340 sec
GFLOPS: 0.5563
Run 4
M=4096 N=4096 K=4096
Time: 247.229222 sec
GFLOPS: 0.5559
Run 5
M=4096 N=4096 K=4096
Time: 247.441892 sec
GFLOPS: 0.5554
Run 6
M=4096 N=4096 K=4096
Time: 247.273551 sec
GFLOPS: 0.5558
