=======================================
Kernel: dgemm_kernel_8x4_zvl128b_lmul2_unroll2
Core: 0 (AI Cluster - 512KB TCM)
Shape: Square (4096 x 4096 x 4096)
=======================================
Run 1
M=4096 N=4096 K=4096
Time: 36.068983 sec
GFLOPS: 3.8104
Run 2
M=4096 N=4096 K=4096
Time: 34.745819 sec
GFLOPS: 3.9556
Run 3
M=4096 N=4096 K=4096
Time: 35.180496 sec
GFLOPS: 3.9067
Run 4
M=4096 N=4096 K=4096
Time: 34.782945 sec
GFLOPS: 3.9513
Run 5
M=4096 N=4096 K=4096
Time: 35.921733 sec
GFLOPS: 3.8261
Run 6
M=4096 N=4096 K=4096
Time: 36.204963 sec
GFLOPS: 3.7961
