=======================================
Kernel: dgemm_kernel_8x4_zvl128b_lmul4_unroll4
Core: 0 (AI Cluster - 512KB TCM)
Shape: Square (4096 x 4096 x 4096)
=======================================
Run 1
M=4096 N=4096 K=4096
Time: 48.277804 sec
GFLOPS: 2.8468
Run 2
M=4096 N=4096 K=4096
Time: 47.977758 sec
GFLOPS: 2.8646
Run 3
M=4096 N=4096 K=4096
Time: 48.917012 sec
GFLOPS: 2.8096
Run 4
M=4096 N=4096 K=4096
Time: 48.648314 sec
GFLOPS: 2.8252
Run 5
M=4096 N=4096 K=4096
Time: 48.014247 sec
GFLOPS: 2.8625
Run 6
M=4096 N=4096 K=4096
Time: 48.891399 sec
GFLOPS: 2.8111
