=======================================
Kernel: dgemm_kernel_8x4_zvl128b_lmul8_unroll8
Core: 0 (AI Cluster - 512KB TCM)
Shape: Square (4096 x 4096 x 4096)
=======================================
Run 1
M=4096 N=4096 K=4096
Time: 222.342003 sec
GFLOPS: 0.6181
Run 2
M=4096 N=4096 K=4096
Time: 221.959591 sec
GFLOPS: 0.6192
Run 3
M=4096 N=4096 K=4096
Time: 222.251561 sec
GFLOPS: 0.6184
Run 4
M=4096 N=4096 K=4096
Time: 221.636056 sec
GFLOPS: 0.6201
Run 5
M=4096 N=4096 K=4096
Time: 221.241030 sec
GFLOPS: 0.6212
Run 6
M=4096 N=4096 K=4096
Time: 221.435436 sec
GFLOPS: 0.6207
