=======================================
Kernel: OpenBLAS_Baseline_Kernel_FP32_Fractional-unroll2
Core: 0 (AI Cluster - 512KB TCM)
Shape: Square (4096 x 4096 x 4096)
=======================================
Run 1
=======================================
RVV SGEMM FRACTIONAL LMUL mf2 Benchmark
=======================================
M=4096 N=4096 K=4096
Time: 15.775741 sec
GFLOPS: 8.7120
Run 2
=======================================
RVV SGEMM FRACTIONAL LMUL mf2 Benchmark
=======================================
M=4096 N=4096 K=4096
Time: 15.764916 sec
GFLOPS: 8.7180
Run 3
=======================================
RVV SGEMM FRACTIONAL LMUL mf2 Benchmark
=======================================
M=4096 N=4096 K=4096
Time: 15.764792 sec
GFLOPS: 8.7181
Run 4
=======================================
RVV SGEMM FRACTIONAL LMUL mf2 Benchmark
=======================================
M=4096 N=4096 K=4096
Time: 15.955829 sec
GFLOPS: 8.6137
Run 5
=======================================
RVV SGEMM FRACTIONAL LMUL mf2 Benchmark
=======================================
M=4096 N=4096 K=4096
Time: 15.756594 sec
GFLOPS: 8.7226
Run 6
=======================================
RVV SGEMM FRACTIONAL LMUL mf2 Benchmark
=======================================
M=4096 N=4096 K=4096
Time: 15.756048 sec
GFLOPS: 8.7229
