=======================================
Kernel: sgemm_kernel_8x8_zvl128b_lmul4_unroll8
Core: 0 (AI Cluster - 512KB TCM)
Shape: Square (4096 x 4096 x 4096)
=======================================
Run 1
=======================================
RVV SGEMM LMUL m4 Unroll 8 Benchmark
=======================================
M=4096 N=4096 K=4096
Time: 76.879045 sec
GFLOPS: 1.7877
Run 2
=======================================
RVV SGEMM LMUL m4 Unroll 8 Benchmark
=======================================
M=4096 N=4096 K=4096
Time: 76.853222 sec
GFLOPS: 1.7883
Run 3
=======================================
RVV SGEMM LMUL m4 Unroll 8 Benchmark
=======================================
M=4096 N=4096 K=4096
Time: 76.673772 sec
GFLOPS: 1.7925
Run 4
=======================================
RVV SGEMM LMUL m4 Unroll 8 Benchmark
=======================================
M=4096 N=4096 K=4096
Time: 76.856106 sec
GFLOPS: 1.7883
Run 5
=======================================
RVV SGEMM LMUL m4 Unroll 8 Benchmark
=======================================
M=4096 N=4096 K=4096
Time: 76.875971 sec
GFLOPS: 1.7878
Run 6
=======================================
RVV SGEMM LMUL m4 Unroll 8 Benchmark
=======================================
M=4096 N=4096 K=4096
Time: 76.659866 sec
GFLOPS: 1.7928
