=======================================
Kernel: sgemm_kernel_8x8_zvl128b_lmul4_unroll2
Core: 0 (AI Cluster - 512KB TCM)
Shape: Square (4096 x 4096 x 4096)
=======================================
Run 1
=======================================
RVV SGEMM LMUL m4 Benchmark
=======================================
M=4096 N=4096 K=4096
Time: 87.920117 sec
GFLOPS: 1.5632
Run 2
=======================================
RVV SGEMM LMUL m4 Benchmark
=======================================
M=4096 N=4096 K=4096
Time: 87.894684 sec
GFLOPS: 1.5637
Run 3
=======================================
RVV SGEMM LMUL m4 Benchmark
=======================================
M=4096 N=4096 K=4096
Time: 87.895439 sec
GFLOPS: 1.5637
Run 4
=======================================
RVV SGEMM LMUL m4 Benchmark
=======================================
M=4096 N=4096 K=4096
Time: 87.725530 sec
GFLOPS: 1.5667
Run 5
=======================================
RVV SGEMM LMUL m4 Benchmark
=======================================
M=4096 N=4096 K=4096
Time: 87.907252 sec
GFLOPS: 1.5635
Run 6
=======================================
RVV SGEMM LMUL m4 Benchmark
=======================================
M=4096 N=4096 K=4096
Time: 87.894953 sec
GFLOPS: 1.5637
