=======================================
Kernel: sgemm_kernel_8x8_zvl128b_lmul8_unroll8
Core: 0 (AI Cluster - 512KB TCM)
Shape: Square (4096 x 4096 x 4096)
=======================================
Run 1
=======================================
RVV SGEMM LMUL m8 Unroll 8 Benchmark
=======================================
M=4096 N=4096 K=4096
Time: 313.238338 sec
GFLOPS: 0.4388
Run 2
=======================================
RVV SGEMM LMUL m8 Unroll 8 Benchmark
=======================================
M=4096 N=4096 K=4096
Time: 313.134402 sec
GFLOPS: 0.4389
Run 3
=======================================
RVV SGEMM LMUL m8 Unroll 8 Benchmark
=======================================
M=4096 N=4096 K=4096
Time: 312.918652 sec
GFLOPS: 0.4392
Run 4
=======================================
RVV SGEMM LMUL m8 Unroll 8 Benchmark
=======================================
M=4096 N=4096 K=4096
Time: 313.231832 sec
GFLOPS: 0.4388
Run 5
=======================================
RVV SGEMM LMUL m8 Unroll 8 Benchmark
=======================================
M=4096 N=4096 K=4096
Time: 312.599489 sec
GFLOPS: 0.4397
Run 6
=======================================
RVV SGEMM LMUL m8 Unroll 8 Benchmark
=======================================
M=4096 N=4096 K=4096
Time: 313.319056 sec
GFLOPS: 0.4387
