=======================================
Kernel: sgemm_kernel_8x8_zvl128b_lmul8_unroll2
Core: 0 (AI Cluster - 512KB TCM)
Shape: Square (4096 x 4096 x 4096)
=======================================
Run 1
=======================================
RVV SGEMM LMUL m8 Benchmark
=======================================
M=4096 N=4096 K=4096
Time: 246.177105 sec
GFLOPS: 0.5583
Run 2
=======================================
RVV SGEMM LMUL m8 Benchmark
=======================================
M=4096 N=4096 K=4096
Time: 246.182142 sec
GFLOPS: 0.5583
Run 3
=======================================
RVV SGEMM LMUL m8 Benchmark
=======================================
M=4096 N=4096 K=4096
Time: 246.096955 sec
GFLOPS: 0.5585
Run 4
=======================================
RVV SGEMM LMUL m8 Benchmark
=======================================
M=4096 N=4096 K=4096
Time: 246.135340 sec
GFLOPS: 0.5584
Run 5
=======================================
RVV SGEMM LMUL m8 Benchmark
=======================================
M=4096 N=4096 K=4096
Time: 246.191409 sec
GFLOPS: 0.5583
Run 6
=======================================
RVV SGEMM LMUL m8 Benchmark
=======================================
M=4096 N=4096 K=4096
Time: 246.172780 sec
GFLOPS: 0.5583
