=======================================
Kernel: sgemm_kernel_8x8_zvl128b_lmul2_unroll2
Core: 0 (AI Cluster - 512KB TCM)
Shape: Square (4096 x 4096 x 4096)
=======================================
Run 1
=======================================
RVV SGEMM LMUL m2 Unroll 2 Benchmark
=======================================
M=4096 N=4096 K=4096
Time: 23.633860 sec
GFLOPS: 5.8153
Run 2
=======================================
RVV SGEMM LMUL m2 Unroll 2 Benchmark
=======================================
M=4096 N=4096 K=4096
Time: 23.637510 sec
GFLOPS: 5.8144
Run 3
=======================================
RVV SGEMM LMUL m2 Unroll 2 Benchmark
=======================================
M=4096 N=4096 K=4096
Time: 23.632999 sec
GFLOPS: 5.8156
Run 4
=======================================
RVV SGEMM LMUL m2 Unroll 2 Benchmark
=======================================
M=4096 N=4096 K=4096
Time: 23.638663 sec
GFLOPS: 5.8142
Run 5
=======================================
RVV SGEMM LMUL m2 Unroll 2 Benchmark
=======================================
M=4096 N=4096 K=4096
Time: 23.876244 sec
GFLOPS: 5.7563
Run 6
=======================================
RVV SGEMM LMUL m2 Unroll 2 Benchmark
=======================================
M=4096 N=4096 K=4096
Time: 23.634932 sec
GFLOPS: 5.8151
