=======================================
Kernel: sgemm_kernel_8x8_zvl128b_lmul1_unroll4
Core: 0 (AI Cluster - 512KB TCM)
Shape: Square (4096 x 4096 x 4096)
=======================================
Run 1
=======================================
RVV SGEMM LMUL m1 Unroll 4 Benchmark
=======================================
M=4096 N=4096 K=4096
Time: 16.856418 sec
GFLOPS: 8.1535
Run 2
=======================================
RVV SGEMM LMUL m1 Unroll 4 Benchmark
=======================================
M=4096 N=4096 K=4096
Time: 16.864478 sec
GFLOPS: 8.1496
Run 3
=======================================
RVV SGEMM LMUL m1 Unroll 4 Benchmark
=======================================
M=4096 N=4096 K=4096
Time: 16.854667 sec
GFLOPS: 8.1544
Run 4
=======================================
RVV SGEMM LMUL m1 Unroll 4 Benchmark
=======================================
M=4096 N=4096 K=4096
Time: 16.857690 sec
GFLOPS: 8.1529
Run 5
=======================================
RVV SGEMM LMUL m1 Unroll 4 Benchmark
=======================================
M=4096 N=4096 K=4096
Time: 16.858739 sec
GFLOPS: 8.1524
Run 6
=======================================
RVV SGEMM LMUL m1 Unroll 4 Benchmark
=======================================
M=4096 N=4096 K=4096
Time: 17.094695 sec
GFLOPS: 8.0399
