=======================================
Kernel: sgemm_kernel_8x8_zvl128b_lmul8_unroll4
Core: 0 (AI Cluster - 512KB TCM)
Shape: Square (4096 x 4096 x 4096)
=======================================
Run 1
=======================================
RVV SGEMM LMUL m8 Unroll 4 Benchmark
=======================================
M=4096 N=4096 K=4096
Time: 313.371803 sec
GFLOPS: 0.4386
Run 2
=======================================
RVV SGEMM LMUL m8 Unroll 4 Benchmark
=======================================
M=4096 N=4096 K=4096
Time: 313.988106 sec
GFLOPS: 0.4377
Run 3
=======================================
RVV SGEMM LMUL m8 Unroll 4 Benchmark
=======================================
M=4096 N=4096 K=4096
Time: 313.802771 sec
GFLOPS: 0.4380
Run 4
=======================================
RVV SGEMM LMUL m8 Unroll 4 Benchmark
=======================================
M=4096 N=4096 K=4096
Time: 314.021567 sec
GFLOPS: 0.4377
Run 5
=======================================
RVV SGEMM LMUL m8 Unroll 4 Benchmark
=======================================
M=4096 N=4096 K=4096
Time: 314.014823 sec
GFLOPS: 0.4377
Run 6
=======================================
RVV SGEMM LMUL m8 Unroll 4 Benchmark
=======================================
M=4096 N=4096 K=4096
Time: 313.816215 sec
GFLOPS: 0.4380
