=======================================
Kernel: sgemm_kernel_8x8_zvl128b_lmul1_unroll8
Core: 0 (AI Cluster - 512KB TCM)
Shape: Square (4096 x 4096 x 4096)
=======================================
Run 1
=======================================
RVV SGEMM LMUL m1 Unroll 8 Benchmark
=======================================
M=4096 N=4096 K=4096
Time: 17.000014 sec
GFLOPS: 8.0846
Run 2
=======================================
RVV SGEMM LMUL m1 Unroll 8 Benchmark
=======================================
M=4096 N=4096 K=4096
Time: 17.003022 sec
GFLOPS: 8.0832
Run 3
=======================================
RVV SGEMM LMUL m1 Unroll 8 Benchmark
=======================================
M=4096 N=4096 K=4096
Time: 16.983320 sec
GFLOPS: 8.0926
Run 4
=======================================
RVV SGEMM LMUL m1 Unroll 8 Benchmark
=======================================
M=4096 N=4096 K=4096
Time: 16.981729 sec
GFLOPS: 8.0933
Run 5
=======================================
RVV SGEMM LMUL m1 Unroll 8 Benchmark
=======================================
M=4096 N=4096 K=4096
Time: 16.981531 sec
GFLOPS: 8.0934
Run 6
=======================================
RVV SGEMM LMUL m1 Unroll 8 Benchmark
=======================================
M=4096 N=4096 K=4096
Time: 17.233069 sec
GFLOPS: 7.9753
