=======================================
Kernel: sgemm_kernel_8x8_zvl128b_lmul4_unroll4
Core: 0 (AI Cluster - 512KB TCM)
Shape: Square (4096 x 4096 x 4096)
=======================================
Run 1
=======================================
RVV SGEMM LMUL m4 Unroll 4 Benchmark
=======================================
M=4096 N=4096 K=4096
Time: 87.746267 sec
GFLOPS: 1.5663
Run 2
=======================================
RVV SGEMM LMUL m4 Unroll 4 Benchmark
=======================================
M=4096 N=4096 K=4096
Time: 87.750264 sec
GFLOPS: 1.5663
Run 3
=======================================
RVV SGEMM LMUL m4 Unroll 4 Benchmark
=======================================
M=4096 N=4096 K=4096
Time: 87.740941 sec
GFLOPS: 1.5664
Run 4
=======================================
RVV SGEMM LMUL m4 Unroll 4 Benchmark
=======================================
M=4096 N=4096 K=4096
Time: 87.564267 sec
GFLOPS: 1.5696
Run 5
=======================================
RVV SGEMM LMUL m4 Unroll 4 Benchmark
=======================================
M=4096 N=4096 K=4096
Time: 87.738384 sec
GFLOPS: 1.5665
Run 6
=======================================
RVV SGEMM LMUL m4 Unroll 4 Benchmark
=======================================
M=4096 N=4096 K=4096
Time: 87.736682 sec
GFLOPS: 1.5665
