=======================================
Kernel: sgemm_kernel_8x8_zvl128b_lmul4_unroll1
Core: 0 (AI Cluster - 512KB TCM)
Shape: Square (4096 x 4096 x 4096)
=======================================
Run 1
=======================================
RVV SGEMM LMUL m4 No Unroll Benchmark
=======================================
M=4096 N=4096 K=4096
Time: 75.426095 sec
GFLOPS: 1.8222
Run 2
=======================================
RVV SGEMM LMUL m4 No Unroll Benchmark
=======================================
M=4096 N=4096 K=4096
Time: 75.551558 sec
GFLOPS: 1.8191
Run 3
=======================================
RVV SGEMM LMUL m4 No Unroll Benchmark
=======================================
M=4096 N=4096 K=4096
Time: 75.440160 sec
GFLOPS: 1.8218
Run 4
=======================================
RVV SGEMM LMUL m4 No Unroll Benchmark
=======================================
M=4096 N=4096 K=4096
Time: 75.508798 sec
GFLOPS: 1.8202
Run 5
=======================================
RVV SGEMM LMUL m4 No Unroll Benchmark
=======================================
M=4096 N=4096 K=4096
Time: 75.585626 sec
GFLOPS: 1.8183
Run 6
=======================================
RVV SGEMM LMUL m4 No Unroll Benchmark
=======================================
M=4096 N=4096 K=4096
Time: 75.438138 sec
GFLOPS: 1.8219
