=======================================
Kernel: sgemm_kernel_8x8_zvl128b_lmul2_unroll8
Core: 0 (AI Cluster - 512KB TCM)
Shape: Square (4096 x 4096 x 4096)
=======================================
Run 1
=======================================
RVV SGEMM LMUL m2 Unroll 8 Benchmark
=======================================
M=4096 N=4096 K=4096
Time: 23.905461 sec
GFLOPS: 5.7493
Run 2
=======================================
RVV SGEMM LMUL m2 Unroll 8 Benchmark
=======================================
M=4096 N=4096 K=4096
Time: 23.912553 sec
GFLOPS: 5.7476
Run 3
=======================================
RVV SGEMM LMUL m2 Unroll 8 Benchmark
=======================================
M=4096 N=4096 K=4096
Time: 24.079900 sec
GFLOPS: 5.7076
Run 4
=======================================
RVV SGEMM LMUL m2 Unroll 8 Benchmark
=======================================
M=4096 N=4096 K=4096
Time: 23.952003 sec
GFLOPS: 5.7381
Run 5
=======================================
RVV SGEMM LMUL m2 Unroll 8 Benchmark
=======================================
M=4096 N=4096 K=4096
Time: 23.977167 sec
GFLOPS: 5.7321
Run 6
=======================================
RVV SGEMM LMUL m2 Unroll 8 Benchmark
=======================================
M=4096 N=4096 K=4096
Time: 23.970544 sec
GFLOPS: 5.7337
