=======================================
Kernel: sgemm_kernel_8x8_zvl128b_lmul1_unroll1
Core: 0 (AI Cluster - 512KB TCM)
Shape: Square (4096 x 4096 x 4096)
=======================================
Run 1
=======================================
RVV SGEMM LMUL m1 No Unroll Benchmark
=======================================
M=4096 N=4096 K=4096
Time: 18.562374 sec
GFLOPS: 7.4042
Run 2
=======================================
RVV SGEMM LMUL m1 No Unroll Benchmark
=======================================
M=4096 N=4096 K=4096
Time: 18.582805 sec
GFLOPS: 7.3960
Run 3
=======================================
RVV SGEMM LMUL m1 No Unroll Benchmark
=======================================
M=4096 N=4096 K=4096
Time: 18.570989 sec
GFLOPS: 7.4007
Run 4
=======================================
RVV SGEMM LMUL m1 No Unroll Benchmark
=======================================
M=4096 N=4096 K=4096
Time: 18.574628 sec
GFLOPS: 7.3993
Run 5
=======================================
RVV SGEMM LMUL m1 No Unroll Benchmark
=======================================
M=4096 N=4096 K=4096
Time: 18.565090 sec
GFLOPS: 7.4031
Run 6
=======================================
RVV SGEMM LMUL m1 No Unroll Benchmark
=======================================
M=4096 N=4096 K=4096
Time: 18.799721 sec
GFLOPS: 7.3107
