=======================================
Kernel: sgemm_kernel_8x8_zvl128b_lmul8_unroll1
Core: 0 (AI Cluster - 512KB TCM)
Shape: Square (4096 x 4096 x 4096)
=======================================
Run 1
=======================================
RVV SGEMM LMUL m8 No Unroll Benchmark
=======================================
M=4096 N=4096 K=4096
Time: 252.701376 sec
GFLOPS: 0.5439
Run 2
=======================================
RVV SGEMM LMUL m8 No Unroll Benchmark
=======================================
M=4096 N=4096 K=4096
Time: 252.851275 sec
GFLOPS: 0.5436
Run 3
=======================================
RVV SGEMM LMUL m8 No Unroll Benchmark
=======================================
M=4096 N=4096 K=4096
Time: 252.826195 sec
GFLOPS: 0.5436
Run 4
=======================================
RVV SGEMM LMUL m8 No Unroll Benchmark
=======================================
M=4096 N=4096 K=4096
Time: 252.957911 sec
GFLOPS: 0.5433
Run 5
=======================================
RVV SGEMM LMUL m8 No Unroll Benchmark
=======================================
M=4096 N=4096 K=4096
Time: 252.781288 sec
GFLOPS: 0.5437
Run 6
=======================================
RVV SGEMM LMUL m8 No Unroll Benchmark
=======================================
M=4096 N=4096 K=4096
Time: 252.651281 sec
GFLOPS: 0.5440
