=======================================
Kernel: sgemm_kernel_8x8_zvl128b_lmul2_unroll4
Core: 0 (AI Cluster - 512KB TCM)
Shape: Square (4096 x 4096 x 4096)
=======================================
Run 1
=======================================
RVV SGEMM LMUL m2 Unroll 4 Benchmark
=======================================
M=4096 N=4096 K=4096
Time: 23.506723 sec
GFLOPS: 5.8468
Run 2
=======================================
RVV SGEMM LMUL m2 Unroll 4 Benchmark
=======================================
M=4096 N=4096 K=4096
Time: 23.335322 sec
GFLOPS: 5.8897
Run 3
=======================================
RVV SGEMM LMUL m2 Unroll 4 Benchmark
=======================================
M=4096 N=4096 K=4096
Time: 23.380804 sec
GFLOPS: 5.8783
Run 4
=======================================
RVV SGEMM LMUL m2 Unroll 4 Benchmark
=======================================
M=4096 N=4096 K=4096
Time: 23.403897 sec
GFLOPS: 5.8725
Run 5
=======================================
RVV SGEMM LMUL m2 Unroll 4 Benchmark
=======================================
M=4096 N=4096 K=4096
Time: 23.391715 sec
GFLOPS: 5.8755
Run 6
=======================================
RVV SGEMM LMUL m2 Unroll 4 Benchmark
=======================================
M=4096 N=4096 K=4096
Time: 23.621486 sec
GFLOPS: 5.8184
