=======================================
Kernel: dgemm_kernel_8x4_zvl128b_lmul2_unroll1
Core: 4 (General Cluster)
Shape: Square (4096 x 4096 x 4096)
=======================================
Run 1
M=4096 N=4096 K=4096
Time: 34.526949 sec
GFLOPS: 3.9806
Run 2
M=4096 N=4096 K=4096
Time: 34.317407 sec
GFLOPS: 4.0049
Run 3
M=4096 N=4096 K=4096
Time: 35.310437 sec
GFLOPS: 3.8923
Run 4
M=4096 N=4096 K=4096
Time: 35.557953 sec
GFLOPS: 3.8652
Run 5
M=4096 N=4096 K=4096
Time: 35.266569 sec
GFLOPS: 3.8971
Run 6
M=4096 N=4096 K=4096
Time: 35.346052 sec
GFLOPS: 3.8884
