=======================================
Kernel: dgemm_kernel_8x4_zvl128b_lmul2_unroll8
Core: 4 (General Cluster)
Shape: Square (4096 x 4096 x 4096)
=======================================
Run 1
M=4096 N=4096 K=4096
Time: 35.336600 sec
GFLOPS: 3.8894
Run 2
M=4096 N=4096 K=4096
Time: 35.086135 sec
GFLOPS: 3.9172
Run 3
M=4096 N=4096 K=4096
Time: 33.980469 sec
GFLOPS: 4.0446
Run 4
M=4096 N=4096 K=4096
Time: 34.198045 sec
GFLOPS: 4.0189
Run 5
M=4096 N=4096 K=4096
Time: 34.254318 sec
GFLOPS: 4.0123
Run 6
M=4096 N=4096 K=4096
Time: 34.239139 sec
GFLOPS: 4.0141
