=======================================
Kernel: dgemm_kernel_8x4_zvl128b_lmul8_unroll4
Core: 4 (General Cluster)
Shape: Square (4096 x 4096 x 4096)
=======================================
Run 1
M=4096 N=4096 K=4096
Time: 250.209581 sec
GFLOPS: 0.5493
Run 2
M=4096 N=4096 K=4096
Time: 250.273709 sec
GFLOPS: 0.5492
Run 3
M=4096 N=4096 K=4096
Time: 250.255072 sec
GFLOPS: 0.5492
Run 4
M=4096 N=4096 K=4096
Time: 250.201010 sec
GFLOPS: 0.5493
Run 5
M=4096 N=4096 K=4096
Time: 250.289766 sec
GFLOPS: 0.5491
Run 6
M=4096 N=4096 K=4096
Time: 250.186681 sec
GFLOPS: 0.5493
