=======================================
Kernel: dgemm_kernel_8x4_zvl128b_lmul8_unroll2
Core: 4 (General Cluster)
Shape: Square (4096 x 4096 x 4096)
=======================================
Run 1
M=4096 N=4096 K=4096
Time: 244.460210 sec
GFLOPS: 0.5622
Run 2
M=4096 N=4096 K=4096
Time: 244.511794 sec
GFLOPS: 0.5621
Run 3
M=4096 N=4096 K=4096
Time: 244.484853 sec
GFLOPS: 0.5622
Run 4
M=4096 N=4096 K=4096
Time: 244.540010 sec
GFLOPS: 0.5620
Run 5
M=4096 N=4096 K=4096
Time: 244.540633 sec
GFLOPS: 0.5620
Run 6
M=4096 N=4096 K=4096
Time: 244.581889 sec
GFLOPS: 0.5619
