=======================================
Kernel: OpenBLAS_Baseline_Kernel_FP32_Fractional-unroll8
Shape: Square (4096 x 4096 x 4096)
=======================================
Run 1
=======================================
RVV SGEMM FRACTIONAL LMUL mf2 UNROLL8 Benchmark
=======================================
M=4096 N=4096 K=4096
Time: 15.697901 sec
GFLOPS: 8.7552
Run 2
=======================================
RVV SGEMM FRACTIONAL LMUL mf2 UNROLL8 Benchmark
=======================================
M=4096 N=4096 K=4096
Time: 15.716333 sec
GFLOPS: 8.7450
Run 3
=======================================
RVV SGEMM FRACTIONAL LMUL mf2 UNROLL8 Benchmark
=======================================
M=4096 N=4096 K=4096
Time: 15.671421 sec
GFLOPS: 8.7700
Run 4
=======================================
RVV SGEMM FRACTIONAL LMUL mf2 UNROLL8 Benchmark
=======================================
M=4096 N=4096 K=4096
Time: 15.626933 sec
GFLOPS: 8.7950
Run 5
=======================================
RVV SGEMM FRACTIONAL LMUL mf2 UNROLL8 Benchmark
=======================================
M=4096 N=4096 K=4096
Time: 15.727927 sec
GFLOPS: 8.7385
Run 6
=======================================
RVV SGEMM FRACTIONAL LMUL mf2 UNROLL8 Benchmark
=======================================
M=4096 N=4096 K=4096
Time: 15.648461 sec
GFLOPS: 8.7829
