=======================================
Kernel: sgemm_kernel_8x8_zvl128b_lmul1_unroll1
Shape: Square (4096 x 4096 x 4096)
=======================================
Run 1
=======================================
RVV SGEMM LMUL m1 No Unroll Benchmark
=======================================
M=4096 N=4096 K=4096
Time: 18.695770 sec
GFLOPS: 7.3513
Run 2
=======================================
RVV SGEMM LMUL m1 No Unroll Benchmark
=======================================
M=4096 N=4096 K=4096
Time: 18.607016 sec
GFLOPS: 7.3864
Run 3
=======================================
RVV SGEMM LMUL m1 No Unroll Benchmark
=======================================
M=4096 N=4096 K=4096
Time: 18.968860 sec
GFLOPS: 7.2455
Run 4
=======================================
RVV SGEMM LMUL m1 No Unroll Benchmark
=======================================
M=4096 N=4096 K=4096
Time: 18.660150 sec
GFLOPS: 7.3654
Run 5
=======================================
RVV SGEMM LMUL m1 No Unroll Benchmark
=======================================
M=4096 N=4096 K=4096
Time: 18.942098 sec
GFLOPS: 7.2557
Run 6
=======================================
RVV SGEMM LMUL m1 No Unroll Benchmark
=======================================
M=4096 N=4096 K=4096
Time: 18.944293 sec
GFLOPS: 7.2549
