=======================================
Kernel: sgemm_kernel_8x8_zvl128b_lmul4_unroll1
Shape: Square (4096 x 4096 x 4096)
=======================================
Run 1
=======================================
RVV SGEMM LMUL m4 No Unroll Benchmark
=======================================
M=4096 N=4096 K=4096
Time: 75.887769 sec
GFLOPS: 1.8111
Run 2
=======================================
RVV SGEMM LMUL m4 No Unroll Benchmark
=======================================
M=4096 N=4096 K=4096
Time: 75.329149 sec
GFLOPS: 1.8245
Run 3
=======================================
RVV SGEMM LMUL m4 No Unroll Benchmark
=======================================
M=4096 N=4096 K=4096
Time: 75.922295 sec
GFLOPS: 1.8103
Run 4
=======================================
RVV SGEMM LMUL m4 No Unroll Benchmark
=======================================
M=4096 N=4096 K=4096
Time: 75.344939 sec
GFLOPS: 1.8241
Run 5
=======================================
RVV SGEMM LMUL m4 No Unroll Benchmark
=======================================
M=4096 N=4096 K=4096
Time: 75.904961 sec
GFLOPS: 1.8107
Run 6
=======================================
RVV SGEMM LMUL m4 No Unroll Benchmark
=======================================
M=4096 N=4096 K=4096
Time: 75.362147 sec
GFLOPS: 1.8237
