=======================================
Kernel: sgemm_kernel_8x8_zvl128b_lmul1_unroll4
Shape: Square (4096 x 4096 x 4096)
=======================================
Run 1
=======================================
RVV SGEMM LMUL m1 Unroll 4 Benchmark
=======================================
M=4096 N=4096 K=4096
Time: 16.672390 sec
GFLOPS: 8.2435
Run 2
=======================================
RVV SGEMM LMUL m1 Unroll 4 Benchmark
=======================================
M=4096 N=4096 K=4096
Time: 16.761752 sec
GFLOPS: 8.1996
Run 3
=======================================
RVV SGEMM LMUL m1 Unroll 4 Benchmark
=======================================
M=4096 N=4096 K=4096
Time: 16.777830 sec
GFLOPS: 8.1917
Run 4
=======================================
RVV SGEMM LMUL m1 Unroll 4 Benchmark
=======================================
M=4096 N=4096 K=4096
Time: 16.639430 sec
GFLOPS: 8.2598
Run 5
=======================================
RVV SGEMM LMUL m1 Unroll 4 Benchmark
=======================================
M=4096 N=4096 K=4096
Time: 16.658474 sec
GFLOPS: 8.2504
Run 6
=======================================
RVV SGEMM LMUL m1 Unroll 4 Benchmark
=======================================
M=4096 N=4096 K=4096
Time: 16.634729 sec
GFLOPS: 8.2622
