=======================================
Kernel: sgemm_kernel_8x8_zvl128b_lmul2_unroll8
Shape: Square (4096 x 4096 x 4096)
=======================================
Run 1
=======================================
RVV SGEMM LMUL m2 Unroll 8 Benchmark
=======================================
M=4096 N=4096 K=4096
Time: 23.882744 sec
GFLOPS: 5.7547
Run 2
=======================================
RVV SGEMM LMUL m2 Unroll 8 Benchmark
=======================================
M=4096 N=4096 K=4096
Time: 23.882956 sec
GFLOPS: 5.7547
Run 3
=======================================
RVV SGEMM LMUL m2 Unroll 8 Benchmark
=======================================
M=4096 N=4096 K=4096
Time: 23.871086 sec
GFLOPS: 5.7575
Run 4
=======================================
RVV SGEMM LMUL m2 Unroll 8 Benchmark
=======================================
M=4096 N=4096 K=4096
Time: 23.906396 sec
GFLOPS: 5.7490
Run 5
=======================================
RVV SGEMM LMUL m2 Unroll 8 Benchmark
=======================================
M=4096 N=4096 K=4096
Time: 23.884525 sec
GFLOPS: 5.7543
Run 6
=======================================
RVV SGEMM LMUL m2 Unroll 8 Benchmark
=======================================
M=4096 N=4096 K=4096
Time: 23.880322 sec
GFLOPS: 5.7553
