=======================================
Kernel: sgemm_kernel_8x8_zvl128b_lmul8_unroll4
Shape: Square (4096 x 4096 x 4096)
=======================================
Run 1
=======================================
RVV SGEMM LMUL m8 Unroll 4 Benchmark
=======================================
M=4096 N=4096 K=4096
Time: 311.776120 sec
GFLOPS: 0.4408
Run 2
=======================================
RVV SGEMM LMUL m8 Unroll 4 Benchmark
=======================================
M=4096 N=4096 K=4096
Time: 311.795528 sec
GFLOPS: 0.4408
Run 3
=======================================
RVV SGEMM LMUL m8 Unroll 4 Benchmark
=======================================
M=4096 N=4096 K=4096
Time: 312.707238 sec
GFLOPS: 0.4395
Run 4
=======================================
RVV SGEMM LMUL m8 Unroll 4 Benchmark
=======================================
M=4096 N=4096 K=4096
Time: 311.643107 sec
GFLOPS: 0.4410
Run 5
=======================================
RVV SGEMM LMUL m8 Unroll 4 Benchmark
=======================================
M=4096 N=4096 K=4096
Time: 312.619033 sec
GFLOPS: 0.4396
Run 6
=======================================
RVV SGEMM LMUL m8 Unroll 4 Benchmark
=======================================
M=4096 N=4096 K=4096
Time: 311.637810 sec
GFLOPS: 0.4410
