=======================================
Kernel: sgemm_kernel_8x8_zvl128b_lmul4_unroll4
Shape: Square (4096 x 4096 x 4096)
=======================================
Run 1
=======================================
RVV SGEMM LMUL m4 Unroll 4 Benchmark
=======================================
M=4096 N=4096 K=4096
Time: 88.601339 sec
GFLOPS: 1.5512
Run 2
=======================================
RVV SGEMM LMUL m4 Unroll 4 Benchmark
=======================================
M=4096 N=4096 K=4096
Time: 88.318857 sec
GFLOPS: 1.5562
Run 3
=======================================
RVV SGEMM LMUL m4 Unroll 4 Benchmark
=======================================
M=4096 N=4096 K=4096
Time: 88.590049 sec
GFLOPS: 1.5514
Run 4
=======================================
RVV SGEMM LMUL m4 Unroll 4 Benchmark
=======================================
M=4096 N=4096 K=4096
Time: 87.699373 sec
GFLOPS: 1.5672
Run 5
=======================================
RVV SGEMM LMUL m4 Unroll 4 Benchmark
=======================================
M=4096 N=4096 K=4096
Time: 88.636101 sec
GFLOPS: 1.5506
Run 6
=======================================
RVV SGEMM LMUL m4 Unroll 4 Benchmark
=======================================
M=4096 N=4096 K=4096
Time: 88.345921 sec
GFLOPS: 1.5557
