=======================================
Kernel: sgemm_kernel_8x8_zvl128b_lmul8_unroll8
Shape: Square (4096 x 4096 x 4096)
=======================================
Run 1
=======================================
RVV SGEMM LMUL m8 Unroll 8 Benchmark
=======================================
M=4096 N=4096 K=4096
Time: 312.224016 sec
GFLOPS: 0.4402
Run 2
=======================================
RVV SGEMM LMUL m8 Unroll 8 Benchmark
=======================================
M=4096 N=4096 K=4096
Time: 311.244514 sec
GFLOPS: 0.4416
Run 3
=======================================
RVV SGEMM LMUL m8 Unroll 8 Benchmark
=======================================
M=4096 N=4096 K=4096
Time: 312.282960 sec
GFLOPS: 0.4401
Run 4
=======================================
RVV SGEMM LMUL m8 Unroll 8 Benchmark
=======================================
M=4096 N=4096 K=4096
Time: 311.851964 sec
GFLOPS: 0.4407
Run 5
=======================================
RVV SGEMM LMUL m8 Unroll 8 Benchmark
=======================================
M=4096 N=4096 K=4096
Time: 311.246277 sec
GFLOPS: 0.4416
Run 6
=======================================
RVV SGEMM LMUL m8 Unroll 8 Benchmark
=======================================
M=4096 N=4096 K=4096
Time: 311.327581 sec
GFLOPS: 0.4415
