=======================================
Kernel: sgemm_kernel_8x8_zvl128b_lmul1_unroll2
Shape: Square (4096 x 4096 x 4096)
=======================================
Run 1
=======================================
RVV SGEMM LMUL m1 Benchmark
=======================================
M=4096 N=4096 K=4096
Time: 17.841994 sec
GFLOPS: 7.7031
Run 2
=======================================
RVV SGEMM LMUL m1 Benchmark
=======================================
M=4096 N=4096 K=4096
Time: 17.563083 sec
GFLOPS: 7.8254
Run 3
=======================================
RVV SGEMM LMUL m1 Benchmark
=======================================
M=4096 N=4096 K=4096
Time: 17.733918 sec
GFLOPS: 7.7501
Run 4
=======================================
RVV SGEMM LMUL m1 Benchmark
=======================================
M=4096 N=4096 K=4096
Time: 17.461620 sec
GFLOPS: 7.8709
Run 5
=======================================
RVV SGEMM LMUL m1 Benchmark
=======================================
M=4096 N=4096 K=4096
Time: 17.715683 sec
GFLOPS: 7.7580
Run 6
=======================================
RVV SGEMM LMUL m1 Benchmark
=======================================
M=4096 N=4096 K=4096
Time: 17.542541 sec
GFLOPS: 7.8346
