=======================================
Kernel: sgemm_kernel_8x8_zvl128b_lmul1_unroll8
Shape: Square (4096 x 4096 x 4096)
=======================================
Run 1
=======================================
RVV SGEMM LMUL m1 Unroll 8 Benchmark
=======================================
M=4096 N=4096 K=4096
Time: 16.980852 sec
GFLOPS: 8.0938
Run 2
=======================================
RVV SGEMM LMUL m1 Unroll 8 Benchmark
=======================================
M=4096 N=4096 K=4096
Time: 16.857309 sec
GFLOPS: 8.1531
Run 3
=======================================
RVV SGEMM LMUL m1 Unroll 8 Benchmark
=======================================
M=4096 N=4096 K=4096
Time: 16.899041 sec
GFLOPS: 8.1329
Run 4
=======================================
RVV SGEMM LMUL m1 Unroll 8 Benchmark
=======================================
M=4096 N=4096 K=4096
Time: 16.805132 sec
GFLOPS: 8.1784
Run 5
=======================================
RVV SGEMM LMUL m1 Unroll 8 Benchmark
=======================================
M=4096 N=4096 K=4096
Time: 16.911393 sec
GFLOPS: 8.1270
Run 6
=======================================
RVV SGEMM LMUL m1 Unroll 8 Benchmark
=======================================
M=4096 N=4096 K=4096
Time: 16.887334 sec
GFLOPS: 8.1386
