=======================================
Kernel: sgemm_kernel_8x8_zvl128b_lmul8_unroll1
Shape: Square (4096 x 4096 x 4096)
=======================================
Run 1
=======================================
RVV SGEMM LMUL m8 No Unroll Benchmark
=======================================
M=4096 N=4096 K=4096
Time: 252.162153 sec
GFLOPS: 0.5450
Run 2
=======================================
RVV SGEMM LMUL m8 No Unroll Benchmark
=======================================
M=4096 N=4096 K=4096
Time: 251.288685 sec
GFLOPS: 0.5469
Run 3
=======================================
RVV SGEMM LMUL m8 No Unroll Benchmark
=======================================
M=4096 N=4096 K=4096
Time: 252.258468 sec
GFLOPS: 0.5448
Run 4
=======================================
RVV SGEMM LMUL m8 No Unroll Benchmark
=======================================
M=4096 N=4096 K=4096
Time: 251.246697 sec
GFLOPS: 0.5470
Run 5
=======================================
RVV SGEMM LMUL m8 No Unroll Benchmark
=======================================
M=4096 N=4096 K=4096
Time: 251.256346 sec
GFLOPS: 0.5470
Run 6
=======================================
RVV SGEMM LMUL m8 No Unroll Benchmark
=======================================
M=4096 N=4096 K=4096
Time: 252.158626 sec
GFLOPS: 0.5450
