=======================================
Kernel: sgemm_kernel_8x8_zvl128b_lmul4_unroll8
Shape: Square (4096 x 4096 x 4096)
=======================================
Run 1
=======================================
RVV SGEMM LMUL m4 Unroll 8 Benchmark
=======================================
M=4096 N=4096 K=4096
Time: 76.139664 sec
GFLOPS: 1.8051
Run 2
=======================================
RVV SGEMM LMUL m4 Unroll 8 Benchmark
=======================================
M=4096 N=4096 K=4096
Time: 75.825769 sec
GFLOPS: 1.8126
Run 3
=======================================
RVV SGEMM LMUL m4 Unroll 8 Benchmark
=======================================
M=4096 N=4096 K=4096
Time: 76.235060 sec
GFLOPS: 1.8028
Run 4
=======================================
RVV SGEMM LMUL m4 Unroll 8 Benchmark
=======================================
M=4096 N=4096 K=4096
Time: 76.062880 sec
GFLOPS: 1.8069
Run 5
=======================================
RVV SGEMM LMUL m4 Unroll 8 Benchmark
=======================================
M=4096 N=4096 K=4096
Time: 76.326859 sec
GFLOPS: 1.8007
Run 6
=======================================
RVV SGEMM LMUL m4 Unroll 8 Benchmark
=======================================
M=4096 N=4096 K=4096
Time: 75.891480 sec
GFLOPS: 1.8110
