=======================================
Kernel: sgemm_kernel_8x8_zvl128b_lmul2_unroll4
Shape: Square (4096 x 4096 x 4096)
=======================================
Run 1
=======================================
RVV SGEMM LMUL m2 Unroll 4 Benchmark
=======================================
M=4096 N=4096 K=4096
Time: 23.247788 sec
GFLOPS: 5.9119
Run 2
=======================================
RVV SGEMM LMUL m2 Unroll 4 Benchmark
=======================================
M=4096 N=4096 K=4096
Time: 23.341704 sec
GFLOPS: 5.8881
Run 3
=======================================
RVV SGEMM LMUL m2 Unroll 4 Benchmark
=======================================
M=4096 N=4096 K=4096
Time: 23.263585 sec
GFLOPS: 5.9079
Run 4
=======================================
RVV SGEMM LMUL m2 Unroll 4 Benchmark
=======================================
M=4096 N=4096 K=4096
Time: 23.239958 sec
GFLOPS: 5.9139
Run 5
=======================================
RVV SGEMM LMUL m2 Unroll 4 Benchmark
=======================================
M=4096 N=4096 K=4096
Time: 23.338160 sec
GFLOPS: 5.8890
Run 6
=======================================
RVV SGEMM LMUL m2 Unroll 4 Benchmark
=======================================
M=4096 N=4096 K=4096
Time: 23.238174 sec
GFLOPS: 5.9144
