=======================================
Kernel: sgemm_kernel_8x8_zvl128b_lmul4_unroll2
Shape: Square (4096 x 4096 x 4096)
=======================================
Run 1
=======================================
RVV SGEMM LMUL m4 Benchmark
=======================================
M=4096 N=4096 K=4096
Time: 87.386978 sec
GFLOPS: 1.5728
Run 2
=======================================
RVV SGEMM LMUL m4 Benchmark
=======================================
M=4096 N=4096 K=4096
Time: 87.226759 sec
GFLOPS: 1.5757
Run 3
=======================================
RVV SGEMM LMUL m4 Benchmark
=======================================
M=4096 N=4096 K=4096
Time: 87.357414 sec
GFLOPS: 1.5733
Run 4
=======================================
RVV SGEMM LMUL m4 Benchmark
=======================================
M=4096 N=4096 K=4096
Time: 87.269143 sec
GFLOPS: 1.5749
Run 5
=======================================
RVV SGEMM LMUL m4 Benchmark
=======================================
M=4096 N=4096 K=4096
Time: 87.370649 sec
GFLOPS: 1.5731
Run 6
=======================================
RVV SGEMM LMUL m4 Benchmark
=======================================
M=4096 N=4096 K=4096
Time: 87.679133 sec
GFLOPS: 1.5675
