=======================================
Kernel: sgemm_kernel_8x8_zvl128b_lmul8_unroll2
Shape: Square (4096 x 4096 x 4096)
=======================================
Run 1
=======================================
RVV SGEMM LMUL m8 Benchmark
=======================================
M=4096 N=4096 K=4096
Time: 251.410232 sec
GFLOPS: 0.5467
Run 2
=======================================
RVV SGEMM LMUL m8 Benchmark
=======================================
M=4096 N=4096 K=4096
Time: 250.737701 sec
GFLOPS: 0.5481
Run 3
=======================================
RVV SGEMM LMUL m8 Benchmark
=======================================
M=4096 N=4096 K=4096
Time: 252.609233 sec
GFLOPS: 0.5441
Run 4
=======================================
RVV SGEMM LMUL m8 Benchmark
=======================================
M=4096 N=4096 K=4096
Time: 252.766122 sec
GFLOPS: 0.5437
Run 5
=======================================
RVV SGEMM LMUL m8 Benchmark
=======================================
M=4096 N=4096 K=4096
Time: 249.492883 sec
GFLOPS: 0.5509
Run 6
=======================================
RVV SGEMM LMUL m8 Benchmark
=======================================
M=4096 N=4096 K=4096
Time: 247.960606 sec
GFLOPS: 0.5543
